IQ-TREE multicore version 1.6.12 for Linux 64-bit built Aug 15 2019
Developed by Bui Quang Minh, Nguyen Lam Tung, Olga Chernomor,
Heiko Schmidt, Dominik Schrempf, Michael Woodhams.

Host:    LauraDesktop (AVX2, FMA3, 23 GB RAM)
Command: iqtree -s data/alignments_trimmed/MIKC_orthogroup_selection-basal-v8_guide-v4_aligned-mafft-einsi_trim-gt5.fasta -m MFP -bb 2000 -alrt 2000 -nt AUTO -ntmax 4 -pre analyses/MIKC_orthogroup_selection-basal-v8_guide-v4_trees/aligned-mafft-einsi_trim-gt5/MIKC_orthogroup_selection-basal-v8_guide-v4_aligned-mafft-einsi_trim-gt5_iqtree-bb2000-alrt2000
Seed:    316796 (Using SPRNG - Scalable Parallel Random Number Generator)
Time:    Wed Aug 19 15:39:33 2020
Kernel:  AVX+FMA - auto-detect threads (4 CPU cores detected)

Reading alignment file data/alignments_trimmed/MIKC_orthogroup_selection-basal-v8_guide-v4_aligned-mafft-einsi_trim-gt5.fasta ... Fasta format detected
Alignment most likely contains protein sequences
Alignment has 126 sequences with 181 columns, 181 distinct patterns
176 parsimony-informative, 4 singleton sites, 1 constant sites
                                             Gap/Ambiguity  Composition  p-value
   1  cgMADS1_BAD88436                               6.63%    passed     81.32%
   2  CRM1_CAA69276                                  1.66%    passed     70.40%
   3  CRM2_CAA69277                                 23.20%    passed     53.37%
   4  CRM3_CAA69407                                  0.00%    passed     38.54%
   5  CRM4_CAA69408                                 13.26%    passed     43.03%
   6  CRM5_CAA69409                                 13.26%    failed      1.42%
   7  CRM6_CAA69410                                 13.26%    passed     94.41%
   8  CRM7_CAA69411                                 13.26%    passed     13.41%
   9  OPM1_CAA69412                                 11.60%    passed     98.14%
  10  CMADS1_AAC24492                                0.00%    passed     92.13%
  11  CMADS2_AAC24493                                1.66%    passed     72.29%
  12  CMADS3_AAC24319                                1.66%    passed     70.40%
  13  CMADS4_AAC24320                                6.63%    passed     99.44%
  14  CMADS6_AAC24325                               22.65%    passed     35.25%
  15  SmMADS6                                        0.00%    passed     88.92%
  16  SmMADS3                                        0.00%    passed     13.57%
  17  SmMADS1                                        2.76%    passed     88.83%
  18  PPM1_Pp012G078200                              2.21%    passed     92.62%
  19  PPM2_Pp003G125000                              2.21%    passed     98.49%
  20  PpMADS1_Pp004G002000                           2.21%    passed     68.95%
  21  PpMADS_S                                       2.21%    passed     94.33%
  22  PPMC5_Pp017G019900                             2.21%    passed     93.69%
  23  PPMC6_Pp014G056100                             2.21%    passed     93.77%
  24  PI                                             6.63%    passed     60.31%
  25  AP3                                            3.87%    passed     66.70%
  26  AGL2_SEP1                                      0.00%    passed     44.34%
  27  AGL6                                           0.00%    passed     78.57%
  28  AGL8_FUL                                       0.00%    passed     90.85%
  29  AGL25_FLC                                      4.42%    passed     14.74%
  30  AG                                             0.00%    failed      4.51%
  31  AGL12                                          0.00%    passed     69.10%
  32  AGL15                                          3.31%    passed     88.39%
  33  AGL17                                          0.00%    passed     98.92%
  34  AGL20_SOC1                                     0.00%    passed     72.23%
  35  AGL22_SVP                                      0.55%    passed     94.16%
  36  AGL32_ABS                                      3.31%    passed      6.34%
  37  AGL33                                         49.72%    passed     24.57%
  38  OsMADS2                                        6.63%    passed     82.88%
  39  OsMADS16                                       4.42%    passed     34.88%
  40  OsMADS55                                      13.26%    passed     90.75%
  41  OsMADS30                                       1.10%    passed     44.15%
  42  OsMADS6                                        0.00%    passed     86.97%
  43  OsMADS8                                        0.00%    passed     87.62%
  44  OsMADS15                                       0.00%    passed     45.64%
  45  OsMADS23                                      12.15%    passed     98.32%
  46  OsMADS26                                       3.31%    passed     23.94%
  47  OsMADS3                                        0.00%    passed     10.34%
  48  AtSTK_Homeotic_D                               0.00%    passed     11.37%
  49  AtAP1_Homeotic_A                               0.00%    passed     79.64%
  50  OsMADS14_Homeotic_A                            0.00%    passed     27.60%
  51  MpMADS2                                        0.55%    passed     99.34%
  52  Azfi_s0028.g024032_manually_reannotated        4.42%    passed     31.44%
  53  PIVW-2001489-Ceratopteris_thalictroides       13.26%    passed     67.37%
  54  IRBN-2000158-Scapania_nemorosa                20.44%    passed     88.52%
  55  ENQF-2084602-Lycopodium_annotinum              0.00%    passed     73.93%
  56  PIVW-2016418-Ceratopteris_thalictroides        0.00%    passed     16.36%
  57  FFPD-2013099-Ceratodon_purpureus               2.21%    passed     88.82%
  58  CVEG-2124355-Azolla_cf._caroliniana           14.36%    passed     92.63%
  59  PIVW-2002304-Ceratopteris_thalictroides       28.18%    passed     70.57%
  60  PIVW-2019843-Ceratopteris_thalictroides        6.63%    passed     83.86%
  61  RDOO-2000812-Racomitrium_varium               12.71%    passed     74.81%
  62  PIVW-2004036-Ceratopteris_thalictroides        4.97%    passed     77.79%
  63  ENQF-2007944-Lycopodium_annotinum              3.31%    passed     65.25%
  64  PIVW-2020998-Ceratopteris_thalictroides        6.63%    passed     94.29%
  65  UPMJ-2005050-Pseudolycopodiella_caroliniana    4.97%    passed     98.70%
  66  PIVW-2004304-Ceratopteris_thalictroides       27.07%    passed     98.61%
  67  PIVW-2000174-Ceratopteris_thalictroides       19.89%    passed     79.01%
  68  ENQF-2004632-Lycopodium_annotinum             20.44%    passed     30.22%
  69  PIVW-2000450-Ceratopteris_thalictroides        4.97%    passed     65.90%
  70  QMWB-2056566-Anomodon_attenuatus              30.39%    passed     96.46%
  71  RDOO-2000811-Racomitrium_varium               12.71%    passed     74.81%
  72  CBAE-2013716-Huperzia_myrisinites              3.87%    passed     97.91%
  73  UPMJ-2005049-Pseudolycopodiella_caroliniana    4.97%    passed     98.70%
  74  CBAE-2013582-Huperzia_myrisinites              0.00%    passed     99.50%
  75  PIVW-2008000-Ceratopteris_thalictroides        6.63%    passed     10.77%
  76  UPMJ-2014960-Pseudolycopodiella_caroliniana    0.00%    passed     87.38%
  77  PIVW-2004305-Ceratopteris_thalictroides       14.92%    passed     97.67%
  78  LGOW-2012213-Schistochila_sp.                 14.36%    passed     89.90%
  79  PIVW-2004303-Ceratopteris_thalictroides       24.31%    passed     98.16%
  80  PIVW-2001491-Ceratopteris_thalictroides       16.02%    passed     80.09%
  81  ENQF-2004631-Lycopodium_annotinum             20.44%    passed     30.22%
  82  PIVW-2001490-Ceratopteris_thalictroides       16.02%    passed     75.83%
  83  FFPD-2013100-Ceratodon_purpureus               2.21%    passed     82.27%
  84  UPMJ-2002417-Pseudolycopodiella_caroliniana   22.10%    passed     33.01%
  85  PIVW-2002392-Ceratopteris_thalictroides        5.52%    failed      0.30%
  86  CBAE-2009937-Huperzia_myrisinites              7.18%    passed     96.97%
  87  PIVW-2019502-Ceratopteris_thalictroides        3.87%    passed     56.26%
  88  FFPD-2057947-Ceratodon_purpureus               2.21%    passed     93.25%
  89  CVEG-2033633-Azolla_cf._caroliniana            4.97%    passed     84.23%
  90  ENQF-2015023-Lycopodium_annotinum              0.00%    passed     96.74%
  91  PIVW-2004035-Ceratopteris_thalictroides        4.97%    passed     77.79%
  92  UPMJ-2008884-Pseudolycopodiella_caroliniana   15.47%    passed     98.95%
  93  PIVW-2003993-Ceratopteris_thalictroides        5.52%    passed     77.98%
  94  PIVW-2003992-Ceratopteris_thalictroides        5.52%    passed     77.98%
  95  PIVW-2009413-Ceratopteris_thalictroides       16.57%    passed     86.86%
  96  CBAE-2012867-Huperzia_myrisinites              6.63%    passed     99.49%
  97  PIVW-2000173-Ceratopteris_thalictroides       18.78%    passed     82.23%
  98  UPMJ-2017788-Pseudolycopodiella_caroliniana    0.55%    passed     91.41%
  99  PIVW-2004302-Ceratopteris_thalictroides       27.07%    passed     97.33%
 100  PIVW-2009414-Ceratopteris_thalictroides       16.57%    passed     86.86%
 101  PIVW-2007999-Ceratopteris_thalictroides        6.63%    passed     10.77%
 102  NRWZ-2014421-Metzgeria_crassipilis             0.55%    passed     96.69%
 103  PIVW-2001493-Ceratopteris_thalictroides       13.26%    passed     67.37%
 104  RDOO-2015055-Racomitrium_varium                9.39%    passed     93.23%
 105  CVEG-2123825-Azolla_cf._caroliniana           17.13%    passed     90.00%
 106  CVEG-2010487-Azolla_cf._caroliniana           16.02%    passed     98.70%
 107  XMGP-2014150-Juniperus_scopulorum              7.18%    passed     87.49%
 108  JZVE-2034291-Parasitaxus_usta                 11.05%    passed     98.36%
 109  XMGP-2012223-Juniperus_scopulorum             11.05%    passed     87.32%
 110  XMGP-2002769-Juniperus_scopulorum             15.47%    passed     91.42%
 111  JZVE-2035359-Parasitaxus_usta                 16.57%    passed     17.19%
 112  JZVE-2036348-Parasitaxus_usta                  0.00%    passed     65.31%
 113  JZVE-2036124-Parasitaxus_usta                  4.42%    passed     57.72%
 114  JZVE-2032691-Parasitaxus_usta                 16.57%    passed     66.57%
 115  JZVE-2006929-Parasitaxus_usta                  1.10%    passed     87.99%
 116  JZVE-2007309-Parasitaxus_usta                 22.10%    passed     93.46%
 117  JZVE-2003013-Parasitaxus_usta                 15.47%    passed     94.87%
 118  XMGP-2009071-Juniperus_scopulorum             16.02%    passed     94.88%
 119  XMGP-2003328-Juniperus_scopulorum              6.08%    passed     23.30%
 120  JZVE-2003919-Parasitaxus_usta                 12.15%    passed     62.57%
 121  JZVE-2004736-Parasitaxus_usta                  1.10%    passed     96.67%
 122  XMGP-2007459-Juniperus_scopulorum              2.21%    passed     33.32%
 123  XMGP-2058097-Juniperus_scopulorum              4.42%    passed     82.33%
 124  JZVE-2004735-Parasitaxus_usta                 11.05%    passed     94.38%
 125  JZVE-2036946-Parasitaxus_usta                  0.00%    passed     85.93%
 126  JZVE-2007246-Parasitaxus_usta                  0.00%    passed     35.63%
****  TOTAL                                          8.09%  3 sequences failed composition chi2 test (p-value<5%; df=19)
NOTE: CMADS3_AAC24319 is identical to CRM1_CAA69276 but kept for subsequent analysis
NOTE: PIVW-2001493-Ceratopteris_thalictroides is identical to PIVW-2001489-Ceratopteris_thalictroides but kept for subsequent analysis
NOTE: RDOO-2000811-Racomitrium_varium is identical to RDOO-2000812-Racomitrium_varium but kept for subsequent analysis
NOTE: PIVW-2004035-Ceratopteris_thalictroides is identical to PIVW-2004036-Ceratopteris_thalictroides but kept for subsequent analysis
NOTE: UPMJ-2005049-Pseudolycopodiella_caroliniana is identical to UPMJ-2005050-Pseudolycopodiella_caroliniana but kept for subsequent analysis
NOTE: ENQF-2004631-Lycopodium_annotinum is identical to ENQF-2004632-Lycopodium_annotinum but kept for subsequent analysis
NOTE: PIVW-2007999-Ceratopteris_thalictroides is identical to PIVW-2008000-Ceratopteris_thalictroides but kept for subsequent analysis
NOTE: PIVW-2003992-Ceratopteris_thalictroides is identical to PIVW-2003993-Ceratopteris_thalictroides but kept for subsequent analysis
NOTE: PIVW-2009414-Ceratopteris_thalictroides is identical to PIVW-2009413-Ceratopteris_thalictroides but kept for subsequent analysis


Create initial parsimony tree by phylogenetic likelihood library (PLL)... 0.063 seconds
NOTE: ModelFinder requires 41 MB RAM!
ModelFinder will test 546 protein models (sample size: 181) ...
 No. Model         -LnL         df  AIC          AICc         BIC
Measuring multi-threading efficiency up to 4 CPU cores
Increase to 10 rounds for branch lengths
30 trees examined
Threads: 1 / Time: 4.035 sec / Speedup: 1.000 / Efficiency: 100% / LogL: -37953
Threads: 2 / Time: 2.274 sec / Speedup: 1.774 / Efficiency: 89% / LogL: -37953
Threads: 3 / Time: 2.926 sec / Speedup: 1.379 / Efficiency: 46% / LogL: -37953
BEST NUMBER OF THREADS: 2

  1  Dayhoff       25479.227    249 51456.455    175956.455   52252.881
  2  Dayhoff+I     25456.800    250 51413.599    176913.599   52213.223
  3  Dayhoff+G4    24117.565    250 48735.129    174235.129   49534.753
  4  Dayhoff+I+G4  24117.486    251 48736.972    175240.972   49539.795
  5  Dayhoff+R2    24356.123    251 49214.246    175718.246   50017.069
  6  Dayhoff+R3    24213.958    253 48933.916    177457.916   49743.136
  7  Dayhoff+R4    24102.088    255 48714.177    179274.177   49529.794
  8  Dayhoff+R5    24077.027    257 48668.053    181280.053   49490.067
  9  Dayhoff+R6    24069.176    259 48656.352    183336.352   49484.763
 10  Dayhoff+R7    24065.831    261 48653.663    185417.663   49488.470
 14  Dayhoff+F     25472.114    268 51480.229    195664.229   52337.426
 15  Dayhoff+F+I   25440.181    269 51418.362    196678.362   52278.758
 16  Dayhoff+F+G4  24059.522    269 48657.045    193917.045   49517.441
 17  Dayhoff+F+I+G4 24058.965    270 48657.931    194997.931   49521.525
 18  Dayhoff+F+R2  24325.835    270 49191.671    195531.671   50055.265
 19  Dayhoff+F+R3  24162.651    272 48869.301    197381.301   49739.293
 20  Dayhoff+F+R4  24058.727    274 48665.454    199365.454   49541.842
 21  Dayhoff+F+R5  24030.711    276 48613.422    201517.422   49496.207
 22  Dayhoff+F+R6  24021.991    278 48599.982    203723.982   49489.165
 23  Dayhoff+F+R7  24017.407    280 48594.815    205954.815   49490.394
 27  mtMAM         27755.666    249 56009.331    180509.331   56805.757
 28  mtMAM+I       27734.130    250 55968.260    181468.260   56767.885
 29  mtMAM+G4      25198.503    250 50897.005    176397.005   51696.629
 30  mtMAM+I+G4    25198.526    251 50899.052    177403.052   51701.875
 31  mtMAM+R2      25662.639    251 51827.277    178331.277   52630.100
 32  mtMAM+R3      25362.932    253 51231.865    179755.865   52041.084
 33  mtMAM+R4      25220.383    255 50950.766    181510.766   51766.383
 34  mtMAM+R5      25172.717    257 50859.434    183471.434   51681.447
 35  mtMAM+R6      25152.357    259 50822.714    185502.714   51651.125
 36  mtMAM+R7      25141.708    261 50805.417    187569.417   51640.224
 37  mtMAM+R8      25128.421    263 50782.842    189646.842   51624.047
 38  mtMAM+R9      25118.762    265 50767.525    191747.525   51615.126
 39  mtMAM+R10     25113.663    267 50761.326    193873.326   51615.325
 40  mtMAM+F       26267.874    268 53071.747    197255.747   53928.945
 41  mtMAM+F+I     26235.996    269 53009.992    198269.992   53870.388
 42  mtMAM+F+G4    24409.323    269 49356.647    194616.647   50217.042
 43  mtMAM+F+I+G4  24408.454    270 49356.907    195696.907   50220.502
 44  mtMAM+F+R2    24755.690    270 50051.380    196391.380   50914.975
 45  mtMAM+F+R3    24493.000    272 49530.000    198042.000   50399.991
 46  mtMAM+F+R4    24418.409    274 49384.817    200084.817   50261.205
 47  mtMAM+F+R5    24375.933    276 49303.866    202207.866   50186.651
 48  mtMAM+F+R6    24358.547    278 49273.093    204397.093   50162.275
 49  mtMAM+F+R7    24350.126    280 49260.253    206620.253   50155.832
 50  mtMAM+F+R8    24340.753    282 49245.506    208857.506   50147.482
 51  mtMAM+F+R9    24337.593    284 49243.187    211123.187   50151.560
 53  JTT           25167.522    249 50833.043    175333.043   51629.469
 54  JTT+I         25138.146    250 50776.292    176276.292   51575.917
 55  JTT+G4        23771.428    250 48042.856    173542.856   48842.480
 56  JTT+I+G4      23770.581    251 48043.161    174547.161   48845.984
 57  JTT+R2        24006.183    251 48514.367    175018.367   49317.190
 58  JTT+R3        23834.961    253 48175.922    176699.922   48985.142
 59  JTT+R4        23753.693    255 48017.387    178577.387   48833.003
 60  JTT+R5        23729.319    257 47972.639    180584.639   48794.653
 61  JTT+R6        23715.383    259 47948.765    182628.765   48777.176
 62  JTT+R7        23711.726    261 47945.452    184709.452   48780.260
 66  JTT+F         25209.739    268 50955.478    195139.478   51812.675
 67  JTT+F+I       25170.058    269 50878.116    196138.116   51738.512
 68  JTT+F+G4      23770.360    269 48078.721    193338.721   48939.116
 69  JTT+F+I+G4    23767.164    270 48074.329    194414.329   48937.923
 70  JTT+F+R2      24030.785    270 48601.571    194941.571   49465.165
 71  JTT+F+R3      23839.726    272 48223.452    196735.452   49093.444
 72  JTT+F+R4      23757.245    274 48062.490    198762.490   48938.878
 73  JTT+F+R5      23738.536    276 48029.073    200933.073   48911.858
 74  JTT+F+R6      23724.988    278 48005.975    203129.975   48895.157
 75  JTT+F+R7      23721.100    280 48002.199    205362.199   48897.779
 79  WAG           25227.627    249 50953.254    175453.254   51749.680
 80  WAG+I         25193.116    250 50886.233    176386.233   51685.857
 81  WAG+G4        23957.205    250 48414.410    173914.410   49214.035
 82  WAG+I+G4      23954.830    251 48411.661    174915.661   49214.484
 83  WAG+R2        24205.781    251 48913.562    175417.562   49716.385
 84  WAG+R3        24026.301    253 48558.602    177082.602   49367.822
 85  WAG+R4        23939.722    255 48389.444    178949.444   49205.061
 86  WAG+R5        23919.170    257 48352.339    180964.339   49174.353
 87  WAG+R6        23909.664    259 48337.329    183017.329   49165.739
 88  WAG+R7        23907.069    261 48336.137    185100.137   49170.945
 92  WAG+F         25429.117    268 51394.233    195578.233   52251.430
 93  WAG+F+I       25384.887    269 51307.774    196567.774   52168.170
 94  WAG+F+G4      24065.106    269 48668.212    193928.212   49528.608
 95  WAG+F+I+G4    24061.776    270 48663.551    195003.551   49527.145
 96  WAG+F+R2      24364.161    270 49268.323    195608.323   50131.917
 97  WAG+F+R3      24154.989    272 48853.978    197365.978   49723.969
 98  WAG+F+R4      24060.922    274 48669.844    199369.844   49546.233
 99  WAG+F+R5      24041.793    276 48635.587    201539.587   49518.372
100  WAG+F+R6      24033.881    278 48623.763    203747.763   49512.945
101  WAG+F+R7      24033.324    280 48626.649    205986.649   49522.228
105  cpREV         25452.745    249 51403.491    175903.491   52199.917
106  cpREV+I       25398.293    250 51296.585    176796.585   52096.210
107  cpREV+G4      24023.519    250 48547.037    174047.037   49346.661
108  cpREV+I+G4    24018.097    251 48538.194    175042.194   49341.017
109  cpREV+R2      24304.424    251 49110.849    175614.849   49913.672
110  cpREV+R3      24090.947    253 48687.894    177211.894   49497.114
111  cpREV+R4      24012.789    255 48535.579    179095.579   49351.195
112  cpREV+R5      23982.580    257 48479.160    181091.160   49301.174
113  cpREV+R6      23971.719    259 48461.438    183141.438   49289.849
114  cpREV+R7      23969.808    261 48461.617    185225.617   49296.424
118  cpREV+F       25867.898    268 52271.795    196455.795   53128.993
119  cpREV+F+I     25804.374    269 52146.747    197406.747   53007.143
120  cpREV+F+G4    24296.760    269 49131.521    194391.521   49991.916
121  cpREV+F+I+G4  24291.198    270 49122.396    195462.396   49985.990
122  cpREV+F+R2    24651.513    270 49843.025    196183.025   50706.619
123  cpREV+F+R3    24397.874    272 49339.749    197851.749   50209.740
124  cpREV+F+R4    24310.678    274 49169.356    199869.356   50045.744
125  cpREV+F+R5    24273.255    276 49098.511    202002.511   49981.296
126  cpREV+F+R6    24258.354    278 49072.707    204196.707   49961.889
127  cpREV+F+R7    24254.076    280 49068.153    206428.153   49963.732
131  mtREV         26818.628    249 54135.256    178635.256   54931.682
132  mtREV+I       26786.027    250 54072.055    179572.055   54871.679
133  mtREV+G4      25018.387    250 50536.773    176036.773   51336.398
134  mtREV+I+G4    25005.129    251 50512.258    177016.258   51315.081
135  mtREV+R2      25261.497    251 51024.994    177528.994   51827.817
136  mtREV+R3      25059.090    253 50624.180    179148.180   51433.400
137  mtREV+R4      24990.871    255 50491.743    181051.743   51307.359
138  mtREV+R5      24974.257    257 50462.513    183074.513   51284.527
139  mtREV+R6      24951.610    259 50421.219    185101.219   51249.630
140  mtREV+R7      24948.145    261 50418.290    187182.290   51253.097
144  mtREV+F       25695.489    268 51926.977    196110.977   52784.174
145  mtREV+F+I     25650.918    269 51839.835    197099.835   52700.231
146  mtREV+F+G4    24224.148    269 48986.297    194246.297   49846.693
147  mtREV+F+I+G4  24222.566    270 48985.132    195325.132   49848.727
148  mtREV+F+R2    24510.862    270 49561.725    195901.725   50425.319
149  mtREV+F+R3    24292.983    272 49129.966    197641.966   49999.957
150  mtREV+F+R4    24227.935    274 49003.870    199703.870   49880.258
151  mtREV+F+R5    24199.880    276 48951.760    201855.760   49834.545
152  mtREV+F+R6    24181.537    278 48919.074    204043.074   49808.256
153  mtREV+F+R7    24178.639    280 48917.278    206277.278   49812.857
157  rtREV         25437.329    249 51372.657    175872.657   52169.083
158  rtREV+I       25407.559    250 51315.118    176815.118   52114.742
159  rtREV+G4      24066.503    250 48633.007    174133.007   49432.631
160  rtREV+I+G4    24063.528    251 48629.056    175133.056   49431.879
161  rtREV+R2      24303.970    251 49109.941    175613.941   49912.764
162  rtREV+R3      24114.980    253 48735.960    177259.960   49545.180
163  rtREV+R4      24048.382    255 48606.765    179166.765   49422.382
164  rtREV+R5      24025.470    257 48564.939    181176.939   49386.953
165  rtREV+R6      24010.722    259 48539.445    183219.445   49367.855
166  rtREV+R7      24008.445    261 48538.889    185302.889   49373.697
170  rtREV+F       25453.415    268 51442.830    195626.830   52300.027
171  rtREV+F+I     25414.596    269 51367.192    196627.192   52227.587
172  rtREV+F+G4    24040.611    269 48619.222    193879.222   49479.618
173  rtREV+F+I+G4  24037.042    270 48614.084    194954.084   49477.678
174  rtREV+F+R2    24307.422    270 49154.844    195494.844   50018.439
175  rtREV+F+R3    24109.308    272 48762.615    197274.615   49632.606
176  rtREV+F+R4    24032.913    274 48613.827    199313.827   49490.215
177  rtREV+F+R5    24007.183    276 48566.365    201470.365   49449.150
178  rtREV+F+R6    23994.426    278 48544.853    203668.853   49434.035
179  rtREV+F+R7    23992.572    280 48545.144    205905.144   49440.723
183  mtART         27604.072    249 55706.145    180206.145   56502.571
184  mtART+I       27577.441    250 55654.882    181154.882   56454.506
185  mtART+G4      25133.231    250 50766.462    176266.462   51566.086
186  mtART+I+G4    25133.271    251 50768.542    177272.542   51571.365
187  mtART+R2      25516.117    251 51534.234    178038.234   52337.057
188  mtART+R3      25245.236    253 50996.471    179520.471   51805.691
189  mtART+R4      25146.302    255 50802.603    181362.603   51618.220
190  mtART+R5      25102.123    257 50718.246    183330.246   51540.260
191  mtART+R6      25078.789    259 50675.578    185355.578   51503.988
192  mtART+R7      25075.581    261 50673.162    187437.162   51507.970
196  mtART+F       26222.582    268 52981.165    197165.165   53838.362
197  mtART+F+I     26186.626    269 52911.253    198171.253   53771.648
198  mtART+F+G4    24324.788    269 49187.575    194447.575   50047.971
199  mtART+F+I+G4  24322.489    270 49184.978    195524.978   50048.573
200  mtART+F+R2    24680.878    270 49901.755    196241.755   50765.349
201  mtART+F+R3    24427.132    272 49398.265    197910.265   50268.256
202  mtART+F+R4    24351.633    274 49251.266    199951.266   50127.654
203  mtART+F+R5    24311.992    276 49175.984    202079.984   50058.769
204  mtART+F+R6    24294.535    278 49145.070    204269.070   50034.252
205  mtART+F+R7    24292.424    280 49144.848    206504.848   50040.427
209  mtZOA         26709.047    249 53916.094    178416.094   54712.520
210  mtZOA+I       26686.890    250 53873.780    179373.780   54673.405
211  mtZOA+G4      24596.219    250 49692.439    175192.439   50492.063
212  mtZOA+I+G4    24596.220    251 49694.441    176198.441   50497.263
213  mtZOA+R2      24867.967    251 50237.934    176741.934   51040.757
214  mtZOA+R3      24657.309    253 49820.617    178344.617   50629.837
215  mtZOA+R4      24586.927    255 49683.854    180243.854   50499.471
216  mtZOA+R5      24550.562    257 49615.124    182227.124   50437.138
217  mtZOA+R6      24537.716    259 49593.432    184273.432   50421.843
218  mtZOA+R7      24536.404    261 49594.807    186358.807   50429.615
222  mtZOA+F       25788.844    268 52113.688    196297.688   52970.885
223  mtZOA+F+I     25752.433    269 52042.866    197302.866   52903.261
224  mtZOA+F+G4    24118.441    269 48774.882    194034.882   49635.278
225  mtZOA+F+I+G4  24116.062    270 48772.125    195112.125   49635.719
226  mtZOA+F+R2    24426.733    270 49393.466    195733.466   50257.060
227  mtZOA+F+R3    24205.421    272 48954.841    197466.841   49824.832
228  mtZOA+F+R4    24128.454    274 48804.908    199504.908   49681.296
229  mtZOA+F+R5    24098.953    276 48749.905    201653.905   49632.690
230  mtZOA+F+R6    24089.067    278 48734.133    203858.133   49623.315
231  mtZOA+F+R7    24087.575    280 48735.149    206095.149   49630.728
235  VT            25226.159    249 50950.318    175450.318   51746.744
236  VT+I          25192.776    250 50885.552    176385.552   51685.176
237  VT+G4         23973.472    250 48446.944    173946.944   49246.569
238  VT+I+G4       23971.030    251 48444.061    174948.061   49246.883
239  VT+R2         24199.576    251 48901.153    175405.153   49703.975
240  VT+R3         24029.875    253 48565.749    177089.749   49374.969
241  VT+R4         23951.174    255 48412.348    178972.348   49227.965
242  VT+R5         23935.622    257 48385.245    180997.245   49207.259
243  VT+R6         23928.570    259 48375.139    183055.139   49203.550
244  VT+R7         23927.913    261 48377.827    185141.827   49212.634
248  VT+F          25344.635    268 51225.271    195409.271   52082.468
249  VT+F+I        25304.453    269 51146.906    196406.906   52007.302
250  VT+F+G4       24050.699    269 48639.398    193899.398   49499.793
251  VT+F+I+G4     24047.231    270 48634.463    194974.463   49498.057
252  VT+F+R2       24305.159    270 49150.318    195490.318   50013.912
253  VT+F+R3       24116.161    272 48776.322    197288.322   49646.313
254  VT+F+R4       24034.803    274 48617.605    199317.605   49493.994
255  VT+F+R5       24020.648    276 48593.295    201497.295   49476.080
256  VT+F+R6       24015.700    278 48587.399    203711.399   49476.581
261  LG            25177.483    249 50852.967    175352.967   51649.393
262  LG+I          25145.201    250 50790.402    176290.402   51590.027
263  LG+G4         23772.603    250 48045.206    173545.206   48844.831
264  LG+I+G4       23769.488    251 48040.975    174544.975   48843.798
265  LG+R2         24015.365    251 48532.730    175036.730   49335.552
266  LG+R3         23828.951    253 48163.901    176687.901   48973.121
267  LG+R4         23757.239    255 48024.478    178584.478   48840.095
268  LG+R5         23733.976    257 47981.951    180593.951   48803.965
269  LG+R6         23723.866    259 47965.732    182645.732   48794.142
270  LG+R7         23722.082    261 47966.164    184730.164   48800.972
274  LG+F          25344.871    268 51225.743    195409.743   52082.940
275  LG+F+I        25304.288    269 51146.575    196406.575   52006.971
276  LG+F+G4       23892.298    269 48322.597    193582.597   49182.992
277  LG+F+I+G4     23889.336    270 48318.672    194658.672   49182.266
278  LG+F+R2       24173.172    270 48886.343    195226.343   49749.938
279  LG+F+R3       23966.086    272 48476.172    196988.172   49346.163
280  LG+F+R4       23887.792    274 48323.585    199023.585   49199.973
281  LG+F+R5       23868.309    276 48288.618    201192.618   49171.403
282  LG+F+R6       23859.761    278 48275.523    203399.523   49164.705
283  LG+F+R7       23858.442    280 48276.884    205636.884   49172.463
287  DCMut         25478.845    249 51455.691    175955.691   52252.117
288  DCMut+I       25456.394    250 51412.788    176912.788   52212.412
289  DCMut+G4      24119.418    250 48738.835    174238.835   49538.459
290  DCMut+I+G4    24119.333    251 48740.667    175244.667   49543.489
291  DCMut+R2      24357.510    251 49217.019    175721.019   50019.842
292  DCMut+R3      24215.123    253 48936.245    177460.245   49745.465
293  DCMut+R4      24105.298    255 48720.596    179280.596   49536.212
294  DCMut+R5      24080.228    257 48674.456    181286.456   49496.469
295  DCMut+R6      24073.660    259 48665.319    183345.319   49493.730
296  DCMut+R7      24072.728    261 48667.455    185431.455   49502.263
300  DCMut+F       25470.955    268 51477.909    195661.909   52335.107
301  DCMut+F+I     25439.011    269 51416.023    196676.023   52276.418
302  DCMut+F+G4    24060.935    269 48659.870    193919.870   49520.265
303  DCMut+F+I+G4  24060.366    270 48660.732    195000.732   49524.326
304  DCMut+F+R2    24326.693    270 49193.386    195533.386   50056.980
305  DCMut+F+R3    24163.541    272 48871.083    197383.083   49741.074
306  DCMut+F+R4    24062.168    274 48672.336    199372.336   49548.725
307  DCMut+F+R5    24033.674    276 48619.348    201523.348   49502.133
308  DCMut+F+R6    24027.144    278 48610.288    203734.288   49499.470
309  DCMut+F+R7    24026.190    280 48612.379    205972.379   49507.959
313  PMB           25471.870    249 51441.741    175941.741   52238.166
314  PMB+I         25438.364    250 51376.729    176876.729   52176.353
315  PMB+G4        24228.337    250 48956.673    174456.673   49756.298
316  PMB+I+G4      24225.659    251 48953.318    175457.318   49756.141
317  PMB+R2        24445.710    251 49393.421    175897.421   50196.244
318  PMB+R3        24276.982    253 49059.963    177583.963   49869.183
319  PMB+R4        24203.191    255 48916.382    179476.382   49731.999
320  PMB+R5        24184.522    257 48883.045    181495.045   49705.058
321  PMB+R6        24177.190    259 48872.381    183552.381   49700.791
322  PMB+R7        24176.204    261 48874.408    185638.408   49709.215
326  PMB+F         25661.986    268 51859.972    196043.972   52717.170
327  PMB+F+I       25622.393    269 51782.786    197042.786   52643.181
328  PMB+F+G4      24359.972    269 49257.945    194517.945   50118.340
329  PMB+F+I+G4    24356.650    270 49253.301    195593.301   50116.895
330  PMB+F+R2      24618.098    270 49776.196    196116.196   50639.790
331  PMB+F+R3      24432.128    272 49408.257    197920.257   50278.248
332  PMB+F+R4      24346.400    274 49240.800    199940.800   50117.188
333  PMB+F+R5      24333.123    276 49218.246    202122.246   50101.031
334  PMB+F+R6      24325.186    278 49206.371    204330.371   50095.553
335  PMB+F+R7      24324.614    280 49209.228    206569.228   50104.808
339  HIVb          25904.837    249 52307.674    176807.674   53104.100
340  HIVb+I        25850.701    250 52201.403    177701.403   53001.027
341  HIVb+G4       24081.481    250 48662.962    174162.962   49462.587
342  HIVb+I+G4     24077.822    251 48657.645    175161.645   49460.467
343  HIVb+R2       24391.954    251 49285.909    175789.909   50088.731
344  HIVb+R3       24155.954    253 48817.909    177341.909   49627.128
345  HIVb+R4       24077.600    255 48665.201    179225.201   49480.817
346  HIVb+R5       24050.696    257 48615.392    181227.392   49437.405
347  HIVb+R6       24039.765    259 48597.531    183277.531   49425.941
348  HIVb+R7       24037.960    261 48597.920    185361.920   49432.727
352  HIVb+F        25967.780    268 52471.559    196655.559   53328.756
353  HIVb+F+I      25907.789    269 52353.577    197613.577   53213.973
354  HIVb+F+G4     24062.506    269 48663.011    193923.011   49523.407
355  HIVb+F+I+G4   24057.711    270 48655.422    194995.422   49519.016
356  HIVb+F+R2     24389.615    270 49319.231    195659.231   50182.825
357  HIVb+F+R3     24156.530    272 48857.061    197369.061   49727.052
358  HIVb+F+R4     24064.756    274 48677.513    199377.513   49553.901
359  HIVb+F+R5     24035.015    276 48622.031    201526.031   49504.816
360  HIVb+F+R6     24023.811    278 48603.622    203727.622   49492.805
361  HIVb+F+R7     24021.617    280 48603.235    205963.235   49498.814
365  HIVw          26947.216    249 54392.432    178892.432   55188.857
366  HIVw+I        26887.056    250 54274.112    179774.112   55073.736
367  HIVw+G4       25048.582    250 50597.164    176097.164   51396.788
368  HIVw+I+G4     25043.629    251 50589.258    177093.258   51392.081
369  HIVw+R2       25435.123    251 51372.245    177876.245   52175.068
370  HIVw+R3       25150.247    253 50806.494    179330.494   51615.714
371  HIVw+R4       25050.233    255 50610.466    181170.466   51426.083
372  HIVw+R5       25014.353    257 50542.706    183154.706   51364.720
373  HIVw+R6       25006.114    259 50530.228    185210.228   51358.639
374  HIVw+R7       25004.231    261 50530.461    187294.461   51365.269
378  HIVw+F        26769.166    268 54074.333    198258.333   54931.530
379  HIVw+F+I      26696.612    269 53931.223    199191.223   54791.619
380  HIVw+F+G4     24756.325    269 50050.650    195310.650   50911.045
381  HIVw+F+I+G4   24748.703    270 50037.407    196377.407   50901.001
382  HIVw+F+R2     25140.286    270 50820.573    197160.573   51684.167
383  HIVw+F+R3     24891.654    272 50327.308    198839.308   51197.299
384  HIVw+F+R4     24765.302    274 50078.605    200778.605   50954.993
385  HIVw+F+R5     24731.324    276 50014.647    202918.647   50897.433
386  HIVw+F+R6     24719.641    278 49995.282    205119.282   50884.464
387  HIVw+F+R7     24717.328    280 49994.657    207354.657   50890.236
391  JTTDCMut      25168.878    249 50835.756    175335.756   51632.181
392  JTTDCMut+I    25139.784    250 50779.569    176279.569   51579.193
393  JTTDCMut+G4   23776.452    250 48052.904    173552.904   48852.528
394  JTTDCMut+I+G4 23775.620    251 48053.240    174557.240   48856.063
395  JTTDCMut+R2   24012.082    251 48526.165    175030.165   49328.987
396  JTTDCMut+R3   23840.820    253 48187.640    176711.640   48996.860
397  JTTDCMut+R4   23759.286    255 48028.571    178588.571   48844.188
398  JTTDCMut+R5   23736.654    257 47987.308    180599.308   48809.322
399  JTTDCMut+R6   23727.209    259 47972.419    182652.419   48800.830
400  JTTDCMut+R7   23725.805    261 47973.610    184737.610   48808.418
404  JTTDCMut+F    25215.703    268 50967.406    195151.406   51824.603
405  JTTDCMut+F+I  25176.104    269 50890.208    196150.208   51750.604
406  JTTDCMut+F+G4 23778.392    269 48094.784    193354.784   48955.180
407  JTTDCMut+F+I+G4 23775.210    270 48090.420    194430.420   48954.014
408  JTTDCMut+F+R2 24040.391    270 48620.781    194960.781   49484.375
409  JTTDCMut+F+R3 23848.076    272 48240.153    196752.153   49110.144
410  JTTDCMut+F+R4 23765.025    274 48078.049    198778.049   48954.438
411  JTTDCMut+F+R5 23748.041    276 48048.082    200952.082   48930.867
412  JTTDCMut+F+R6 23739.834    278 48035.668    203159.668   48924.850
413  JTTDCMut+F+R7 23738.518    280 48037.036    205397.036   48932.616
417  FLU           25949.981    249 52397.961    176897.961   53194.387
418  FLU+I         25895.572    250 52291.145    177791.145   53090.769
419  FLU+G4        24169.637    250 48839.274    174339.274   49638.898
420  FLU+I+G4      24163.899    251 48829.797    175333.797   49632.620
421  FLU+R2        24483.860    251 49469.719    175973.719   50272.542
422  FLU+R3        24251.512    253 49009.025    177533.025   49818.245
423  FLU+R4        24167.376    255 48844.752    179404.752   49660.369
424  FLU+R5        24141.971    257 48797.942    181409.942   49619.955
425  FLU+R6        24132.719    259 48783.438    183463.438   49611.849
426  FLU+R7        24130.651    261 48783.302    185547.302   49618.110
430  FLU+F         26221.865    268 52979.731    197163.731   53836.928
431  FLU+F+I       26153.258    269 52844.516    198104.516   53704.911
432  FLU+F+G4      24281.961    269 49101.922    194361.922   49962.317
433  FLU+F+I+G4    24273.578    270 49087.156    195427.156   49950.750
434  FLU+F+R2      24632.554    270 49805.108    196145.108   50668.703
435  FLU+F+R3      24400.787    272 49345.574    197857.574   50215.565
436  FLU+F+R4      24289.434    274 49126.868    199826.868   50003.257
437  FLU+F+R5      24261.365    276 49074.730    201978.730   49957.515
438  FLU+F+R6      24251.882    278 49059.764    204183.764   49948.946
439  FLU+F+R7      24250.473    280 49060.945    206420.945   49956.524
443  Blosum62      25448.861    249 51395.722    175895.722   52192.148
444  Blosum62+I    25414.555    250 51329.110    176829.110   52128.734
445  Blosum62+G4   24205.968    250 48911.937    174411.937   49711.561
446  Blosum62+I+G4 24203.392    251 48908.785    175412.785   49711.608
447  Blosum62+R2   24426.540    251 49355.080    175859.080   50157.903
448  Blosum62+R3   24254.021    253 49014.042    177538.042   49823.262
449  Blosum62+R4   24182.285    255 48874.569    179434.569   49690.186
450  Blosum62+R5   24163.362    257 48840.724    181452.724   49662.738
451  Blosum62+R6   24152.833    259 48823.666    183503.666   49652.077
452  Blosum62+R7   24151.322    261 48824.645    185588.645   49659.453
456  Blosum62+F    25700.192    268 51936.383    196120.383   52793.581
457  Blosum62+F+I  25658.786    269 51855.572    197115.572   52715.968
458  Blosum62+F+G4 24394.122    269 49326.243    194586.243   50186.639
459  Blosum62+F+I+G4 24390.660    270 49321.320    195661.320   50184.915
460  Blosum62+F+R2 24658.948    270 49857.896    196197.896   50721.490
461  Blosum62+F+R3 24461.501    272 49467.001    197979.001   50336.993
462  Blosum62+F+R4 24380.859    274 49309.718    200009.718   50186.106
463  Blosum62+F+R5 24364.787    276 49281.575    202185.575   50164.360
464  Blosum62+F+R6 24357.899    278 49271.797    204395.797   50160.979
465  Blosum62+F+R7 24356.812    280 49273.623    206633.623   50169.202
469  mtMet         26731.618    249 53961.235    178461.235   54757.661
470  mtMet+I       26710.206    250 53920.411    179420.411   54720.036
471  mtMet+G4      24777.780    250 50055.561    175555.561   50855.185
472  mtMet+I+G4    24777.672    251 50057.343    176561.343   50860.166
473  mtMet+R2      25081.180    251 50664.360    177168.360   51467.183
474  mtMet+R3      24846.307    253 50198.614    178722.614   51007.834
475  mtMet+R4      24765.304    255 50040.608    180600.608   50856.225
476  mtMet+R5      24737.458    257 49988.916    182600.916   50810.929
477  mtMet+R6      24730.333    259 49978.665    184658.665   50807.076
478  mtMet+R7      24728.723    261 49979.447    186743.447   50814.254
482  mtMet+F       25558.674    268 51653.349    195837.349   52510.546
483  mtMet+F+I     25529.119    269 51596.237    196856.237   52456.633
484  mtMet+F+G4    24000.078    269 48538.157    193798.157   49398.553
485  mtMet+F+I+G4  23999.815    270 48539.631    194879.631   49403.225
486  mtMet+F+R2    24283.806    270 49107.613    195447.613   49971.207
487  mtMet+F+R3    24077.444    272 48698.887    197210.887   49568.878
488  mtMet+F+R4    24002.507    274 48553.015    199253.015   49429.403
489  mtMet+F+R5    23977.442    276 48506.884    201410.884   49389.669
490  mtMet+F+R6    23966.815    278 48489.629    203613.629   49378.811
491  mtMet+F+R7    23964.808    280 48489.616    205849.616   49385.195
495  mtVer         27101.840    249 54701.680    179201.680   55498.105
496  mtVer+I       27084.654    250 54669.308    180169.308   55468.933
497  mtVer+G4      24959.491    250 50418.982    175918.982   51218.606
498  mtVer+I+G4    24959.525    251 50421.049    176925.049   51223.872
499  mtVer+R2      25301.996    251 51105.992    177609.992   51908.815
500  mtVer+R3      25048.684    253 50603.367    179127.367   51412.587
501  mtVer+R4      24948.818    255 50407.636    180967.636   51223.253
502  mtVer+R5      24919.267    257 50352.534    182964.534   51174.548
503  mtVer+R6      24911.434    259 50340.869    185020.869   51169.280
504  mtVer+R7      24910.228    261 50342.457    187106.457   51177.264
508  mtVer+F       25926.433    268 52388.866    196572.866   53246.063
509  mtVer+F+I     25897.974    269 52333.948    197593.948   53194.344
510  mtVer+F+G4    24234.610    269 49007.220    194267.220   49867.616
511  mtVer+F+I+G4  24234.443    270 49008.885    195348.885   49872.480
512  mtVer+F+R2    24546.235    270 49632.470    195972.470   50496.064
513  mtVer+F+R3    24330.061    272 49204.121    197716.121   50074.113
514  mtVer+F+R4    24241.538    274 49031.075    199731.075   49907.463
515  mtVer+F+R5    24208.483    276 48968.965    201872.965   49851.751
516  mtVer+F+R6    24195.468    278 48946.937    204070.937   49836.119
517  mtVer+F+R7    24192.863    280 48945.726    206305.726   49841.306
521  mtInv         26751.738    249 54001.476    178501.476   54797.902
522  mtInv+I       26728.117    250 53956.235    179456.235   54755.859
523  mtInv+G4      24941.400    250 50382.799    175882.799   51182.423
524  mtInv+I+G4    24938.085    251 50378.170    176882.170   51180.993
525  mtInv+R2      25192.804    251 50887.607    177391.607   51690.430
526  mtInv+R3      25006.147    253 50518.295    179042.295   51327.515
527  mtInv+R4      24920.597    255 50351.194    180911.194   51166.810
528  mtInv+R5      24893.940    257 50301.880    182913.880   51123.894
529  mtInv+R6      24883.023    259 50284.046    184964.046   51112.456
530  mtInv+R7      24880.516    261 50283.032    187047.032   51117.840
534  mtInv+F       25420.889    268 51377.778    195561.778   52234.975
535  mtInv+F+I     25389.374    269 51316.749    196576.749   52177.144
536  mtInv+F+G4    23952.306    269 48442.612    193702.612   49303.008
537  mtInv+F+I+G4  23951.455    270 48442.910    194782.910   49306.504
538  mtInv+F+R2    24219.864    270 48979.729    195319.729   49843.323
539  mtInv+F+R3    24034.275    272 48612.550    197124.550   49482.541
540  mtInv+F+R4    23947.982    274 48443.963    199143.963   49320.351
541  mtInv+F+R5    23924.667    276 48401.335    201305.335   49284.120
542  mtInv+F+R6    23915.801    278 48387.603    203511.603   49276.785
543  mtInv+F+R7    23913.965    280 48387.929    205747.929   49283.508
Akaike Information Criterion:           JTT+R7
Corrected Akaike Information Criterion: JTT+G4
Bayesian Information Criterion:         JTT+R6
Best-fit model: JTT+R6 chosen according to BIC

All model information printed to analyses/MIKC_orthogroup_selection-basal-v8_guide-v4_trees/aligned-mafft-einsi_trim-gt5/MIKC_orthogroup_selection-basal-v8_guide-v4_aligned-mafft-einsi_trim-gt5_iqtree-bb2000-alrt2000.model.gz
CPU time for ModelFinder: 866.469 seconds (0h:14m:26s)
Wall-clock time for ModelFinder: 456.418 seconds (0h:7m:36s)
Generating 2000 samples for ultrafast bootstrap (seed: 316796)...

NOTE: 25 MB RAM (0 GB) is required!
Measuring multi-threading efficiency up to 4 CPU cores
Increase to 10 rounds for branch lengths
7 trees examined
Threads: 1 / Time: 4.143 sec / Speedup: 1.000 / Efficiency: 100% / LogL: -34203
Threads: 2 / Time: 2.468 sec / Speedup: 1.679 / Efficiency: 84% / LogL: -34203
Threads: 3 / Time: 2.138 sec / Speedup: 1.938 / Efficiency: 65% / LogL: -34203
Threads: 4 / Time: 2.249 sec / Speedup: 1.842 / Efficiency: 46% / LogL: -34203
BEST NUMBER OF THREADS: 3

Estimate model parameters (epsilon = 0.100)
1. Initial log-likelihood: -23727.816
2. Current log-likelihood: -23715.437
3. Current log-likelihood: -23714.553
Optimal log-likelihood: -23714.464
Site proportion and rates:  (0.151,0.089) (0.161,0.292) (0.139,0.546) (0.235,1.015) (0.204,1.647) (0.111,2.608)
Parameters optimization took 3 rounds (1.190 sec)
Computing ML distances based on estimated model parameters... 5.276 sec
Computing BIONJ tree...
0.006 seconds
Log-likelihood of BIONJ tree: -23712.941
--------------------------------------------------------------------
|             INITIALIZING CANDIDATE TREE SET                      |
--------------------------------------------------------------------
Generating 98 parsimony trees... 3.858 second
Computing log-likelihood of 98 initial trees ... 6.612 seconds
Current best score: -23653.786

Do NNI search on 20 best initial trees
Estimate model parameters (epsilon = 0.100)
BETTER TREE FOUND at iteration 1: -23588.881
Estimate model parameters (epsilon = 0.100)
BETTER TREE FOUND at iteration 6: -23579.570
Iteration 10 / LogL: -23593.472 / Time: 0h:0m:35s
Estimate model parameters (epsilon = 0.100)
BETTER TREE FOUND at iteration 17: -23578.855
Iteration 20 / LogL: -23631.776 / Time: 0h:0m:51s
Finish initializing candidate tree set (20)
Current best tree score: -23578.855 / CPU time: 36.794
Number of iterations: 20
--------------------------------------------------------------------
|               OPTIMIZING CANDIDATE TREE SET                      |
--------------------------------------------------------------------
Estimate model parameters (epsilon = 0.100)
BETTER TREE FOUND at iteration 21: -23576.154
Estimate model parameters (epsilon = 0.100)
BETTER TREE FOUND at iteration 23: -23574.991
Iteration 30 / LogL: -23606.875 / Time: 0h:1m:7s (0h:3m:35s left)
BETTER TREE FOUND at iteration 34: -23574.989
Estimate model parameters (epsilon = 0.100)
BETTER TREE FOUND at iteration 35: -23573.126
BETTER TREE FOUND at iteration 39: -23573.118
Iteration 40 / LogL: -23592.109 / Time: 0h:1m:25s (0h:3m:37s left)
Estimate model parameters (epsilon = 0.100)
BETTER TREE FOUND at iteration 45: -23571.805
Estimate model parameters (epsilon = 0.100)
BETTER TREE FOUND at iteration 48: -23571.301
Iteration 50 / LogL: -23571.819 / Time: 0h:1m:40s (0h:3m:20s left)
Log-likelihood cutoff on original alignment: -23639.726
Estimate model parameters (epsilon = 0.100)
BETTER TREE FOUND at iteration 54: -23566.911
Estimate model parameters (epsilon = 0.100)
BETTER TREE FOUND at iteration 60: -23566.897
Iteration 60 / LogL: -23566.897 / Time: 0h:1m:57s (0h:3m:19s left)
Estimate model parameters (epsilon = 0.100)
BETTER TREE FOUND at iteration 67: -23565.581
Iteration 70 / LogL: -23567.693 / Time: 0h:2m:15s (0h:3m:10s left)
Estimate model parameters (epsilon = 0.100)
BETTER TREE FOUND at iteration 72: -23565.083
Estimate model parameters (epsilon = 0.100)
BETTER TREE FOUND at iteration 73: -23564.395
Iteration 80 / LogL: -23568.315 / Time: 0h:2m:32s (0h:2m:59s left)
UPDATE BEST LOG-LIKELIHOOD: -23564.395
Iteration 90 / LogL: -23564.395 / Time: 0h:2m:52s (0h:2m:40s left)
BETTER TREE FOUND at iteration 94: -23564.395
Iteration 100 / LogL: -23592.148 / Time: 0h:3m:8s (0h:2m:59s left)
Log-likelihood cutoff on original alignment: -23637.023
NOTE: Bootstrap correlation coefficient of split occurrence frequencies: 0.978
NOTE: UFBoot does not converge, continue at least 100 more iterations
Estimate model parameters (epsilon = 0.100)
BETTER TREE FOUND at iteration 105: -23563.834
Iteration 110 / LogL: -23564.492 / Time: 0h:3m:29s (0h:3m:2s left)
Estimate model parameters (epsilon = 0.100)
BETTER TREE FOUND at iteration 114: -23562.304
Iteration 120 / LogL: -23583.381 / Time: 0h:3m:44s (0h:2m:57s left)
Iteration 130 / LogL: -23570.142 / Time: 0h:3m:56s (0h:2m:33s left)
Iteration 140 / LogL: -23565.519 / Time: 0h:4m:8s (0h:2m:12s left)
Estimate model parameters (epsilon = 0.100)
BETTER TREE FOUND at iteration 141: -23561.481
Iteration 150 / LogL: -23564.587 / Time: 0h:4m:21s (0h:2m:40s left)
Log-likelihood cutoff on original alignment: -23637.023
Estimate model parameters (epsilon = 0.100)
BETTER TREE FOUND at iteration 159: -23561.414
Iteration 160 / LogL: -23871.640 / Time: 0h:4m:34s (0h:2m:51s left)
Estimate model parameters (epsilon = 0.100)
BETTER TREE FOUND at iteration 162: -23561.157
Estimate model parameters (epsilon = 0.100)
BETTER TREE FOUND at iteration 167: -23559.863
Estimate model parameters (epsilon = 0.100)
BETTER TREE FOUND at iteration 169: -23558.975
Iteration 170 / LogL: -23561.987 / Time: 0h:4m:48s (0h:2m:49s left)
Estimate model parameters (epsilon = 0.100)
BETTER TREE FOUND at iteration 174: -23558.906
Iteration 180 / LogL: -23583.054 / Time: 0h:5m:10s (0h:2m:43s left)
Estimate model parameters (epsilon = 0.100)
BETTER TREE FOUND at iteration 186: -23558.283
Estimate model parameters (epsilon = 0.100)
BETTER TREE FOUND at iteration 190: -23557.684
Iteration 190 / LogL: -23557.684 / Time: 0h:5m:26s (0h:2m:52s left)
Estimate model parameters (epsilon = 0.100)
BETTER TREE FOUND at iteration 192: -23557.516
Estimate model parameters (epsilon = 0.100)
BETTER TREE FOUND at iteration 199: -23557.252
Iteration 200 / LogL: -23557.444 / Time: 0h:5m:40s (0h:2m:49s left)
Log-likelihood cutoff on original alignment: -23637.023
NOTE: Bootstrap correlation coefficient of split occurrence frequencies: 0.975
NOTE: UFBoot does not converge, continue at least 100 more iterations
Iteration 210 / LogL: -23557.397 / Time: 0h:5m:54s (0h:2m:32s left)
Iteration 220 / LogL: -23558.227 / Time: 0h:6m:10s (0h:2m:15s left)
Iteration 230 / LogL: -23557.585 / Time: 0h:6m:21s (0h:1m:56s left)
Iteration 240 / LogL: -23558.464 / Time: 0h:6m:36s (0h:1m:39s left)
Iteration 250 / LogL: -23557.668 / Time: 0h:6m:56s (0h:1m:23s left)
Log-likelihood cutoff on original alignment: -23637.023
BETTER TREE FOUND at iteration 258: -23557.252
Iteration 260 / LogL: -23557.254 / Time: 0h:7m:9s (0h:2m:42s left)
Iteration 270 / LogL: -23557.256 / Time: 0h:7m:24s (0h:2m:25s left)
Iteration 280 / LogL: -23568.691 / Time: 0h:7m:45s (0h:2m:10s left)
Iteration 290 / LogL: -23559.122 / Time: 0h:8m:5s (0h:1m:54s left)
Iteration 300 / LogL: -23557.253 / Time: 0h:8m:20s (0h:1m:37s left)
Log-likelihood cutoff on original alignment: -23637.023
NOTE: Bootstrap correlation coefficient of split occurrence frequencies: 0.976
NOTE: UFBoot does not converge, continue at least 100 more iterations
Iteration 310 / LogL: -23567.462 / Time: 0h:8m:32s (0h:2m:29s left)
Iteration 320 / LogL: -23560.825 / Time: 0h:8m:45s (0h:2m:11s left)
Iteration 330 / LogL: -23558.458 / Time: 0h:9m:0s (0h:1m:55s left)
Iteration 340 / LogL: -23557.265 / Time: 0h:9m:21s (0h:1m:39s left)
Iteration 350 / LogL: -23563.557 / Time: 0h:9m:36s (0h:1m:22s left)
Log-likelihood cutoff on original alignment: -23637.023
Iteration 360 / LogL: -23559.047 / Time: 0h:9m:52s (0h:1m:5s left)
Iteration 370 / LogL: -23566.763 / Time: 0h:10m:7s (0h:0m:49s left)
Iteration 380 / LogL: -23557.252 / Time: 0h:10m:40s (0h:0m:33s left)
Iteration 390 / LogL: -23566.524 / Time: 0h:10m:56s (0h:0m:16s left)
Iteration 400 / LogL: -23557.520 / Time: 0h:11m:12s (0h:0m:0s left)
Log-likelihood cutoff on original alignment: -23637.023
NOTE: Bootstrap correlation coefficient of split occurrence frequencies: 0.996
TREE SEARCH COMPLETED AFTER 400 ITERATIONS / Time: 0h:11m:13s

--------------------------------------------------------------------
|                    FINALIZING TREE SEARCH                        |
--------------------------------------------------------------------
Performs final model parameters optimization
Estimate model parameters (epsilon = 0.010)
1. Initial log-likelihood: -23557.252
Optimal log-likelihood: -23557.251
Site proportion and rates:  (0.149,0.088) (0.172,0.298) (0.143,0.568) (0.199,1.023) (0.213,1.559) (0.125,2.564)
Parameters optimization took 1 rounds (0.349 sec)
BEST SCORE FOUND : -23557.251

Testing tree branches by SH-like aLRT with 2000 replicates...
0.395 sec.
Creating bootstrap support values...
Split supports printed to NEXUS file analyses/MIKC_orthogroup_selection-basal-v8_guide-v4_trees/aligned-mafft-einsi_trim-gt5/MIKC_orthogroup_selection-basal-v8_guide-v4_aligned-mafft-einsi_trim-gt5_iqtree-bb2000-alrt2000.splits.nex
Total tree length: 53.836

Total number of iterations: 400
CPU time used for tree search: 1573.430 sec (0h:26m:13s)
Wall-clock time used for tree search: 658.814 sec (0h:10m:58s)
Total CPU time used: 1608.209 sec (0h:26m:48s)
Total wall-clock time used: 674.499 sec (0h:11m:14s)

Computing bootstrap consensus tree...
Reading input file analyses/MIKC_orthogroup_selection-basal-v8_guide-v4_trees/aligned-mafft-einsi_trim-gt5/MIKC_orthogroup_selection-basal-v8_guide-v4_aligned-mafft-einsi_trim-gt5_iqtree-bb2000-alrt2000.splits.nex...
126 taxa and 1115 splits.
Consensus tree written to analyses/MIKC_orthogroup_selection-basal-v8_guide-v4_trees/aligned-mafft-einsi_trim-gt5/MIKC_orthogroup_selection-basal-v8_guide-v4_aligned-mafft-einsi_trim-gt5_iqtree-bb2000-alrt2000.contree
Reading input trees file analyses/MIKC_orthogroup_selection-basal-v8_guide-v4_trees/aligned-mafft-einsi_trim-gt5/MIKC_orthogroup_selection-basal-v8_guide-v4_aligned-mafft-einsi_trim-gt5_iqtree-bb2000-alrt2000.contree
Log-likelihood of consensus tree: -23557.251

Analysis results written to: 
  IQ-TREE report:                analyses/MIKC_orthogroup_selection-basal-v8_guide-v4_trees/aligned-mafft-einsi_trim-gt5/MIKC_orthogroup_selection-basal-v8_guide-v4_aligned-mafft-einsi_trim-gt5_iqtree-bb2000-alrt2000.iqtree
  Maximum-likelihood tree:       analyses/MIKC_orthogroup_selection-basal-v8_guide-v4_trees/aligned-mafft-einsi_trim-gt5/MIKC_orthogroup_selection-basal-v8_guide-v4_aligned-mafft-einsi_trim-gt5_iqtree-bb2000-alrt2000.treefile
  Likelihood distances:          analyses/MIKC_orthogroup_selection-basal-v8_guide-v4_trees/aligned-mafft-einsi_trim-gt5/MIKC_orthogroup_selection-basal-v8_guide-v4_aligned-mafft-einsi_trim-gt5_iqtree-bb2000-alrt2000.mldist

Ultrafast bootstrap approximation results written to:
  Split support values:          analyses/MIKC_orthogroup_selection-basal-v8_guide-v4_trees/aligned-mafft-einsi_trim-gt5/MIKC_orthogroup_selection-basal-v8_guide-v4_aligned-mafft-einsi_trim-gt5_iqtree-bb2000-alrt2000.splits.nex
  Consensus tree:                analyses/MIKC_orthogroup_selection-basal-v8_guide-v4_trees/aligned-mafft-einsi_trim-gt5/MIKC_orthogroup_selection-basal-v8_guide-v4_aligned-mafft-einsi_trim-gt5_iqtree-bb2000-alrt2000.contree
  Screen log file:               analyses/MIKC_orthogroup_selection-basal-v8_guide-v4_trees/aligned-mafft-einsi_trim-gt5/MIKC_orthogroup_selection-basal-v8_guide-v4_aligned-mafft-einsi_trim-gt5_iqtree-bb2000-alrt2000.log

Date and Time: Wed Aug 19 15:58:24 2020
