IQ-TREE multicore version 1.6.12 for Linux 64-bit built Aug 15 2019
Developed by Bui Quang Minh, Nguyen Lam Tung, Olga Chernomor,
Heiko Schmidt, Dominik Schrempf, Michael Woodhams.

Host:    mpp-server (AVX, 62 GB RAM)
Command: iqtree -s data/alignments_trimmed/MIKC_orthogroup_selection-basal-v5_guide-v4_aligned-mafft-einsi_trim-gt1-seqrmmanual.fasta -m LG+R6 -bb 2000 -alrt 2000 -nt AUTO -ntmax 12 -pre analyses/MIKC_orthogroup_selection-basal-v5_guide-v4_trees/aligned-mafft-einsi_trim-gt1-seqrmmanual/MIKC_orthogroup_selection-basal-v5_guide-v4_aligned-mafft-einsi_trim-gt1-seqrmmanual_iqtree-LGR6-bb2000-alrt2000
Seed:    639235 (Using SPRNG - Scalable Parallel Random Number Generator)
Time:    Thu Jul  2 11:55:17 2020
Kernel:  AVX - auto-detect threads (12 CPU cores detected)

Reading alignment file data/alignments_trimmed/MIKC_orthogroup_selection-basal-v5_guide-v4_aligned-mafft-einsi_trim-gt1-seqrmmanual.fasta ... Fasta format detected
Alignment most likely contains protein sequences
Alignment has 223 sequences with 372 columns, 372 distinct patterns
367 parsimony-informative, 5 singleton sites, 0 constant sites
WARNING: Some sequence names are changed as follows:
tr|Q5KU24|Q5KU24_COLSC_MADS-box_transcription_factor_CsMADS1_OS=Coleochaete_scutata_OX=3125_GN=csmads1_PE=2_SV=1 -> tr_Q5KU24_Q5KU24_COLSC_MADS-box_transcription_factor_CsMADS1_OS_Coleochaete_scutata_OX_3125_GN_csmads1_PE_2_SV_1
tr|Q5KTX4|Q5KTX4_9VIRI_MADS-box_protein_CpMADS1_(Fragment)_OS=Closterium_peracerosum-strigosum-littorale_complex_OX=34146_GN=CpMADS1_PE=2_SV=1 -> tr_Q5KTX4_Q5KTX4_9VIRI_MADS-box_protein_CpMADS1__Fragment__OS_Closterium_peracerosum-strigosum-littorale_complex_OX_34146_GN_CpMADS1_PE_2_SV_1
Sacu_v1.1_s0003.g001660_MADS-box_transcription_factor_[0.179] -> Sacu_v1.1_s0003.g001660_MADS-box_transcription_factor__0.179_
Sacu_v1.1_s0006.g003425_MADS-box_transcription_factor_[0.179] -> Sacu_v1.1_s0006.g003425_MADS-box_transcription_factor__0.179_
Sacu_v1.1_s0007.g003739_MADS-box_transcription_factor_[0.179] -> Sacu_v1.1_s0007.g003739_MADS-box_transcription_factor__0.179_
Sacu_v1.1_s0008.g004031_MADS-box_transcription_factor_[0.179] -> Sacu_v1.1_s0008.g004031_MADS-box_transcription_factor__0.179_
Sacu_v1.1_s0033.g011014_MADS-box_transcription_factor_[0.179] -> Sacu_v1.1_s0033.g011014_MADS-box_transcription_factor__0.179_
Sacu_v1.1_s0043.g012907_MADS-box_transcription_factor_[0.179] -> Sacu_v1.1_s0043.g012907_MADS-box_transcription_factor__0.179_
Sacu_v1.1_s0043.g012908_MADS-box_transcription_factor_[0.179] -> Sacu_v1.1_s0043.g012908_MADS-box_transcription_factor__0.179_
Sacu_v1.1_s0050.g013783_MADS-box_transcription_factor_[0.179] -> Sacu_v1.1_s0050.g013783_MADS-box_transcription_factor__0.179_
Sacu_v1.1_s0115.g020974_MADS-box_transcription_factor_[0.179] -> Sacu_v1.1_s0115.g020974_MADS-box_transcription_factor__0.179_
Sacu_v1.1_s0207.g025791_MADS-box_transcription_factor_[0.179] -> Sacu_v1.1_s0207.g025791_MADS-box_transcription_factor__0.179_
Sacu_v1.1_s0271.g027022_MADS-box_transcription_factor_[0.179] -> Sacu_v1.1_s0271.g027022_MADS-box_transcription_factor__0.179_

                                                                                                                                                Gap/Ambiguity  Composition  p-value
   1  tr_Q5KU24_Q5KU24_COLSC_MADS-box_transcription_factor_CsMADS1_OS_Coleochaete_scutata_OX_3125_GN_csmads1_PE_2_SV_1                                 27.15%    failed      0.20%
   2  tr_Q5KTX4_Q5KTX4_9VIRI_MADS-box_protein_CpMADS1__Fragment__OS_Closterium_peracerosum-strigosum-littorale_complex_OX_34146_GN_CpMADS1_PE_2_SV_1   55.65%    passed     62.31%
   3  cgMADS1_BAD88436                                                                                                                                 50.81%    passed     97.67%
   4  CRM1_CAA69276                                                                                                                                    38.17%    passed     36.52%
   5  CRM2_CAA69277                                                                                                                                    47.58%    passed     24.09%
   6  CRM3_CAA69407                                                                                                                                    42.47%    failed      3.01%
   7  CRM4_CAA69408                                                                                                                                    43.01%    passed     11.38%
   8  CRM5_CAA69409                                                                                                                                    44.09%    failed      0.44%
   9  CRM6_CAA69410                                                                                                                                    46.51%    passed     44.85%
  10  CRM7_CAA69411                                                                                                                                    48.66%    passed     48.22%
  11  OPM1_CAA69412                                                                                                                                    44.35%    passed     97.72%
  12  CMADS1_AAC24492                                                                                                                                  30.38%    passed     55.90%
  13  CMADS2_AAC24493                                                                                                                                  37.90%    passed     42.19%
  14  CMADS3_AAC24319                                                                                                                                  38.17%    passed     39.02%
  15  CMADS4_AAC24320                                                                                                                                  38.44%    passed     89.59%
  16  CMADS6_AAC24325                                                                                                                                  53.49%    passed      6.43%
  17  SmMADS6                                                                                                                                          39.78%    passed     42.83%
  18  SmMADS4                                                                                                                                          20.43%    passed     10.89%
  19  SmMADS3                                                                                                                                          38.44%    passed      7.27%
  20  SmMADS2                                                                                                                                          31.45%    passed     80.17%
  21  SmMADS10                                                                                                                                         43.82%    passed     88.30%
  22  SmMADS1                                                                                                                                          30.11%    failed      1.63%
  23  PPM1_Pp012G078200                                                                                                                                25.54%    passed     32.61%
  24  PPM2_Pp003G125000                                                                                                                                25.54%    passed     79.87%
  25  PpMADS1_Pp004G002000                                                                                                                             26.88%    passed     49.96%
  26  PpMADS_S                                                                                                                                         29.03%    passed     38.51%
  27  PPMC5_Pp017G019900                                                                                                                               26.08%    failed      3.89%
  28  PPMC6_Pp014G056100                                                                                                                               26.08%    failed      4.47%
  29  PpMADS2_Pp012G080000                                                                                                                             17.20%    passed     21.59%
  30  PpMADS3_Pp003G124300                                                                                                                             16.94%    failed      0.59%
  31  PPM3_Pp014G086000                                                                                                                                20.43%    passed     29.15%
  32  PPM4_Pp001G158500                                                                                                                                18.55%    passed     50.31%
  33  PPM6_Pp008G025800                                                                                                                                19.62%    passed      9.61%
  34  PPM7_Pp017G043700                                                                                                                                17.47%    passed      9.96%
  35  PPMA8_Pp008G025900                                                                                                                               17.20%    passed     27.63%
  36  PPMA9_Pp003G124400                                                                                                                               19.35%    passed      8.55%
  37  PPMA11_Pp001G158400                                                                                                                              18.82%    passed     10.04%
  38  PPMA12_Pp004G013900                                                                                                                              16.67%    failed      3.02%
  39  PI                                                                                                                                               46.24%    passed     28.62%
  40  AP3                                                                                                                                              42.47%    passed     48.01%
  41  AGL2_SEP1                                                                                                                                        33.87%    failed      1.39%
  42  AGL6                                                                                                                                             35.22%    passed     71.06%
  43  AGL8_FUL                                                                                                                                         37.90%    passed     70.90%
  44  AGL25_FLC                                                                                                                                        47.85%    passed     14.42%
  45  AG                                                                                                                                               36.29%    passed     30.57%
  46  AGL12                                                                                                                                            44.89%    passed     50.87%
  47  AGL15                                                                                                                                            38.17%    passed     90.50%
  48  AGL17                                                                                                                                            40.86%    passed     97.73%
  49  AGL20_SOC1                                                                                                                                       42.47%    passed     51.10%
  50  AGL22_SVP                                                                                                                                        38.98%    passed     87.06%
  51  AGL32_ABS                                                                                                                                        36.83%    failed      4.81%
  52  AGL104                                                                                                                                           23.39%    passed     39.51%
  53  AGL67                                                                                                                                            40.32%    passed     68.60%
  54  AGL66                                                                                                                                            22.58%    passed     39.88%
  55  AGL30                                                                                                                                            23.66%    failed      0.52%
  56  AGL94                                                                                                                                            32.26%    passed     81.93%
  57  AGL33                                                                                                                                            72.04%    passed      9.53%
  58  AGL65                                                                                                                                            29.57%    failed      0.81%
  59  OsMADS2                                                                                                                                          47.04%    passed     58.55%
  60  OsMADS16                                                                                                                                         41.67%    passed      8.97%
  61  OsMADS55                                                                                                                                         47.04%    passed     84.96%
  62  OsMADS30                                                                                                                                         44.35%    passed     61.32%
  63  OsMADS6                                                                                                                                          35.48%    passed     34.65%
  64  OsMADS8                                                                                                                                          36.29%    passed     60.92%
  65  OsMADS15                                                                                                                                         34.95%    passed     31.42%
  66  OsMADS23                                                                                                                                         57.26%    passed     98.79%
  67  OsMADS26                                                                                                                                         42.74%    passed     24.44%
  68  OsMADS3                                                                                                                                          31.72%    passed     20.57%
  69  OsMADS50                                                                                                                                         71.24%    passed     49.57%
  70  OsMADS62                                                                                                                                         27.69%    failed      0.09%
  71  OsMADS63                                                                                                                                         22.58%    failed      0.91%
  72  OsMADS68                                                                                                                                         26.08%    passed      5.03%
  73  AtSTK_Homeotic_D                                                                                                                                 34.14%    passed     35.51%
  74  AtAP1_Homeotic_A                                                                                                                                 36.29%    passed      9.04%
  75  OsMADS14_Homeotic_A                                                                                                                              38.71%    passed     58.37%
  76  MpMADS1                                                                                                                                          18.01%    failed      1.29%
  77  MpMADS2                                                                                                                                          32.53%    passed     51.54%
  78  Azfi_s0028.g024032_manually_reannotated                                                                                                          40.05%    passed     32.00%
  79  Azfi_s0062.g035272_sequence_match_in_blast_db_Azolla_filiculoides_protein_v1.1                                                                   34.41%    passed     27.53%
  80  Azfi_s0003.g007710_sequence_match_in_blast_db_Azolla_filiculoides_protein_v1.1                                                                   34.41%    passed     62.53%
  81  Azfi_s0003.g007732_sequence_match_in_blast_db_Azolla_filiculoides_protein_v1.1                                                                   48.66%    passed     91.12%
  82  Azfi_s0704.g082655_sequence_match_in_blast_db_Azolla_filiculoides_protein_v1.1                                                                   34.41%    passed      5.92%
  83  Azfi_s0242.g059800_sequence_match_in_blast_db_Azolla_filiculoides_protein_v1.1                                                                   36.83%    passed     87.19%
  84  Azfi_s0078.g038112_sequence_match_in_blast_db_Azolla_filiculoides_protein_v1.1                                                                   42.20%    passed     79.87%
  85  Azfi_s0016.g014286_sequence_match_in_blast_db_Azolla_filiculoides_protein_v1.1                                                                   41.67%    passed     31.54%
  86  Azfi_s0073.g037211_sequence_match_in_blast_db_Azolla_filiculoides_protein_v1.1                                                                   36.02%    failed      1.27%
  87  Azfi_s0684.g082058_sequence_match_in_blast_db_Azolla_filiculoides_protein_v1.1                                                                   21.51%    failed      4.02%
  88  Azfi_s0009.g011792_sequence_match_in_blast_db_Azolla_filiculoides_protein_v1.1                                                                   45.70%    passed     64.68%
  89  Azfi_s0009.g011725_sequence_match_in_blast_db_Azolla_filiculoides_protein_v1.1                                                                   59.68%    passed     57.65%
  90  Azfi_s0016.g014288_sequence_match_in_blast_db_Azolla_filiculoides_protein_v1.1                                                                   40.86%    passed     66.40%
  91  MA_113509g0010                                                                                                                                   16.67%    failed      3.03%
  92  MA_130755g0010                                                                                                                                   49.73%    passed     76.01%
  93  MA_13933g0010                                                                                                                                    41.40%    passed     55.74%
  94  MA_17919g0010                                                                                                                                    66.94%    failed      0.58%
  95  MA_6805g0010                                                                                                                                     50.81%    passed     98.71%
  96  Sacu_v1.1_s0003.g001660_MADS-box_transcription_factor__0.179_                                                                                    49.73%    passed     42.95%
  97  Sacu_v1.1_s0006.g003425_MADS-box_transcription_factor__0.179_                                                                                    36.83%    passed     74.34%
  98  Sacu_v1.1_s0007.g003739_MADS-box_transcription_factor__0.179_                                                                                    49.46%    passed     48.36%
  99  Sacu_v1.1_s0008.g004031_MADS-box_transcription_factor__0.179_                                                                                    29.30%    passed      9.12%
 100  Sacu_v1.1_s0033.g011014_MADS-box_transcription_factor__0.179_                                                                                    41.94%    passed     90.76%
 101  Sacu_v1.1_s0043.g012907_MADS-box_transcription_factor__0.179_                                                                                    36.29%    passed     52.47%
 102  Sacu_v1.1_s0043.g012908_MADS-box_transcription_factor__0.179_                                                                                    38.98%    passed     34.73%
 103  Sacu_v1.1_s0050.g013783_MADS-box_transcription_factor__0.179_                                                                                    40.32%    passed     87.29%
 104  Sacu_v1.1_s0115.g020974_MADS-box_transcription_factor__0.179_                                                                                    50.00%    passed     57.20%
 105  Sacu_v1.1_s0207.g025791_MADS-box_transcription_factor__0.179_                                                                                    34.68%    passed     65.40%
 106  Sacu_v1.1_s0271.g027022_MADS-box_transcription_factor__0.179_                                                                                    36.83%    passed     75.49%
 107  MNNM-2042156-Cosmarium_granatum                                                                                                                  59.14%    passed     75.11%
 108  TPHT-2126301-Spirotaenia_sp.                                                                                                                     58.33%    passed     74.20%
 109  FQLP-2004170-Klebsormidium_subtile                                                                                                               63.71%    passed     47.01%
 110  TPHT-2010795-Spirotaenia_sp.                                                                                                                     65.05%    passed     84.34%
 111  QPDY-2028842-Coleochaete_irregularis                                                                                                             54.57%    passed     58.23%
 112  PIVW-2001489-Ceratopteris_thalictroides                                                                                                          56.99%    passed     31.13%
 113  IRBN-2000158-Scapania_nemorosa                                                                                                                   61.02%    passed     95.46%
 114  ENQF-2084602-Lycopodium_annotinum                                                                                                                38.17%    passed     92.88%
 115  PIVW-2016418-Ceratopteris_thalictroides                                                                                                          48.12%    passed     41.18%
 116  FFPD-2013099-Ceratodon_purpureus                                                                                                                 31.45%    passed     73.03%
 117  JVSZ-2012388-Equisetum_hymale                                                                                                                    50.27%    passed     53.26%
 118  JVSZ-2127794-Equisetum_hymale                                                                                                                    43.28%    passed     45.07%
 119  AKXB-2066716-Phaeomegaceros_coriaceus                                                                                                            23.66%    passed     88.24%
 120  JVSZ-2004872-Equisetum_hymale                                                                                                                    52.42%    passed     95.23%
 121  LGOW-2015978-Schistochila_sp.                                                                                                                    55.65%    passed     92.10%
 122  ANON-2035464-Leiosporoceros_dussii-B                                                                                                             44.09%    passed     82.49%
 123  ZFRE-2001130-Phaeoceros_carolinianus-sporophyte_1575                                                                                             36.29%    passed     91.80%
 124  RDOO-2005177-Racomitrium_varium                                                                                                                  17.47%    failed      0.47%
 125  CVEG-2124355-Azolla_cf._caroliniana                                                                                                              55.11%    passed     93.71%
 126  PIVW-2002304-Ceratopteris_thalictroides                                                                                                          65.05%    passed     75.82%
 127  PIVW-2019843-Ceratopteris_thalictroides                                                                                                          54.57%    passed     90.81%
 128  RDOO-2000123-Racomitrium_varium                                                                                                                  43.01%    passed     23.87%
 129  RDOO-2000812-Racomitrium_varium                                                                                                                  43.55%    passed     25.17%
 130  DXOU-2036490-Nothoceros_aenigmaticus                                                                                                             42.20%    passed     90.43%
 131  PIVW-2004036-Ceratopteris_thalictroides                                                                                                          53.76%    passed     62.83%
 132  ENQF-2007944-Lycopodium_annotinum                                                                                                                37.63%    passed     86.73%
 133  RDOO-2000122-Racomitrium_varium                                                                                                                  43.01%    passed     23.87%
 134  PIVW-2020998-Ceratopteris_thalictroides                                                                                                          53.76%    passed     78.61%
 135  UPMJ-2005050-Pseudolycopodiella_caroliniana                                                                                                      53.76%    passed     93.24%
 136  PIVW-2004304-Ceratopteris_thalictroides                                                                                                          64.25%    passed     87.18%
 137  DXOU-2004607-Nothoceros_aenigmaticus                                                                                                             59.14%    passed     38.82%
 138  PIVW-2000174-Ceratopteris_thalictroides                                                                                                          60.75%    passed     89.09%
 139  ENQF-2004632-Lycopodium_annotinum                                                                                                                61.29%    passed     38.40%
 140  JVSZ-2127811-Equisetum_hymale                                                                                                                    53.49%    passed     83.92%
 141  UPMJ-2018444-Pseudolycopodiella_caroliniana                                                                                                      46.51%    passed     64.45%
 142  JVSZ-2014698-Equisetum_hymale                                                                                                                    54.57%    passed     86.61%
 143  JVSZ-2127731-Equisetum_hymale                                                                                                                    54.57%    passed     64.17%
 144  PIVW-2000450-Ceratopteris_thalictroides                                                                                                          53.49%    passed     36.06%
 145  QMWB-2056566-Anomodon_attenuatus                                                                                                                 65.59%    passed     88.93%
 146  AKXB-2062983-Phaeomegaceros_coriaceus                                                                                                            67.47%    passed      5.73%
 147  RDOO-2000811-Racomitrium_varium                                                                                                                  36.56%    passed     23.24%
 148  CBAE-2013716-Huperzia_myrisinites                                                                                                                41.13%    passed     76.80%
 149  UPMJ-2005049-Pseudolycopodiella_caroliniana                                                                                                      53.76%    passed     93.24%
 150  CBAE-2013582-Huperzia_myrisinites                                                                                                                47.85%    passed     96.76%
 151  RDOO-2005175-Racomitrium_varium                                                                                                                  17.47%    failed      0.47%
 152  PIVW-2008000-Ceratopteris_thalictroides                                                                                                          54.57%    passed     10.36%
 153  UPMJ-2014960-Pseudolycopodiella_caroliniana                                                                                                      46.24%    passed     92.31%
 154  PIVW-2004305-Ceratopteris_thalictroides                                                                                                          58.33%    passed     84.03%
 155  AKXB-2008754-Phaeomegaceros_coriaceus                                                                                                            61.29%    passed     61.29%
 156  BNCU-2018766-Radula_lindenbergia                                                                                                                 57.53%    passed     80.32%
 157  HVBQ-2129775-Tetraphis_pellucida                                                                                                                 41.40%    passed      7.07%
 158  LGOW-2012213-Schistochila_sp.                                                                                                                    56.45%    passed     91.85%
 159  PIVW-2004303-Ceratopteris_thalictroides                                                                                                          62.90%    passed     88.11%
 160  PIVW-2001491-Ceratopteris_thalictroides                                                                                                          59.14%    passed     62.65%
 161  ENQF-2004631-Lycopodium_annotinum                                                                                                                61.29%    passed     38.40%
 162  PIVW-2001490-Ceratopteris_thalictroides                                                                                                          59.14%    passed     60.21%
 163  JPYU-2008394-Marchantia_polymorpha                                                                                                               51.34%    passed     72.81%
 164  FFPD-2013100-Ceratodon_purpureus                                                                                                                 31.45%    passed     64.70%
 165  UPMJ-2002417-Pseudolycopodiella_caroliniana                                                                                                      61.29%    passed     27.45%
 166  PIVW-2002392-Ceratopteris_thalictroides                                                                                                          54.84%    failed      4.38%
 167  CBAE-2009937-Huperzia_myrisinites                                                                                                                54.84%    passed     63.05%
 168  JVSZ-2008957-Equisetum_hymale                                                                                                                    55.11%    passed     29.52%
 169  JVSZ-2014398-Equisetum_hymale                                                                                                                    51.34%    passed     40.83%
 170  PIVW-2019502-Ceratopteris_thalictroides                                                                                                          52.96%    passed     84.51%
 171  FFPD-2057947-Ceratodon_purpureus                                                                                                                 33.60%    passed     22.35%
 172  Chlre_v5_5-Cre11_g467577_t1_1-Chlamydomonas_reinhardtii                                                                                          23.66%    failed      0.00%
 173  CVEG-2033633-Azolla_cf._caroliniana                                                                                                              51.88%    passed     96.60%
 174  ENQF-2015023-Lycopodium_annotinum                                                                                                                47.58%    passed     80.62%
 175  NRWZ-2002384-Metzgeria_crassipilis                                                                                                               51.08%    passed     66.94%
 176  BNCU-2085227-Radula_lindenbergia                                                                                                                 56.99%    passed     98.83%
 177  PIVW-2004035-Ceratopteris_thalictroides                                                                                                          53.76%    passed     62.83%
 178  UPMJ-2008884-Pseudolycopodiella_caroliniana                                                                                                      58.33%    passed     98.99%
 179  PIVW-2003993-Ceratopteris_thalictroides                                                                                                          53.49%    passed     51.15%
 180  PIVW-2003992-Ceratopteris_thalictroides                                                                                                          53.49%    passed     51.15%
 181  PIVW-2009413-Ceratopteris_thalictroides                                                                                                          58.87%    passed     58.95%
 182  CBAE-2012867-Huperzia_myrisinites                                                                                                                54.03%    passed     91.46%
 183  ZFRE-2001131-Phaeoceros_carolinianus-sporophyte_1575                                                                                             36.29%    passed     91.80%
 184  PIVW-2000173-Ceratopteris_thalictroides                                                                                                          60.22%    passed     96.56%
 185  JVSZ-2014659-Equisetum_hymale                                                                                                                    44.09%    passed     34.59%
 186  UPMJ-2017788-Pseudolycopodiella_caroliniana                                                                                                      43.55%    passed     65.66%
 187  PIVW-2004302-Ceratopteris_thalictroides                                                                                                          64.25%    passed     82.05%
 188  PIVW-2009414-Ceratopteris_thalictroides                                                                                                          58.87%    passed     58.95%
 189  PIVW-2007999-Ceratopteris_thalictroides                                                                                                          54.57%    passed     10.36%
 190  NRWZ-2014421-Metzgeria_crassipilis                                                                                                               33.60%    passed     42.83%
 191  PIVW-2001493-Ceratopteris_thalictroides                                                                                                          56.99%    passed     31.13%
 192  RDOO-2015055-Racomitrium_varium                                                                                                                  55.65%    passed     46.00%
 193  CVEG-2123825-Azolla_cf._caroliniana                                                                                                              59.68%    passed     83.18%
 194  CVEG-2010487-Azolla_cf._caroliniana                                                                                                              58.33%    passed     90.18%
 195  Afi_v2_s2G003330.1                                                                                                                               75.54%    failed      0.82%
 196  Afi_v2_s6G005990.1                                                                                                                               40.05%    passed     32.00%
 197  Afi_v2_s6G006070.6                                                                                                                               38.98%    failed      3.68%
 198  Afi_v2_s26G003990.1                                                                                                                              47.31%    passed     86.58%
 199  Afi_v2_s70G000030.1                                                                                                                              58.06%    failed      4.86%
 200  Afi_v2_s132G000050.1                                                                                                                             52.96%    passed     21.11%
 201  Afi_v2_s1737G000020.1                                                                                                                            75.54%    passed     18.84%
 202  XMGP-2014150-Juniperus_scopulorum                                                                                                                54.84%    passed     74.98%
 203  JZVE-2034291-Parasitaxus_usta                                                                                                                    55.91%    passed     82.09%
 204  XMGP-2012223-Juniperus_scopulorum                                                                                                                56.99%    passed     62.82%
 205  XMGP-2002769-Juniperus_scopulorum                                                                                                                55.11%    passed     29.60%
 206  JZVE-2035359-Parasitaxus_usta                                                                                                                    59.41%    passed      8.01%
 207  JZVE-2036348-Parasitaxus_usta                                                                                                                    44.09%    passed     95.39%
 208  XMGP-2008586-Juniperus_scopulorum                                                                                                                68.01%    passed     50.05%
 209  JZVE-2036124-Parasitaxus_usta                                                                                                                    46.77%    passed     72.89%
 210  JZVE-2032691-Parasitaxus_usta                                                                                                                    58.87%    passed     73.63%
 211  JZVE-2006929-Parasitaxus_usta                                                                                                                    52.42%    passed     99.66%
 212  XMGP-2005352-Juniperus_scopulorum                                                                                                                62.63%    passed     15.77%
 213  JZVE-2007309-Parasitaxus_usta                                                                                                                    59.14%    passed     86.88%
 214  JZVE-2003013-Parasitaxus_usta                                                                                                                    58.06%    passed     89.19%
 215  XMGP-2009071-Juniperus_scopulorum                                                                                                                59.14%    passed     86.17%
 216  XMGP-2003328-Juniperus_scopulorum                                                                                                                54.30%    passed     26.77%
 217  JZVE-2003919-Parasitaxus_usta                                                                                                                    56.99%    passed     55.91%
 218  JZVE-2004736-Parasitaxus_usta                                                                                                                    51.88%    passed     86.35%
 219  XMGP-2007459-Juniperus_scopulorum                                                                                                                38.71%    passed     11.17%
 220  XMGP-2058097-Juniperus_scopulorum                                                                                                                46.77%    passed     58.20%
 221  JZVE-2004735-Parasitaxus_usta                                                                                                                    57.26%    passed     79.81%
 222  JZVE-2036946-Parasitaxus_usta                                                                                                                    41.94%    passed     97.22%
 223  JZVE-2007246-Parasitaxus_usta                                                                                                                    36.83%    passed     37.11%
WARNING: 89 sequences contain more than 50% gaps/ambiguity
****  TOTAL                                                                                                                                            44.72%  26 sequences failed composition chi2 test (p-value<5%; df=19)
NOTE: Afi_v2_s6G005990.1 is identical to Azfi_s0028.g024032_manually_reannotated but kept for subsequent analysis
NOTE: PIVW-2001493-Ceratopteris_thalictroides is identical to PIVW-2001489-Ceratopteris_thalictroides but kept for subsequent analysis
NOTE: ZFRE-2001131-Phaeoceros_carolinianus-sporophyte_1575 is identical to ZFRE-2001130-Phaeoceros_carolinianus-sporophyte_1575 but kept for subsequent analysis
NOTE: RDOO-2005175-Racomitrium_varium is identical to RDOO-2005177-Racomitrium_varium but kept for subsequent analysis
NOTE: RDOO-2000122-Racomitrium_varium is identical to RDOO-2000123-Racomitrium_varium but kept for subsequent analysis
NOTE: PIVW-2004035-Ceratopteris_thalictroides is identical to PIVW-2004036-Ceratopteris_thalictroides but kept for subsequent analysis
NOTE: UPMJ-2005049-Pseudolycopodiella_caroliniana is identical to UPMJ-2005050-Pseudolycopodiella_caroliniana but kept for subsequent analysis
NOTE: ENQF-2004631-Lycopodium_annotinum is identical to ENQF-2004632-Lycopodium_annotinum but kept for subsequent analysis
NOTE: PIVW-2007999-Ceratopteris_thalictroides is identical to PIVW-2008000-Ceratopteris_thalictroides but kept for subsequent analysis
NOTE: PIVW-2003992-Ceratopteris_thalictroides is identical to PIVW-2003993-Ceratopteris_thalictroides but kept for subsequent analysis
NOTE: PIVW-2009414-Ceratopteris_thalictroides is identical to PIVW-2009413-Ceratopteris_thalictroides but kept for subsequent analysis

Create initial parsimony tree by phylogenetic likelihood library (PLL)... 0.165 seconds
Generating 2000 samples for ultrafast bootstrap (seed: 639235)...

NOTE: 84 MB RAM (0 GB) is required!
Measuring multi-threading efficiency up to 12 CPU cores
Increase to 10 rounds for branch lengths
4 trees examined
Threads: 1 / Time: 12.500 sec / Speedup: 1.000 / Efficiency: 100% / LogL: -86673
Threads: 2 / Time: 6.602 sec / Speedup: 1.893 / Efficiency: 95% / LogL: -86673
Threads: 3 / Time: 4.644 sec / Speedup: 2.692 / Efficiency: 90% / LogL: -86673
Threads: 4 / Time: 3.678 sec / Speedup: 3.399 / Efficiency: 85% / LogL: -86673
Threads: 5 / Time: 3.103 sec / Speedup: 4.029 / Efficiency: 81% / LogL: -86673
Threads: 6 / Time: 2.848 sec / Speedup: 4.389 / Efficiency: 73% / LogL: -86673
Threads: 7 / Time: 4.171 sec / Speedup: 2.996 / Efficiency: 43% / LogL: -86673
BEST NUMBER OF THREADS: 6

Estimate model parameters (epsilon = 0.100)
1. Initial log-likelihood: -63793.498
2. Current log-likelihood: -61054.091
3. Current log-likelihood: -61028.492
4. Current log-likelihood: -61027.601
5. Current log-likelihood: -61027.477
Optimal log-likelihood: -61027.344
Site proportion and rates:  (0.068,0.060) (0.105,0.195) (0.121,0.448) (0.184,0.723) (0.241,1.127) (0.281,1.840)
Parameters optimization took 5 rounds (5.049 sec)
Computing ML distances based on estimated model parameters... 18.426 sec
Computing BIONJ tree...
0.027 seconds
Log-likelihood of BIONJ tree: -61111.631
--------------------------------------------------------------------
|             INITIALIZING CANDIDATE TREE SET                      |
--------------------------------------------------------------------
Generating 98 parsimony trees... 13.328 second
Computing log-likelihood of 98 initial trees ... 16.208 seconds
Current best score: -60952.595

Do NNI search on 20 best initial trees
Estimate model parameters (epsilon = 0.100)
BETTER TREE FOUND at iteration 1: -60694.810
Iteration 10 / LogL: -60764.499 / Time: 0h:1m:49s
Estimate model parameters (epsilon = 0.100)
BETTER TREE FOUND at iteration 12: -60693.222
Iteration 20 / LogL: -60781.396 / Time: 0h:2m:22s
Finish initializing candidate tree set (20)
Current best tree score: -60693.222 / CPU time: 95.227
Number of iterations: 20
--------------------------------------------------------------------
|               OPTIMIZING CANDIDATE TREE SET                      |
--------------------------------------------------------------------
Estimate model parameters (epsilon = 0.100)
BETTER TREE FOUND at iteration 26: -60690.938
Estimate model parameters (epsilon = 0.100)
BETTER TREE FOUND at iteration 28: -60690.852
Estimate model parameters (epsilon = 0.100)
BETTER TREE FOUND at iteration 29: -60690.051
Estimate model parameters (epsilon = 0.100)
BETTER TREE FOUND at iteration 30: -60687.183
Iteration 30 / LogL: -60687.183 / Time: 0h:2m:49s (0h:9m:43s left)
Estimate model parameters (epsilon = 0.100)
BETTER TREE FOUND at iteration 31: -60685.061
Estimate model parameters (epsilon = 0.100)
BETTER TREE FOUND at iteration 34: -60684.022
Iteration 40 / LogL: -60710.694 / Time: 0h:3m:13s (0h:7m:45s left)
Estimate model parameters (epsilon = 0.100)
BETTER TREE FOUND at iteration 45: -60680.543
Estimate model parameters (epsilon = 0.100)
BETTER TREE FOUND at iteration 48: -60680.040
Estimate model parameters (epsilon = 0.100)
BETTER TREE FOUND at iteration 50: -60679.952
Iteration 50 / LogL: -60679.952 / Time: 0h:3m:37s (0h:7m:23s left)
Log-likelihood cutoff on original alignment: -60768.181
Iteration 60 / LogL: -60682.692 / Time: 0h:4m:0s (0h:6m:6s left)
Estimate model parameters (epsilon = 0.100)
BETTER TREE FOUND at iteration 62: -60678.021
Iteration 70 / LogL: -60712.121 / Time: 0h:4m:22s (0h:5m:50s left)
Iteration 80 / LogL: -60678.910 / Time: 0h:4m:45s (0h:4m:55s left)
Iteration 90 / LogL: -60680.540 / Time: 0h:5m:7s (0h:4m:8s left)
Iteration 100 / LogL: -60687.560 / Time: 0h:5m:28s (0h:3m:25s left)
Log-likelihood cutoff on original alignment: -60768.181
NOTE: Bootstrap correlation coefficient of split occurrence frequencies: 0.992
Iteration 110 / LogL: -60695.022 / Time: 0h:5m:51s (0h:4m:50s left)
Estimate model parameters (epsilon = 0.100)
BETTER TREE FOUND at iteration 115: -60675.012
Estimate model parameters (epsilon = 0.100)
BETTER TREE FOUND at iteration 116: -60672.171
Iteration 120 / LogL: -60699.963 / Time: 0h:6m:17s (0h:5m:4s left)
Estimate model parameters (epsilon = 0.100)
BETTER TREE FOUND at iteration 122: -60664.855
Iteration 130 / LogL: -60674.072 / Time: 0h:6m:41s (0h:4m:46s left)
Estimate model parameters (epsilon = 0.100)
BETTER TREE FOUND at iteration 135: -60664.602
Iteration 140 / LogL: -60679.895 / Time: 0h:7m:4s (0h:4m:50s left)
Estimate model parameters (epsilon = 0.100)
BETTER TREE FOUND at iteration 149: -60664.485
Iteration 150 / LogL: -60668.591 / Time: 0h:7m:28s (0h:4m:57s left)
Log-likelihood cutoff on original alignment: -60768.181
Estimate model parameters (epsilon = 0.100)
BETTER TREE FOUND at iteration 155: -60664.001
Iteration 160 / LogL: -60678.549 / Time: 0h:7m:54s (0h:4m:43s left)
Iteration 170 / LogL: -60668.997 / Time: 0h:8m:15s (0h:4m:9s left)
Iteration 180 / LogL: -60704.352 / Time: 0h:8m:39s (0h:3m:37s left)
Iteration 190 / LogL: -60687.314 / Time: 0h:9m:1s (0h:3m:6s left)
Estimate model parameters (epsilon = 0.100)
BETTER TREE FOUND at iteration 198: -60663.899
Iteration 200 / LogL: -60671.366 / Time: 0h:9m:25s (0h:4m:38s left)
Log-likelihood cutoff on original alignment: -60768.181
NOTE: Bootstrap correlation coefficient of split occurrence frequencies: 0.970
NOTE: UFBoot does not converge, continue at least 100 more iterations
Estimate model parameters (epsilon = 0.100)
BETTER TREE FOUND at iteration 201: -60663.498
Iteration 210 / LogL: -60667.399 / Time: 0h:9m:50s (0h:4m:17s left)
Estimate model parameters (epsilon = 0.100)
BETTER TREE FOUND at iteration 218: -60663.317
Iteration 220 / LogL: -60665.740 / Time: 0h:10m:13s (0h:4m:34s left)
Iteration 230 / LogL: -60666.874 / Time: 0h:10m:36s (0h:4m:4s left)
Iteration 240 / LogL: -60668.502 / Time: 0h:10m:58s (0h:3m:34s left)
Iteration 250 / LogL: -60677.057 / Time: 0h:11m:20s (0h:3m:5s left)
Log-likelihood cutoff on original alignment: -60753.896
Iteration 260 / LogL: -60671.340 / Time: 0h:11m:43s (0h:2m:37s left)
Estimate model parameters (epsilon = 0.100)
BETTER TREE FOUND at iteration 269: -60662.477
Iteration 270 / LogL: -60670.203 / Time: 0h:12m:6s (0h:4m:27s left)
Iteration 280 / LogL: -60666.052 / Time: 0h:12m:28s (0h:3m:58s left)
Iteration 290 / LogL: -60667.282 / Time: 0h:12m:49s (0h:3m:30s left)
Iteration 300 / LogL: -60678.566 / Time: 0h:13m:12s (0h:3m:2s left)
Log-likelihood cutoff on original alignment: -60753.896
NOTE: Bootstrap correlation coefficient of split occurrence frequencies: 0.991
Iteration 310 / LogL: -60663.275 / Time: 0h:13m:36s (0h:3m:57s left)
Iteration 320 / LogL: -60674.933 / Time: 0h:13m:58s (0h:3m:30s left)
Iteration 330 / LogL: -60665.878 / Time: 0h:14m:21s (0h:3m:3s left)
Iteration 340 / LogL: -60693.194 / Time: 0h:14m:43s (0h:2m:36s left)
Estimate model parameters (epsilon = 0.100)
BETTER TREE FOUND at iteration 348: -60662.324
Iteration 350 / LogL: -60666.527 / Time: 0h:15m:7s (0h:4m:14s left)
Log-likelihood cutoff on original alignment: -60753.896
Estimate model parameters (epsilon = 0.100)
BETTER TREE FOUND at iteration 360: -60662.026
Iteration 360 / LogL: -60662.026 / Time: 0h:15m:32s (0h:4m:19s left)
Iteration 370 / LogL: -60688.554 / Time: 0h:15m:56s (0h:3m:53s left)
Iteration 380 / LogL: -60682.891 / Time: 0h:16m:19s (0h:3m:26s left)
Iteration 390 / LogL: -60682.813 / Time: 0h:16m:42s (0h:3m:0s left)
Iteration 400 / LogL: -60663.851 / Time: 0h:17m:5s (0h:2m:34s left)
Log-likelihood cutoff on original alignment: -60753.896
NOTE: Bootstrap correlation coefficient of split occurrence frequencies: 0.996
Iteration 410 / LogL: -60663.866 / Time: 0h:17m:29s (0h:3m:50s left)
Iteration 420 / LogL: -60678.484 / Time: 0h:17m:52s (0h:3m:24s left)
Iteration 430 / LogL: -60669.875 / Time: 0h:18m:15s (0h:2m:58s left)
Estimate model parameters (epsilon = 0.100)
BETTER TREE FOUND at iteration 436: -60661.753
Iteration 440 / LogL: -60677.253 / Time: 0h:18m:38s (0h:4m:4s left)
Iteration 450 / LogL: -60711.876 / Time: 0h:19m:2s (0h:3m:38s left)
Log-likelihood cutoff on original alignment: -60753.896
Iteration 460 / LogL: -60678.982 / Time: 0h:19m:26s (0h:3m:13s left)
Iteration 470 / LogL: -60662.958 / Time: 0h:19m:48s (0h:2m:47s left)
Estimate model parameters (epsilon = 0.100)
BETTER TREE FOUND at iteration 480: -60661.706
Iteration 480 / LogL: -60661.706 / Time: 0h:20m:12s (0h:4m:13s left)
Iteration 490 / LogL: -60663.943 / Time: 0h:20m:35s (0h:3m:47s left)
Iteration 500 / LogL: -60662.569 / Time: 0h:20m:58s (0h:3m:21s left)
Log-likelihood cutoff on original alignment: -60753.896
NOTE: Bootstrap correlation coefficient of split occurrence frequencies: 0.997
Iteration 510 / LogL: -60686.129 / Time: 0h:21m:22s (0h:3m:46s left)
Iteration 520 / LogL: -60664.093 / Time: 0h:21m:46s (0h:3m:21s left)
Iteration 530 / LogL: -60672.722 / Time: 0h:22m:9s (0h:2m:55s left)
Iteration 540 / LogL: -60671.441 / Time: 0h:22m:32s (0h:2m:30s left)
Iteration 550 / LogL: -60670.003 / Time: 0h:22m:55s (0h:2m:5s left)
Log-likelihood cutoff on original alignment: -60753.896
Iteration 560 / LogL: -60684.180 / Time: 0h:23m:19s (0h:1m:40s left)
Iteration 570 / LogL: -60665.768 / Time: 0h:23m:42s (0h:1m:14s left)
Iteration 580 / LogL: -60667.254 / Time: 0h:24m:5s (0h:0m:49s left)
TREE SEARCH COMPLETED AFTER 581 ITERATIONS / Time: 0h:24m:8s

--------------------------------------------------------------------
|                    FINALIZING TREE SEARCH                        |
--------------------------------------------------------------------
Performs final model parameters optimization
Estimate model parameters (epsilon = 0.010)
1. Initial log-likelihood: -60661.706
Optimal log-likelihood: -60661.704
Site proportion and rates:  (0.069,0.059) (0.098,0.193) (0.122,0.442) (0.193,0.731) (0.233,1.132) (0.285,1.818)
Parameters optimization took 1 rounds (0.412 sec)
BEST SCORE FOUND : -60661.704

Testing tree branches by SH-like aLRT with 2000 replicates...
0.857 sec.
Creating bootstrap support values...
Split supports printed to NEXUS file analyses/MIKC_orthogroup_selection-basal-v5_guide-v4_trees/aligned-mafft-einsi_trim-gt1-seqrmmanual/MIKC_orthogroup_selection-basal-v5_guide-v4_aligned-mafft-einsi_trim-gt1-seqrmmanual_iqtree-LGR6-bb2000-alrt2000.splits.nex
Total tree length: 161.667

Total number of iterations: 581
CPU time used for tree search: 8053.758 sec (2h:14m:13s)
Wall-clock time used for tree search: 1400.526 sec (0h:23m:20s)
Total CPU time used: 8236.591 sec (2h:17m:16s)
Total wall-clock time used: 1450.618 sec (0h:24m:10s)

Computing bootstrap consensus tree...
Reading input file analyses/MIKC_orthogroup_selection-basal-v5_guide-v4_trees/aligned-mafft-einsi_trim-gt1-seqrmmanual/MIKC_orthogroup_selection-basal-v5_guide-v4_aligned-mafft-einsi_trim-gt1-seqrmmanual_iqtree-LGR6-bb2000-alrt2000.splits.nex...
223 taxa and 1748 splits.
Consensus tree written to analyses/MIKC_orthogroup_selection-basal-v5_guide-v4_trees/aligned-mafft-einsi_trim-gt1-seqrmmanual/MIKC_orthogroup_selection-basal-v5_guide-v4_aligned-mafft-einsi_trim-gt1-seqrmmanual_iqtree-LGR6-bb2000-alrt2000.contree
Reading input trees file analyses/MIKC_orthogroup_selection-basal-v5_guide-v4_trees/aligned-mafft-einsi_trim-gt1-seqrmmanual/MIKC_orthogroup_selection-basal-v5_guide-v4_aligned-mafft-einsi_trim-gt1-seqrmmanual_iqtree-LGR6-bb2000-alrt2000.contree
Log-likelihood of consensus tree: -60662.354

Analysis results written to: 
  IQ-TREE report:                analyses/MIKC_orthogroup_selection-basal-v5_guide-v4_trees/aligned-mafft-einsi_trim-gt1-seqrmmanual/MIKC_orthogroup_selection-basal-v5_guide-v4_aligned-mafft-einsi_trim-gt1-seqrmmanual_iqtree-LGR6-bb2000-alrt2000.iqtree
  Maximum-likelihood tree:       analyses/MIKC_orthogroup_selection-basal-v5_guide-v4_trees/aligned-mafft-einsi_trim-gt1-seqrmmanual/MIKC_orthogroup_selection-basal-v5_guide-v4_aligned-mafft-einsi_trim-gt1-seqrmmanual_iqtree-LGR6-bb2000-alrt2000.treefile
  Likelihood distances:          analyses/MIKC_orthogroup_selection-basal-v5_guide-v4_trees/aligned-mafft-einsi_trim-gt1-seqrmmanual/MIKC_orthogroup_selection-basal-v5_guide-v4_aligned-mafft-einsi_trim-gt1-seqrmmanual_iqtree-LGR6-bb2000-alrt2000.mldist

Ultrafast bootstrap approximation results written to:
  Split support values:          analyses/MIKC_orthogroup_selection-basal-v5_guide-v4_trees/aligned-mafft-einsi_trim-gt1-seqrmmanual/MIKC_orthogroup_selection-basal-v5_guide-v4_aligned-mafft-einsi_trim-gt1-seqrmmanual_iqtree-LGR6-bb2000-alrt2000.splits.nex
  Consensus tree:                analyses/MIKC_orthogroup_selection-basal-v5_guide-v4_trees/aligned-mafft-einsi_trim-gt1-seqrmmanual/MIKC_orthogroup_selection-basal-v5_guide-v4_aligned-mafft-einsi_trim-gt1-seqrmmanual_iqtree-LGR6-bb2000-alrt2000.contree
  Screen log file:               analyses/MIKC_orthogroup_selection-basal-v5_guide-v4_trees/aligned-mafft-einsi_trim-gt1-seqrmmanual/MIKC_orthogroup_selection-basal-v5_guide-v4_aligned-mafft-einsi_trim-gt1-seqrmmanual_iqtree-LGR6-bb2000-alrt2000.log

Date and Time: Thu Jul  2 12:19:29 2020
