IQ-TREE multicore version 1.6.12 for Linux 64-bit built Aug 15 2019
Developed by Bui Quang Minh, Nguyen Lam Tung, Olga Chernomor,
Heiko Schmidt, Dominik Schrempf, Michael Woodhams.

Host:    LauraDesktop (AVX2, FMA3, 23 GB RAM)
Command: iqtree -s data/alignments_trimmed/MIKC_orthogroup_selection-basal-v8_guide-v4_aligned-mafft-einsi_trim-gt1.fasta -m MFP -bb 2000 -alrt 2000 -nt AUTO -ntmax 4 -pre analyses/MIKC_orthogroup_selection-basal-v8_guide-v4_trees/aligned-mafft-einsi_trim-gt1/MIKC_orthogroup_selection-basal-v8_guide-v4_aligned-mafft-einsi_trim-gt1_iqtree-bb2000-alrt2000
Seed:    212525 (Using SPRNG - Scalable Parallel Random Number Generator)
Time:    Wed Aug 19 14:25:23 2020
Kernel:  AVX+FMA - auto-detect threads (4 CPU cores detected)

Reading alignment file data/alignments_trimmed/MIKC_orthogroup_selection-basal-v8_guide-v4_aligned-mafft-einsi_trim-gt1.fasta ... Fasta format detected
Alignment most likely contains protein sequences
Alignment has 126 sequences with 303 columns, 303 distinct patterns
296 parsimony-informative, 6 singleton sites, 1 constant sites
                                             Gap/Ambiguity  Composition  p-value
   1  cgMADS1_BAD88436                              36.96%    passed     72.88%
   2  CRM1_CAA69276                                 22.11%    passed     57.66%
   3  CRM2_CAA69277                                 34.98%    passed      9.44%
   4  CRM3_CAA69407                                 29.70%    failed      2.39%
   5  CRM4_CAA69408                                 28.71%    passed      7.14%
   6  CRM5_CAA69409                                 29.04%    failed      1.09%
   7  CRM6_CAA69410                                 34.32%    passed     49.78%
   8  CRM7_CAA69411                                 36.96%    passed     46.89%
   9  OPM1_CAA69412                                 29.37%    passed     95.71%
  10  CMADS1_AAC24492                               15.84%    passed     14.58%
  11  CMADS2_AAC24493                               21.78%    passed     44.42%
  12  CMADS3_AAC24319                               22.11%    passed     59.89%
  13  CMADS4_AAC24320                               23.43%    passed     95.67%
  14  CMADS6_AAC24325                               43.23%    failed      4.64%
  15  SmMADS6                                       26.07%    passed     48.57%
  16  SmMADS3                                       23.10%    passed      9.13%
  17  SmMADS1                                       17.82%    failed      3.18%
  18  PPM1_Pp012G078200                             11.22%    passed     39.70%
  19  PPM2_Pp003G125000                             10.56%    passed     72.28%
  20  PpMADS1_Pp004G002000                          14.52%    passed     62.98%
  21  PpMADS_S                                      12.87%    passed     53.30%
  22  PPMC5_Pp017G019900                            10.56%    passed     15.55%
  23  PPMC6_Pp014G056100                            10.56%    passed     12.22%
  24  PI                                            31.68%    passed     23.89%
  25  AP3                                           25.08%    passed     16.56%
  26  AGL2_SEP1                                     15.18%    failed      1.82%
  27  AGL6                                          17.16%    passed     37.72%
  28  AGL8_FUL                                      22.44%    passed     96.59%
  29  AGL25_FLC                                     36.30%    passed     21.81%
  30  AG                                            22.77%    failed      4.17%
  31  AGL12                                         33.00%    passed     45.90%
  32  AGL15                                         18.81%    passed     78.84%
  33  AGL17                                         25.41%    passed     91.01%
  34  AGL20_SOC1                                    29.37%    passed     54.59%
  35  AGL22_SVP                                     22.77%    passed     95.85%
  36  AGL32_ABS                                     20.46%    failed      1.37%
  37  AGL33                                         67.66%    passed     19.89%
  38  OsMADS2                                       32.01%    passed     77.20%
  39  OsMADS16                                      27.72%    passed     17.36%
  40  OsMADS55                                      35.64%    passed     82.47%
  41  OsMADS30                                      27.72%    passed     31.71%
  42  OsMADS6                                       18.15%    passed     36.31%
  43  OsMADS8                                       20.13%    passed     54.66%
  44  OsMADS15                                      18.15%    passed      5.70%
  45  OsMADS23                                      47.52%    passed     99.05%
  46  OsMADS26                                      29.37%    passed     26.17%
  47  OsMADS3                                       17.82%    passed      7.11%
  48  AtSTK_Homeotic_D                              22.44%    passed      9.29%
  49  AtAP1_Homeotic_A                              20.46%    passed     19.71%
  50  OsMADS14_Homeotic_A                           24.42%    passed     41.85%
  51  MpMADS2                                       14.19%    passed     48.42%
  52  Azfi_s0028.g024032_manually_reannotated       34.98%    passed     33.02%
  53  PIVW-2001489-Ceratopteris_thalictroides       47.85%    passed     43.21%
  54  IRBN-2000158-Scapania_nemorosa                52.15%    passed     97.96%
  55  ENQF-2084602-Lycopodium_annotinum             24.09%    passed     91.55%
  56  PIVW-2016418-Ceratopteris_thalictroides       35.64%    passed     48.15%
  57  FFPD-2013099-Ceratodon_purpureus              13.20%    passed     62.00%
  58  CVEG-2124355-Azolla_cf._caroliniana           45.54%    passed     92.98%
  59  PIVW-2002304-Ceratopteris_thalictroides       57.10%    passed     71.60%
  60  PIVW-2019843-Ceratopteris_thalictroides       44.22%    passed     91.77%
  61  RDOO-2000812-Racomitrium_varium               32.01%    passed     51.65%
  62  PIVW-2004036-Ceratopteris_thalictroides       43.23%    passed     73.88%
  63  ENQF-2007944-Lycopodium_annotinum             24.09%    passed     67.95%
  64  PIVW-2020998-Ceratopteris_thalictroides       43.89%    passed     89.92%
  65  UPMJ-2005050-Pseudolycopodiella_caroliniana   43.23%    passed     94.81%
  66  PIVW-2004304-Ceratopteris_thalictroides       55.78%    passed     93.25%
  67  PIVW-2000174-Ceratopteris_thalictroides       51.49%    passed     90.02%
  68  ENQF-2004632-Lycopodium_annotinum             52.15%    passed     42.05%
  69  PIVW-2000450-Ceratopteris_thalictroides       42.90%    passed     56.47%
  70  QMWB-2056566-Anomodon_attenuatus              57.76%    passed     95.00%
  71  RDOO-2000811-Racomitrium_varium               19.47%    passed     26.05%
  72  CBAE-2013716-Huperzia_myrisinites             27.39%    passed     65.84%
  73  UPMJ-2005049-Pseudolycopodiella_caroliniana   43.23%    passed     94.81%
  74  CBAE-2013582-Huperzia_myrisinites             35.97%    passed     98.23%
  75  PIVW-2008000-Ceratopteris_thalictroides       44.22%    passed     11.07%
  76  UPMJ-2014960-Pseudolycopodiella_caroliniana   33.66%    passed     95.61%
  77  PIVW-2004305-Ceratopteris_thalictroides       48.51%    passed     92.70%
  78  LGOW-2012213-Schistochila_sp.                 46.53%    passed     94.60%
  79  PIVW-2004303-Ceratopteris_thalictroides       54.13%    passed     96.86%
  80  PIVW-2001491-Ceratopteris_thalictroides       49.83%    passed     77.52%
  81  ENQF-2004631-Lycopodium_annotinum             52.15%    passed     42.05%
  82  PIVW-2001490-Ceratopteris_thalictroides       49.83%    passed     73.25%
  83  FFPD-2013100-Ceratodon_purpureus              13.20%    passed     53.29%
  84  UPMJ-2002417-Pseudolycopodiella_caroliniana   52.48%    passed     30.16%
  85  PIVW-2002392-Ceratopteris_thalictroides       42.90%    passed      5.96%
  86  CBAE-2009937-Huperzia_myrisinites             44.55%    passed     74.97%
  87  PIVW-2019502-Ceratopteris_thalictroides       42.24%    passed     75.82%
  88  FFPD-2057947-Ceratodon_purpureus              15.18%    passed     18.74%
  89  CVEG-2033633-Azolla_cf._caroliniana           40.92%    passed     96.85%
  90  ENQF-2015023-Lycopodium_annotinum             35.64%    passed     88.95%
  91  PIVW-2004035-Ceratopteris_thalictroides       43.23%    passed     73.88%
  92  UPMJ-2008884-Pseudolycopodiella_caroliniana   49.17%    passed     99.76%
  93  PIVW-2003993-Ceratopteris_thalictroides       42.90%    passed     67.04%
  94  PIVW-2003992-Ceratopteris_thalictroides       42.90%    passed     67.04%
  95  PIVW-2009413-Ceratopteris_thalictroides       49.50%    passed     71.35%
  96  CBAE-2012867-Huperzia_myrisinites             43.23%    passed     95.27%
  97  PIVW-2000173-Ceratopteris_thalictroides       50.83%    passed     96.58%
  98  UPMJ-2017788-Pseudolycopodiella_caroliniana   31.35%    passed     69.85%
  99  PIVW-2004302-Ceratopteris_thalictroides       55.78%    passed     91.78%
 100  PIVW-2009414-Ceratopteris_thalictroides       49.50%    passed     71.35%
 101  PIVW-2007999-Ceratopteris_thalictroides       44.22%    passed     11.07%
 102  NRWZ-2014421-Metzgeria_crassipilis            16.50%    passed     65.34%
 103  PIVW-2001493-Ceratopteris_thalictroides       47.85%    passed     43.21%
 104  RDOO-2015055-Racomitrium_varium               45.54%    passed     69.20%
 105  CVEG-2123825-Azolla_cf._caroliniana           50.50%    passed     87.95%
 106  CVEG-2010487-Azolla_cf._caroliniana           49.17%    passed     93.19%
 107  XMGP-2014150-Juniperus_scopulorum             44.55%    passed     71.55%
 108  JZVE-2034291-Parasitaxus_usta                 45.54%    passed     85.00%
 109  XMGP-2012223-Juniperus_scopulorum             46.86%    passed     65.68%
 110  XMGP-2002769-Juniperus_scopulorum             49.17%    passed     72.79%
 111  JZVE-2035359-Parasitaxus_usta                 50.17%    passed     11.71%
 112  JZVE-2036348-Parasitaxus_usta                 30.69%    passed     80.76%
 113  JZVE-2036124-Parasitaxus_usta                 30.69%    passed     69.44%
 114  JZVE-2032691-Parasitaxus_usta                 48.84%    passed     56.50%
 115  JZVE-2006929-Parasitaxus_usta                 40.26%    passed     99.15%
 116  JZVE-2007309-Parasitaxus_usta                 51.49%    passed     80.17%
 117  JZVE-2003013-Parasitaxus_usta                 48.84%    passed     88.80%
 118  XMGP-2009071-Juniperus_scopulorum             49.83%    passed     92.54%
 119  XMGP-2003328-Juniperus_scopulorum             43.89%    passed     32.14%
 120  JZVE-2003919-Parasitaxus_usta                 46.86%    passed     64.16%
 121  JZVE-2004736-Parasitaxus_usta                 40.26%    passed     86.63%
 122  XMGP-2007459-Juniperus_scopulorum             21.78%    passed      7.30%
 123  XMGP-2058097-Juniperus_scopulorum             30.69%    passed     46.93%
 124  JZVE-2004735-Parasitaxus_usta                 46.53%    passed     85.69%
 125  JZVE-2036946-Parasitaxus_usta                 28.38%    passed     81.01%
 126  JZVE-2007246-Parasitaxus_usta                 19.47%    passed     21.07%
WARNING: 15 sequences contain more than 50% gaps/ambiguity
****  TOTAL                                         35.00%  7 sequences failed composition chi2 test (p-value<5%; df=19)
NOTE: PIVW-2001493-Ceratopteris_thalictroides is identical to PIVW-2001489-Ceratopteris_thalictroides but kept for subsequent analysis
NOTE: PIVW-2004035-Ceratopteris_thalictroides is identical to PIVW-2004036-Ceratopteris_thalictroides but kept for subsequent analysis
NOTE: UPMJ-2005049-Pseudolycopodiella_caroliniana is identical to UPMJ-2005050-Pseudolycopodiella_caroliniana but kept for subsequent analysis
NOTE: ENQF-2004631-Lycopodium_annotinum is identical to ENQF-2004632-Lycopodium_annotinum but kept for subsequent analysis
NOTE: PIVW-2007999-Ceratopteris_thalictroides is identical to PIVW-2008000-Ceratopteris_thalictroides but kept for subsequent analysis
NOTE: PIVW-2003992-Ceratopteris_thalictroides is identical to PIVW-2003993-Ceratopteris_thalictroides but kept for subsequent analysis
NOTE: PIVW-2009414-Ceratopteris_thalictroides is identical to PIVW-2009413-Ceratopteris_thalictroides but kept for subsequent analysis


Create initial parsimony tree by phylogenetic likelihood library (PLL)... 0.063 seconds
NOTE: ModelFinder requires 65 MB RAM!
ModelFinder will test 546 protein models (sample size: 303) ...
 No. Model         -LnL         df  AIC          AICc         BIC
Measuring multi-threading efficiency up to 4 CPU cores
Increase to 10 rounds for branch lengths
23 trees examined
Threads: 1 / Time: 4.107 sec / Speedup: 1.000 / Efficiency: 100% / LogL: -47524
Threads: 2 / Time: 2.455 sec / Speedup: 1.673 / Efficiency: 84% / LogL: -47524
Threads: 3 / Time: 2.934 sec / Speedup: 1.400 / Efficiency: 47% / LogL: -47524
BEST NUMBER OF THREADS: 2

  1  Dayhoff       33524.312    249 67546.624    69895.681    68471.343
  2  Dayhoff+I     33499.071    250 67498.141    69911.603    68426.574
  3  Dayhoff+G4    31917.734    250 64335.467    66748.929    65263.900
  4  Dayhoff+I+G4  31917.655    251 64337.310    66817.781    65269.457
  5  Dayhoff+R2    32188.968    251 64879.935    67360.406    65812.082
  6  Dayhoff+R3    31978.662    253 64463.324    67086.263    65402.899
  7  Dayhoff+R4    31887.391    255 64284.782    67062.654    65231.784
  8  Dayhoff+R5    31847.592    257 64209.184    67156.118    65163.614
  9  Dayhoff+R6    31839.089    259 64196.178    67328.271    65158.034
 10  Dayhoff+R7    31835.520    261 64193.040    67528.747    65162.324
 14  Dayhoff+F     33544.221    268 67624.441    71865.147    68619.722
 15  Dayhoff+F+I   33508.326    269 67554.652    71956.470    68553.646
 16  Dayhoff+F+G4  31872.311    269 64282.622    68684.440    65281.616
 17  Dayhoff+F+I+G4 31871.822    270 64283.644    68856.769    65286.352
 18  Dayhoff+F+R2  32165.553    270 64871.106    69444.231    65873.814
 19  Dayhoff+F+R3  31945.592    272 64435.184    69385.584    65445.319
 20  Dayhoff+F+R4  31843.096    274 64234.192    69616.335    65251.755
 21  Dayhoff+F+R5  31808.364    276 64168.728    70049.651    65193.718
 22  Dayhoff+F+R6  31800.820    278 64157.640    70621.140    65190.058
 23  Dayhoff+F+R7  31795.521    280 64151.042    71303.769    65190.887
 27  mtMAM         36354.498    249 73206.996    75556.053    74131.716
 28  mtMAM+I       36329.476    250 73158.952    75572.413    74087.385
 29  mtMAM+G4      33409.403    250 67318.807    69732.268    68247.240
 30  mtMAM+I+G4    33409.441    251 67320.882    69801.352    68253.029
 31  mtMAM+R2      33880.639    251 68263.278    70743.748    69195.425
 32  mtMAM+R3      33568.217    253 67642.434    70265.373    68582.008
 33  mtMAM+R4      33406.796    255 67323.593    70101.465    68270.595
 34  mtMAM+R5      33347.310    257 67208.621    70155.554    68163.050
 35  mtMAM+R6      33328.532    259 67175.064    70307.157    68136.921
 36  mtMAM+R7      33319.555    261 67161.109    70496.816    68130.393
 37  mtMAM+R8      33284.587    263 67095.174    70655.789    68071.886
 38  mtMAM+R9      33276.671    265 67083.342    70893.612    68067.481
 39  mtMAM+R10     33275.347    267 67084.694    71173.609    68076.261
 40  mtMAM+F       34560.255    268 69656.511    73897.217    70651.791
 41  mtMAM+F+I     34523.475    269 69584.951    73986.769    70583.945
 42  mtMAM+F+G4    32331.921    269 65201.842    69603.660    66200.836
 43  mtMAM+F+I+G4  32329.705    270 65199.411    69772.536    66202.119
 44  mtMAM+F+R2    32731.347    270 66002.695    70575.820    67005.403
 45  mtMAM+F+R3    32439.663    272 65423.325    70373.725    66433.461
 46  mtMAM+F+R4    32324.099    274 65196.199    70578.341    66213.761
 47  mtMAM+F+R5    32285.754    276 65123.508    71004.431    66148.498
 48  mtMAM+F+R6    32268.088    278 65092.176    71555.676    66124.594
 49  mtMAM+F+R7    32259.912    280 65079.824    72232.552    66119.670
 50  mtMAM+F+R8    32233.907    282 65031.815    73012.415    66079.087
 51  mtMAM+F+R9    32229.189    284 65026.379    74019.712    66081.079
 53  JTT           33093.838    249 66685.676    69034.733    67610.395
 54  JTT+I         33060.781    250 66621.562    69035.024    67549.995
 55  JTT+G4        31467.558    250 63435.116    65848.577    64363.549
 56  JTT+I+G4      31464.845    251 63431.690    65912.161    64363.837
 57  JTT+R2        31705.222    251 63912.444    66392.915    64844.591
 58  JTT+R3        31508.372    253 63522.744    66145.683    64462.318
 59  JTT+R4        31413.295    255 63336.589    66114.462    64283.591
 60  JTT+R5        31389.701    257 63293.401    66240.335    64247.831
 61  JTT+R6        31380.145    259 63278.289    66410.382    64240.146
 62  JTT+R7        31374.814    261 63271.629    66607.336    64240.913
 66  JTT+F         33166.184    268 66868.367    71109.073    67863.647
 67  JTT+F+I       33122.106    269 66782.211    71184.029    67781.205
 68  JTT+F+G4      31493.603    269 63525.206    67927.024    64524.200
 69  JTT+F+I+G4    31490.258    270 63520.515    68093.640    64523.223
 70  JTT+F+R2      31759.665    270 64059.329    68632.454    65062.037
 71  JTT+F+R3      31537.868    272 63619.736    68570.136    64629.871
 72  JTT+F+R4      31437.741    274 63423.483    68805.625    64441.045
 73  JTT+F+R5      31421.622    276 63395.245    69276.168    64420.235
 74  JTT+F+R6      31412.521    278 63381.042    69844.542    64413.460
 75  JTT+F+R7      31408.339    280 63376.677    70529.405    64416.523
 79  WAG           33261.925    249 67021.850    69370.907    67946.570
 80  WAG+I         33222.910    250 66945.821    69359.282    67874.254
 81  WAG+G4        31737.990    250 63975.979    66389.441    64904.413
 82  WAG+I+G4      31735.677    251 63973.354    66453.824    64905.501
 83  WAG+R2        32011.781    251 64525.562    67006.032    65457.709
 84  WAG+R3        31796.999    253 64099.998    66722.937    65039.573
 85  WAG+R4        31689.820    255 63889.639    66667.512    64836.641
 86  WAG+R5        31669.410    257 63852.821    66799.754    64807.250
 87  WAG+R6        31665.483    259 63848.965    66981.058    64810.822
 92  WAG+F         33510.636    268 67557.271    71797.977    68552.551
 93  WAG+F+I       33460.261    269 67458.522    71860.340    68457.516
 94  WAG+F+G4      31873.695    269 64285.389    68687.208    65284.384
 95  WAG+F+I+G4    31870.369    270 64280.739    68853.864    65283.446
 96  WAG+F+R2      32204.550    270 64949.100    69522.225    65951.808
 97  WAG+F+R3      31941.200    272 64426.399    69376.799    65436.535
 98  WAG+F+R4      31832.361    274 64212.722    69594.865    65230.285
 99  WAG+F+R5      31811.831    276 64175.662    70056.585    65200.652
100  WAG+F+R6      31805.934    278 64167.869    70631.369    65200.287
101  WAG+F+R7      31802.721    280 64165.443    71318.170    65205.288
105  cpREV         33645.198    249 67788.395    70137.452    68713.115
106  cpREV+I       33583.320    250 67666.639    70080.101    68595.073
107  cpREV+G4      31897.766    250 64295.532    66708.994    65223.965
108  cpREV+I+G4    31890.436    251 64282.873    66763.344    65215.020
109  cpREV+R2      32226.105    251 64954.210    67434.680    65886.357
110  cpREV+R3      31967.020    253 64440.039    67062.978    65379.614
111  cpREV+R4      31856.781    255 64223.562    67001.435    65170.564
112  cpREV+R5      31829.181    257 64172.361    67119.294    65126.790
113  cpREV+R6      31820.462    259 64158.924    67291.017    65120.781
114  cpREV+R7      31815.008    261 64152.016    67487.723    65121.300
118  cpREV+F       34082.384    268 68700.768    72941.473    69696.048
119  cpREV+F+I     34009.286    269 68556.572    72958.390    69555.566
120  cpREV+F+G4    32150.000    269 64838.000    69239.819    65836.995
121  cpREV+F+I+G4  32143.997    270 64827.993    69401.118    65830.701
122  cpREV+F+R2    32576.688    270 65693.375    70266.500    66696.083
123  cpREV+F+R3    32239.028    272 65022.056    69972.456    66032.192
124  cpREV+F+R4    32117.646    274 64783.292    70165.435    65800.855
125  cpREV+F+R5    32102.109    276 64756.218    70637.141    65781.208
126  cpREV+F+R6    32088.666    278 64733.332    71196.832    65765.750
127  cpREV+F+R7    32079.015    280 64718.030    71870.757    65757.875
128  cpREV+F+R8    32063.668    282 64691.336    72671.936    65738.608
129  cpREV+F+R9    32063.335    284 64694.670    73688.004    65749.371
131  mtREV         35203.572    249 70905.143    73254.200    71829.863
132  mtREV+I       35166.446    250 70832.892    73246.353    71761.325
133  mtREV+G4      33069.948    250 66639.897    69053.358    67568.330
134  mtREV+I+G4    33066.850    251 66635.700    69116.171    67567.847
135  mtREV+R2      33333.094    251 67168.188    69648.658    68100.335
136  mtREV+R3      33113.564    253 66733.128    69356.067    67672.703
137  mtREV+R4      33016.976    255 66543.952    69321.824    67490.954
138  mtREV+R5      33002.105    257 66518.209    69465.143    67472.639
139  mtREV+R6      32995.290    259 66508.579    69640.672    67470.436
140  mtREV+R7      32988.741    261 66499.482    69835.189    67468.766
141  mtREV+R8      32962.733    263 66451.466    70012.081    67428.178
142  mtREV+R9      32959.904    265 66449.808    70260.078    67433.947
144  mtREV+F       33894.234    268 68324.467    72565.173    69319.748
145  mtREV+F+I     33842.743    269 68223.486    72625.304    69222.480
146  mtREV+F+G4    32091.595    269 64721.190    69123.008    65720.184
147  mtREV+F+I+G4  32087.525    270 64715.050    69288.175    65717.758
148  mtREV+F+R2    32428.974    270 65397.947    69971.072    66400.655
149  mtREV+F+R3    32140.571    272 64825.142    69775.542    65835.277
150  mtREV+F+R4    32050.470    274 64648.940    70031.083    65666.503
151  mtREV+F+R5    32029.664    276 64611.328    70492.252    65636.319
152  mtREV+F+R6    32019.953    278 64595.905    71059.405    65628.323
153  mtREV+F+R7    32013.328    280 64586.656    71739.384    65626.502
154  mtREV+F+R8    31996.014    282 64556.027    72536.627    65603.300
155  mtREV+F+R9    31995.487    284 64558.974    73552.308    65613.674
157  rtREV         33555.384    249 67608.768    69957.825    68533.487
158  rtREV+I       33521.618    250 67543.236    69956.698    68471.669
159  rtREV+G4      31919.689    250 64339.378    66752.840    65267.811
160  rtREV+I+G4    31917.099    251 64336.198    66816.668    65268.344
161  rtREV+R2      32183.091    251 64868.183    67348.654    65800.330
162  rtREV+R3      31970.156    253 64446.312    67069.251    65385.887
163  rtREV+R4      31879.182    255 64268.365    67046.237    65215.367
164  rtREV+R5      31856.673    257 64227.347    67174.280    65181.776
165  rtREV+R6      31852.661    259 64223.321    67355.414    65185.178
170  rtREV+F       33563.362    268 67662.724    71903.430    68658.005
171  rtREV+F+I     33519.407    269 67576.814    71978.633    68575.809
172  rtREV+F+G4    31868.478    269 64274.955    68676.773    65273.949
173  rtREV+F+I+G4  31864.668    270 64269.336    68842.461    65272.044
174  rtREV+F+R2    32165.123    270 64870.246    69443.371    65872.954
175  rtREV+F+R3    31935.331    272 64414.662    69365.062    65424.798
176  rtREV+F+R4    31824.393    274 64196.785    69578.928    65214.348
177  rtREV+F+R5    31805.026    276 64162.052    70042.975    65187.042
178  rtREV+F+R6    31798.123    278 64152.247    70615.747    65184.664
179  rtREV+F+R7    31793.957    280 64147.915    71300.642    65187.760
183  mtART         36267.081    249 73032.162    75381.218    73956.881
184  mtART+I       36235.744    250 72971.488    75384.949    73899.921
185  mtART+G4      33364.793    250 67229.586    69643.047    68158.019
186  mtART+I+G4    33364.319    251 67230.638    69711.109    68162.785
187  mtART+R2      33795.509    251 68093.017    70573.488    69025.164
188  mtART+R3      33449.743    253 67405.487    70028.426    68345.061
189  mtART+R4      33314.347    255 67138.694    69916.567    68085.696
190  mtART+R5      33295.898    257 67105.797    70052.730    68060.226
191  mtART+R6      33281.572    259 67081.145    70213.238    68043.001
192  mtART+R7      33271.407    261 67064.815    70400.522    68034.099
193  mtART+R8      33243.988    263 67013.976    70574.591    67990.687
194  mtART+R9      33241.728    265 67013.455    70823.726    67997.594
196  mtART+F       34617.074    268 69770.147    74010.853    70765.428
197  mtART+F+I     34574.477    269 69686.955    74088.773    70685.949
198  mtART+F+G4    32259.873    269 65057.747    69459.565    66056.741
199  mtART+F+I+G4  32257.316    270 65054.633    69627.758    66057.340
200  mtART+F+R2    32710.287    270 65960.574    70533.699    66963.282
201  mtART+F+R3    32389.217    272 65322.435    70272.835    66332.570
202  mtART+F+R4    32246.002    274 65040.004    70422.147    66057.567
203  mtART+F+R5    32237.024    276 65026.048    70906.971    66051.038
204  mtART+F+R6    32224.824    278 65005.649    71469.149    66038.067
205  mtART+F+R7    32218.235    280 64996.471    72149.198    66036.316
206  mtART+F+R8    32198.930    282 64961.859    72942.459    66009.132
207  mtART+F+R9    32197.565    284 64963.131    73956.464    66017.831
209  mtZOA         35092.747    249 70683.494    73032.550    71608.213
210  mtZOA+I       35066.933    250 70633.866    73047.327    71562.299
211  mtZOA+G4      32623.880    250 65747.759    68161.221    66676.192
212  mtZOA+I+G4    32623.597    251 65749.193    68229.664    66681.340
213  mtZOA+R2      32923.630    251 66349.260    68829.730    67281.406
214  mtZOA+R3      32676.154    253 65858.308    68481.247    66797.882
215  mtZOA+R4      32566.645    255 65643.290    68421.163    66590.292
216  mtZOA+R5      32546.555    257 65607.110    68554.043    66561.539
217  mtZOA+R6      32537.283    259 65592.565    68724.658    66554.422
218  mtZOA+R7      32531.489    261 65584.978    68920.685    66554.262
219  mtZOA+R8      32514.012    263 65554.023    69114.639    66530.735
220  mtZOA+R9      32512.496    265 65554.993    69365.263    66539.132
222  mtZOA+F       34034.986    268 68605.971    72846.677    69601.252
223  mtZOA+F+I     33992.625    269 68523.250    72925.068    69522.244
224  mtZOA+F+G4    31971.133    269 64480.267    68882.085    65479.261
225  mtZOA+F+I+G4  31969.280    270 64478.560    69051.685    65481.268
226  mtZOA+F+R2    32340.400    270 65220.800    69793.925    66223.508
227  mtZOA+F+R3    32067.408    272 64678.815    69629.215    65688.951
228  mtZOA+F+R4    31945.970    274 64439.940    69822.083    65457.502
229  mtZOA+F+R5    31931.560    276 64415.121    70296.044    65440.111
230  mtZOA+F+R6    31922.401    278 64400.802    70864.302    65433.220
231  mtZOA+F+R7    31917.168    280 64394.336    71547.063    65434.181
235  VT            33177.057    249 66852.115    69201.171    67776.834
236  VT+I          33139.532    250 66779.063    69192.525    67707.497
237  VT+G4         31716.983    250 63933.966    66347.428    64862.399
238  VT+I+G4       31713.977    251 63929.954    66410.424    64862.100
239  VT+R2         31936.822    251 64375.644    66856.114    65307.791
240  VT+R3         31753.524    253 64013.048    66635.987    64952.623
241  VT+R4         31655.413    255 63820.826    66598.698    64767.827
242  VT+R5         31637.827    257 63789.654    66736.587    64744.083
243  VT+R6         31636.708    259 63791.416    66923.509    64753.272
248  VT+F          33329.792    268 67195.584    71436.290    68190.864
249  VT+F+I        33284.508    269 67107.016    71508.834    68106.010
250  VT+F+G4       31819.566    269 64177.132    68578.950    65176.126
251  VT+F+I+G4     31815.858    270 64171.716    68744.841    65174.424
252  VT+F+R2       32073.823    270 64687.646    69260.771    65690.354
253  VT+F+R3       31860.570    272 64265.141    69215.541    65275.276
254  VT+F+R4       31762.814    274 64073.628    69455.771    65091.191
255  VT+F+R5       31745.811    276 64043.622    69924.545    65068.612
256  VT+F+R6       31744.616    278 64045.232    70508.732    65077.650
261  LG            33258.993    249 67015.986    69365.043    67940.706
262  LG+I          33222.381    250 66944.761    69358.223    67873.194
263  LG+G4         31573.371    250 63646.742    66060.203    64575.175
264  LG+I+G4       31570.218    251 63642.435    66122.906    64574.582
265  LG+R2         31842.388    251 64186.775    66667.246    65118.922
266  LG+R3         31632.464    253 63770.929    66393.868    64710.503
267  LG+R4         31534.299    255 63578.597    66356.470    64525.599
268  LG+R5         31509.716    257 63533.432    66480.366    64487.862
269  LG+R6         31507.593    259 63533.186    66665.279    64495.043
274  LG+F          33425.235    268 67386.471    71627.177    68381.751
275  LG+F+I        33379.231    269 67296.462    71698.280    68295.456
276  LG+F+G4       31690.919    269 63919.839    68321.657    64918.833
277  LG+F+I+G4     31687.267    270 63914.534    68487.659    64917.241
278  LG+F+R2       31992.031    270 64524.063    69097.188    65526.771
279  LG+F+R3       31751.167    272 64046.334    68996.734    65056.470
280  LG+F+R4       31645.710    274 63839.420    69221.563    64856.983
281  LG+F+R5       31625.201    276 63802.402    69683.325    64827.392
282  LG+F+R6       31622.411    278 63800.821    70264.321    64833.239
287  DCMut         33522.467    249 67542.934    69891.990    68467.653
288  DCMut+I       33497.188    250 67494.376    69907.838    68422.810
289  DCMut+G4      31919.265    250 64338.531    66751.992    65266.964
290  DCMut+I+G4    31919.190    251 64340.379    66820.850    65272.526
291  DCMut+R2      32189.299    251 64880.597    67361.068    65812.744
292  DCMut+R3      31980.074    253 64466.149    67089.088    65405.723
293  DCMut+R4      31865.920    255 64241.839    67019.712    65188.841
294  DCMut+R5      31849.080    257 64212.160    67159.094    65166.590
295  DCMut+R6      31846.873    259 64211.746    67343.839    65173.603
300  DCMut+F       33541.652    268 67619.304    71860.009    68614.584
301  DCMut+F+I     33505.758    269 67549.517    71951.335    68548.511
302  DCMut+F+G4    31873.244    269 64284.488    68686.306    65283.482
303  DCMut+F+I+G4  31872.742    270 64285.484    68858.609    65288.192
304  DCMut+F+R2    32165.476    270 64870.951    69444.076    65873.659
305  DCMut+F+R3    31946.583    272 64437.166    69387.566    65447.301
306  DCMut+F+R4    31822.700    274 64193.400    69575.543    65210.963
307  DCMut+F+R5    31808.099    276 64168.198    70049.121    65193.188
308  DCMut+F+R6    31805.467    278 64166.935    70630.435    65199.353
313  PMB           33505.300    249 67508.599    69857.656    68433.319
314  PMB+I         33467.590    250 67435.179    69848.641    68363.612
315  PMB+G4        32049.245    250 64598.491    67011.952    65526.924
316  PMB+I+G4      32045.454    251 64592.908    67073.379    65525.055
317  PMB+R2        32254.687    251 65011.373    67491.844    65943.520
318  PMB+R3        32091.155    253 64688.311    67311.250    65627.885
319  PMB+R4        31986.790    255 64483.581    67261.453    65430.583
320  PMB+R5        31973.358    257 64460.715    67407.648    65415.144
321  PMB+R6        31969.967    259 64457.933    67590.026    65419.790
326  PMB+F         33731.606    268 67999.211    72239.917    68994.492
327  PMB+F+I       33686.573    269 67911.145    72312.963    68910.139
328  PMB+F+G4      32199.582    269 64937.164    69338.983    65936.159
329  PMB+F+I+G4    32196.100    270 64932.200    69505.325    65934.908
330  PMB+F+R2      32463.308    270 65466.615    70039.740    66469.323
331  PMB+F+R3      32255.770    272 65055.539    70005.939    66065.675
332  PMB+F+R4      32147.728    274 64843.457    70225.600    65861.020
333  PMB+F+R5      32128.937    276 64809.873    70690.796    65834.863
334  PMB+F+R6      32127.155    278 64810.310    71273.810    65842.728
339  HIVb          34085.690    249 68669.380    71018.437    69594.100
340  HIVb+I        34024.047    250 68548.094    70961.556    69476.527
341  HIVb+G4       31919.045    250 64338.091    66751.552    65266.524
342  HIVb+I+G4     31915.345    251 64332.690    66813.161    65264.837
343  HIVb+R2       32259.150    251 65020.301    67500.772    65952.448
344  HIVb+R3       31954.137    253 64414.274    67037.213    65353.849
345  HIVb+R4       31859.796    255 64229.593    67007.465    65176.594
346  HIVb+R5       31829.293    257 64172.586    67119.519    65127.015
347  HIVb+R6       31823.669    259 64165.337    67297.430    65127.194
352  HIVb+F        34108.352    268 68752.705    72993.411    69747.985
353  HIVb+F+I      34040.654    269 68619.308    73021.127    69618.303
354  HIVb+F+G4     31852.890    269 64243.780    68645.598    65242.774
355  HIVb+F+I+G4   31848.464    270 64236.928    68810.053    65239.636
356  HIVb+F+R2     32225.334    270 64990.669    69563.794    65993.376
357  HIVb+F+R3     31901.859    272 64347.718    69298.118    65357.854
358  HIVb+F+R4     31800.199    274 64148.397    69530.540    65165.960
359  HIVb+F+R5     31768.634    276 64089.268    69970.191    65114.258
360  HIVb+F+R6     31762.763    278 64081.526    70545.026    65113.944
361  HIVb+F+R7     31755.526    280 64071.053    71223.780    65110.898
362  HIVb+F+R8     31740.298    282 64044.595    72025.195    65091.868
363  HIVb+F+R9     31739.701    284 64047.401    73040.735    65102.101
365  HIVw          35465.700    249 71429.400    73778.457    72354.120
366  HIVw+I        35396.890    250 71293.780    73707.242    72222.214
367  HIVw+G4       33146.681    250 66793.363    69206.824    67721.796
368  HIVw+I+G4     33139.915    251 66781.830    69262.300    67713.977
369  HIVw+R2       33586.307    251 67674.613    70155.084    68606.760
370  HIVw+R3       33234.853    253 66975.706    69598.645    67915.281
371  HIVw+R4       33122.391    255 66754.782    69532.655    67701.784
372  HIVw+R5       33077.315    257 66668.629    69615.563    67623.059
373  HIVw+R6       33070.690    259 66659.380    69791.473    67621.237
374  HIVw+R7       33066.858    261 66655.716    69991.423    67625.000
378  HIVw+F        35094.212    268 70724.424    74965.129    71719.704
379  HIVw+F+I      35012.576    269 70563.152    74964.970    71562.146
380  HIVw+F+G4     32698.536    269 65935.071    70336.889    66934.065
381  HIVw+F+I+G4   32690.715    270 65921.430    70494.555    66924.138
382  HIVw+F+R2     33121.689    270 66783.379    71356.504    67786.086
383  HIVw+F+R3     32792.995    272 66129.991    71080.391    67140.126
384  HIVw+F+R4     32659.178    274 65866.357    71248.499    66883.919
385  HIVw+F+R5     32626.208    276 65804.416    71685.339    66829.406
386  HIVw+F+R6     32620.114    278 65796.227    72259.727    66828.645
387  HIVw+F+R7     32617.622    280 65795.245    72947.972    66835.090
391  JTTDCMut      33100.048    249 66698.096    69047.152    67622.815
392  JTTDCMut+I    33067.296    250 66634.592    69048.054    67563.025
393  JTTDCMut+G4   31476.436    250 63452.873    65866.334    64381.306
394  JTTDCMut+I+G4 31473.823    251 63449.646    65930.116    64381.793
395  JTTDCMut+R2   31715.514    251 63933.029    66413.500    64865.176
396  JTTDCMut+R3   31517.546    253 63541.092    66164.031    64480.666
397  JTTDCMut+R4   31417.252    255 63344.505    66122.377    64291.507
398  JTTDCMut+R5   31397.354    257 63308.707    66255.640    64263.136
399  JTTDCMut+R6   31393.925    259 63305.850    66437.943    64267.707
404  JTTDCMut+F    33177.621    268 66891.243    71131.948    67886.523
405  JTTDCMut+F+I  33133.610    269 66805.219    71207.038    67804.214
406  JTTDCMut+F+G4 31505.097    269 63548.195    67950.013    64547.189
407  JTTDCMut+F+I+G4 31501.769    270 63543.538    68116.663    64546.246
408  JTTDCMut+F+R2 31772.340    270 64084.681    68657.806    65087.388
409  JTTDCMut+F+R3 31549.941    272 63643.881    68594.281    64654.017
410  JTTDCMut+F+R4 31447.467    274 63442.934    68825.077    64460.497
411  JTTDCMut+F+R5 31431.644    276 63415.287    69296.210    64440.277
412  JTTDCMut+F+R6 31428.782    278 63413.564    69877.064    64445.982
417  FLU           34208.609    249 68915.218    71264.275    69839.938
418  FLU+I         34146.179    250 68792.357    71205.819    69720.790
419  FLU+G4        32040.790    250 64581.580    66995.041    65510.013
420  FLU+I+G4      32032.477    251 64566.955    67047.425    65499.102
421  FLU+R2        32407.859    251 65317.718    67798.189    66249.865
422  FLU+R3        32110.510    253 64727.020    67349.959    65666.594
423  FLU+R4        32013.704    255 64537.408    67315.281    65484.410
424  FLU+R5        31979.826    257 64473.653    67420.586    65428.082
425  FLU+R6        31976.176    259 64470.353    67602.446    65432.210
430  FLU+F         34414.888    268 69365.777    73606.482    70361.057
431  FLU+F+I       34336.680    269 69211.360    73613.179    70210.354
432  FLU+F+G4      32104.166    269 64746.331    69148.149    65745.325
433  FLU+F+I+G4    32094.846    270 64729.692    69302.817    65732.400
434  FLU+F+R2      32503.561    270 65547.122    70120.247    66549.830
435  FLU+F+R3      32185.431    272 64914.861    69865.261    65924.997
436  FLU+F+R4      32064.076    274 64676.152    70058.295    65693.715
437  FLU+F+R5      32037.575    276 64627.151    70508.074    65652.141
438  FLU+F+R6      32033.395    278 64622.790    71086.290    65655.207
443  Blosum62      33532.093    249 67562.186    69911.243    68486.905
444  Blosum62+I    33493.411    250 67486.822    69900.284    68415.255
445  Blosum62+G4   32067.254    250 64634.509    67047.970    65562.942
446  Blosum62+I+G4 32063.380    251 64628.759    67109.230    65560.906
447  Blosum62+R2   32281.053    251 65064.106    67544.577    65996.253
448  Blosum62+R3   32104.812    253 64715.624    67338.563    65655.199
449  Blosum62+R4   32008.729    255 64527.458    67305.330    65474.460
450  Blosum62+R5   31990.006    257 64494.012    67440.946    65448.442
451  Blosum62+R6   31988.551    259 64495.103    67627.196    65456.959
456  Blosum62+F    33801.855    268 68139.710    72380.416    69134.991
457  Blosum62+F+I  33754.599    269 68047.197    72449.015    69046.191
458  Blosum62+F+G4 32250.418    269 65038.835    69440.653    66037.829
459  Blosum62+F+I+G4 32246.456    270 65032.911    69606.036    66035.619
460  Blosum62+F+R2 32527.201    270 65594.403    70167.528    66597.110
461  Blosum62+F+R3 32298.976    272 65141.952    70092.352    66152.088
462  Blosum62+F+R4 32200.768    274 64949.536    70331.679    65967.099
463  Blosum62+F+R5 32179.114    276 64910.229    70791.152    65935.219
464  Blosum62+F+R6 32178.583    278 64913.167    71376.667    65945.584
469  mtMet         35106.156    249 70710.313    73059.369    71635.032
470  mtMet+I       35081.442    250 70662.884    73076.345    71591.317
471  mtMet+G4      32852.277    250 66204.553    68618.015    67132.987
472  mtMet+I+G4    32851.518    251 66205.035    68685.506    67137.182
473  mtMet+R2      33148.013    251 66798.025    69278.496    67730.172
474  mtMet+R3      32883.387    253 66272.774    68895.713    67212.348
475  mtMet+R4      32793.038    255 66096.076    68873.948    67043.078
476  mtMet+R5      32762.146    257 66038.291    68985.224    66992.720
477  mtMet+R6      32759.597    259 66037.195    69169.288    66999.052
482  mtMet+F       33645.863    268 67827.726    72068.432    68823.006
483  mtMet+F+I     33611.927    269 67761.853    72163.671    68760.847
484  mtMet+F+G4    31782.801    269 64103.603    68505.421    65102.597
485  mtMet+F+I+G4  31781.609    270 64103.217    68676.342    65105.925
486  mtMet+F+R2    32083.247    270 64706.495    69279.620    65709.203
487  mtMet+F+R3    31843.294    272 64230.588    69180.988    65240.723
488  mtMet+F+R4    31746.060    274 64040.119    69422.262    65057.682
489  mtMet+F+R5    31718.434    276 63988.869    69869.792    65013.859
490  mtMet+F+R6    31716.331    278 63988.661    70452.161    65021.079
495  mtVer         35456.912    249 71411.823    73760.880    72336.543
496  mtVer+I       35437.002    250 71374.005    73787.466    72302.438
497  mtVer+G4      33022.127    250 66544.255    68957.717    67472.688
498  mtVer+I+G4    33022.154    251 66546.307    69026.778    67478.454
499  mtVer+R2      33335.220    251 67172.441    69652.911    68104.588
500  mtVer+R3      33054.515    253 66615.029    69237.968    67554.604
501  mtVer+R4      32955.749    255 66421.498    69199.371    67368.500
502  mtVer+R5      32928.455    257 66370.910    69317.843    67325.339
503  mtVer+R6      32927.049    259 66372.097    69504.190    67333.954
508  mtVer+F       34070.293    268 68676.586    72917.292    69671.867
509  mtVer+F+I     34037.757    269 68613.514    73015.332    69612.508
510  mtVer+F+G4    32058.319    269 64654.639    69056.457    65653.633
511  mtVer+F+I+G4  32057.227    270 64654.453    69227.578    65657.161
512  mtVer+F+R2    32395.075    270 65330.150    69903.275    66332.857
513  mtVer+F+R3    32145.877    272 64835.754    69786.154    65845.890
514  mtVer+F+R4    32032.916    274 64613.832    69995.975    65631.395
515  mtVer+F+R5    31999.599    276 64551.199    70432.122    65576.189
516  mtVer+F+R6    31996.620    278 64549.240    71012.740    65581.658
521  mtInv         35219.020    249 70936.040    73285.097    71860.760
522  mtInv+I       35191.922    250 70883.843    73297.305    71812.276
523  mtInv+G4      33123.628    250 66747.257    69160.718    67675.690
524  mtInv+I+G4    33122.275    251 66746.549    69227.020    67678.696
525  mtInv+R2      33347.813    251 67197.625    69678.096    68129.772
526  mtInv+R3      33156.371    253 66818.742    69441.681    67758.317
527  mtInv+R4      33056.017    255 66622.034    69399.906    67569.036
528  mtInv+R5      33028.182    257 66570.365    69517.298    67524.794
529  mtInv+R6      33026.080    259 66570.161    69702.254    67532.017
534  mtInv+F       33484.885    268 67505.770    71746.476    68501.051
535  mtInv+F+I     33448.748    269 67435.496    71837.314    68434.490
536  mtInv+F+G4    31721.354    269 63980.708    68382.526    64979.702
537  mtInv+F+I+G4  31719.807    270 63979.614    68552.739    64982.322
538  mtInv+F+R2    32008.844    270 64557.687    69130.812    65560.395
539  mtInv+F+R3    31789.638    272 64123.275    69073.675    65133.410
540  mtInv+F+R4    31679.767    274 63907.534    69289.676    64925.096
541  mtInv+F+R5    31655.955    276 63863.911    69744.834    64888.901
542  mtInv+F+R6    31653.882    278 63863.765    70327.265    64896.183
Akaike Information Criterion:           JTT+R7
Corrected Akaike Information Criterion: JTT+G4
Bayesian Information Criterion:         JTT+R6
Best-fit model: JTT+R6 chosen according to BIC

All model information printed to analyses/MIKC_orthogroup_selection-basal-v8_guide-v4_trees/aligned-mafft-einsi_trim-gt1/MIKC_orthogroup_selection-basal-v8_guide-v4_aligned-mafft-einsi_trim-gt1_iqtree-bb2000-alrt2000.model.gz
CPU time for ModelFinder: 1286.976 seconds (0h:21m:26s)
Wall-clock time for ModelFinder: 656.666 seconds (0h:10m:56s)
Generating 2000 samples for ultrafast bootstrap (seed: 212525)...

NOTE: 40 MB RAM (0 GB) is required!
Measuring multi-threading efficiency up to 4 CPU cores
Increase to 10 rounds for branch lengths
5 trees examined
Threads: 1 / Time: 4.499 sec / Speedup: 1.000 / Efficiency: 100% / LogL: -42959
Threads: 2 / Time: 2.481 sec / Speedup: 1.813 / Efficiency: 91% / LogL: -42959
Threads: 3 / Time: 2.047 sec / Speedup: 2.197 / Efficiency: 73% / LogL: -42959
Threads: 4 / Time: 2.092 sec / Speedup: 2.150 / Efficiency: 54% / LogL: -42959
BEST NUMBER OF THREADS: 3

Estimate model parameters (epsilon = 0.100)
1. Initial log-likelihood: -31414.500
2. Current log-likelihood: -31385.313
3. Current log-likelihood: -31380.745
4. Current log-likelihood: -31378.914
5. Current log-likelihood: -31378.045
6. Current log-likelihood: -31377.709
7. Current log-likelihood: -31377.589
Optimal log-likelihood: -31377.443
Site proportion and rates:  (0.099,0.071) (0.118,0.234) (0.095,0.457) (0.178,0.774) (0.260,1.189) (0.251,1.893)
Parameters optimization took 7 rounds (4.281 sec)
Computing ML distances based on estimated model parameters... 4.968 sec
Computing BIONJ tree...
0.006 seconds
Log-likelihood of BIONJ tree: -31436.609
--------------------------------------------------------------------
|             INITIALIZING CANDIDATE TREE SET                      |
--------------------------------------------------------------------
Generating 98 parsimony trees... 4.912 second
Computing log-likelihood of 98 initial trees ... 8.725 seconds
Current best score: -31280.714

Do NNI search on 20 best initial trees
Estimate model parameters (epsilon = 0.100)
BETTER TREE FOUND at iteration 1: -31232.924
Estimate model parameters (epsilon = 0.100)
BETTER TREE FOUND at iteration 2: -31222.364
Estimate model parameters (epsilon = 0.100)
BETTER TREE FOUND at iteration 3: -31215.319
Estimate model parameters (epsilon = 0.100)
BETTER TREE FOUND at iteration 4: -31206.699
Estimate model parameters (epsilon = 0.100)
BETTER TREE FOUND at iteration 6: -31205.972
Iteration 10 / LogL: -31210.187 / Time: 0h:0m:51s
Iteration 20 / LogL: -31250.453 / Time: 0h:1m:5s
Finish initializing candidate tree set (20)
Current best tree score: -31205.972 / CPU time: 47.847
Number of iterations: 20
--------------------------------------------------------------------
|               OPTIMIZING CANDIDATE TREE SET                      |
--------------------------------------------------------------------
Estimate model parameters (epsilon = 0.100)
BETTER TREE FOUND at iteration 21: -31204.941
Estimate model parameters (epsilon = 0.100)
BETTER TREE FOUND at iteration 24: -31204.131
Estimate model parameters (epsilon = 0.100)
BETTER TREE FOUND at iteration 25: -31201.354
Estimate model parameters (epsilon = 0.100)
BETTER TREE FOUND at iteration 28: -31198.519
Iteration 30 / LogL: -31202.974 / Time: 0h:1m:22s (0h:4m:37s left)
Estimate model parameters (epsilon = 0.100)
BETTER TREE FOUND at iteration 31: -31198.002
Estimate model parameters (epsilon = 0.100)
BETTER TREE FOUND at iteration 33: -31195.422
Iteration 40 / LogL: -31209.025 / Time: 0h:1m:38s (0h:3m:54s left)
Iteration 50 / LogL: -31196.545 / Time: 0h:1m:54s (0h:3m:13s left)
Log-likelihood cutoff on original alignment: -31283.457
Estimate model parameters (epsilon = 0.100)
BETTER TREE FOUND at iteration 58: -31195.136
Iteration 60 / LogL: -31198.221 / Time: 0h:2m:11s (0h:3m:37s left)
Estimate model parameters (epsilon = 0.100)
BETTER TREE FOUND at iteration 65: -31194.252
Iteration 70 / LogL: -31198.125 / Time: 0h:2m:26s (0h:3m:21s left)
BETTER TREE FOUND at iteration 77: -31194.251
Iteration 80 / LogL: -31202.389 / Time: 0h:2m:40s (0h:3m:17s left)
Estimate model parameters (epsilon = 0.100)
BETTER TREE FOUND at iteration 87: -31194.158
Iteration 90 / LogL: -31195.148 / Time: 0h:2m:56s (0h:3m:12s left)
Iteration 100 / LogL: -31195.635 / Time: 0h:3m:12s (0h:2m:48s left)
Log-likelihood cutoff on original alignment: -31283.457
NOTE: Bootstrap correlation coefficient of split occurrence frequencies: 0.993
Iteration 110 / LogL: -31195.645 / Time: 0h:3m:28s (0h:2m:51s left)
Iteration 120 / LogL: -31194.627 / Time: 0h:3m:42s (0h:2m:29s left)
Iteration 130 / LogL: -31195.236 / Time: 0h:3m:57s (0h:2m:8s left)
UPDATE BEST LOG-LIKELIHOOD: -31194.157
Iteration 140 / LogL: -31206.651 / Time: 0h:4m:13s (0h:1m:49s left)
Iteration 150 / LogL: -31196.163 / Time: 0h:4m:28s (0h:1m:30s left)
Log-likelihood cutoff on original alignment: -31283.457
Iteration 160 / LogL: -31194.238 / Time: 0h:4m:43s (0h:1m:11s left)
Iteration 170 / LogL: -31196.992 / Time: 0h:4m:58s (0h:0m:52s left)
Iteration 180 / LogL: -31194.516 / Time: 0h:5m:13s (0h:0m:35s left)
TREE SEARCH COMPLETED AFTER 188 ITERATIONS / Time: 0h:5m:26s

--------------------------------------------------------------------
|                    FINALIZING TREE SEARCH                        |
--------------------------------------------------------------------
Performs final model parameters optimization
Estimate model parameters (epsilon = 0.010)
1. Initial log-likelihood: -31194.157
Optimal log-likelihood: -31194.155
Site proportion and rates:  (0.096,0.071) (0.120,0.233) (0.093,0.454) (0.178,0.780) (0.248,1.156) (0.265,1.878)
Parameters optimization took 1 rounds (0.593 sec)
BEST SCORE FOUND : -31194.155

Testing tree branches by SH-like aLRT with 2000 replicates...
0.714 sec.
Creating bootstrap support values...
Split supports printed to NEXUS file analyses/MIKC_orthogroup_selection-basal-v8_guide-v4_trees/aligned-mafft-einsi_trim-gt1/MIKC_orthogroup_selection-basal-v8_guide-v4_aligned-mafft-einsi_trim-gt1_iqtree-bb2000-alrt2000.splits.nex
Total tree length: 74.452

Total number of iterations: 188
CPU time used for tree search: 869.918 sec (0h:14m:29s)
Wall-clock time used for tree search: 308.705 sec (0h:5m:8s)
Total CPU time used: 915.407 sec (0h:15m:15s)
Total wall-clock time used: 328.137 sec (0h:5m:28s)

Computing bootstrap consensus tree...
Reading input file analyses/MIKC_orthogroup_selection-basal-v8_guide-v4_trees/aligned-mafft-einsi_trim-gt1/MIKC_orthogroup_selection-basal-v8_guide-v4_aligned-mafft-einsi_trim-gt1_iqtree-bb2000-alrt2000.splits.nex...
126 taxa and 1048 splits.
Consensus tree written to analyses/MIKC_orthogroup_selection-basal-v8_guide-v4_trees/aligned-mafft-einsi_trim-gt1/MIKC_orthogroup_selection-basal-v8_guide-v4_aligned-mafft-einsi_trim-gt1_iqtree-bb2000-alrt2000.contree
Reading input trees file analyses/MIKC_orthogroup_selection-basal-v8_guide-v4_trees/aligned-mafft-einsi_trim-gt1/MIKC_orthogroup_selection-basal-v8_guide-v4_aligned-mafft-einsi_trim-gt1_iqtree-bb2000-alrt2000.contree
Log-likelihood of consensus tree: -31196.599

Analysis results written to: 
  IQ-TREE report:                analyses/MIKC_orthogroup_selection-basal-v8_guide-v4_trees/aligned-mafft-einsi_trim-gt1/MIKC_orthogroup_selection-basal-v8_guide-v4_aligned-mafft-einsi_trim-gt1_iqtree-bb2000-alrt2000.iqtree
  Maximum-likelihood tree:       analyses/MIKC_orthogroup_selection-basal-v8_guide-v4_trees/aligned-mafft-einsi_trim-gt1/MIKC_orthogroup_selection-basal-v8_guide-v4_aligned-mafft-einsi_trim-gt1_iqtree-bb2000-alrt2000.treefile
  Likelihood distances:          analyses/MIKC_orthogroup_selection-basal-v8_guide-v4_trees/aligned-mafft-einsi_trim-gt1/MIKC_orthogroup_selection-basal-v8_guide-v4_aligned-mafft-einsi_trim-gt1_iqtree-bb2000-alrt2000.mldist

Ultrafast bootstrap approximation results written to:
  Split support values:          analyses/MIKC_orthogroup_selection-basal-v8_guide-v4_trees/aligned-mafft-einsi_trim-gt1/MIKC_orthogroup_selection-basal-v8_guide-v4_aligned-mafft-einsi_trim-gt1_iqtree-bb2000-alrt2000.splits.nex
  Consensus tree:                analyses/MIKC_orthogroup_selection-basal-v8_guide-v4_trees/aligned-mafft-einsi_trim-gt1/MIKC_orthogroup_selection-basal-v8_guide-v4_aligned-mafft-einsi_trim-gt1_iqtree-bb2000-alrt2000.contree
  Screen log file:               analyses/MIKC_orthogroup_selection-basal-v8_guide-v4_trees/aligned-mafft-einsi_trim-gt1/MIKC_orthogroup_selection-basal-v8_guide-v4_aligned-mafft-einsi_trim-gt1_iqtree-bb2000-alrt2000.log

Date and Time: Wed Aug 19 14:41:48 2020
