IQ-TREE multicore version 1.6.12 for Linux 64-bit built Aug 15 2019
Developed by Bui Quang Minh, Nguyen Lam Tung, Olga Chernomor,
Heiko Schmidt, Dominik Schrempf, Michael Woodhams.

Host:    LauraDesktop (AVX2, FMA3, 23 GB RAM)
Command: iqtree -s data/alignments_trimmed/MIKC_orthogroup_selection-basal-v8_guide-v4_aligned-mafft-einsi_trim-gt3.fasta -m MFP -bb 2000 -alrt 2000 -nt AUTO -ntmax 4 -pre analyses/MIKC_orthogroup_selection-basal-v8_guide-v4_trees/aligned-mafft-einsi_trim-gt3/MIKC_orthogroup_selection-basal-v8_guide-v4_aligned-mafft-einsi_trim-gt3_iqtree-bb2000-alrt2000
Seed:    846575 (Using SPRNG - Scalable Parallel Random Number Generator)
Time:    Wed Aug 19 14:56:30 2020
Kernel:  AVX+FMA - auto-detect threads (4 CPU cores detected)

Reading alignment file data/alignments_trimmed/MIKC_orthogroup_selection-basal-v8_guide-v4_aligned-mafft-einsi_trim-gt3.fasta ... Fasta format detected
Alignment most likely contains protein sequences
Alignment has 126 sequences with 224 columns, 224 distinct patterns
219 parsimony-informative, 4 singleton sites, 1 constant sites
                                             Gap/Ambiguity  Composition  p-value
   1  cgMADS1_BAD88436                              20.54%    passed     88.01%
   2  CRM1_CAA69276                                  1.79%    passed     56.00%
   3  CRM2_CAA69277                                 19.20%    failed      3.73%
   4  CRM3_CAA69407                                  9.38%    passed     14.28%
   5  CRM4_CAA69408                                 11.16%    passed      7.78%
   6  CRM5_CAA69409                                 11.16%    failed      2.39%
   7  CRM6_CAA69410                                 13.39%    passed     63.61%
   8  CRM7_CAA69411                                 19.20%    passed     41.20%
   9  OPM1_CAA69412                                 16.07%    passed     88.73%
  10  CMADS1_AAC24492                                0.45%    passed     45.07%
  11  CMADS2_AAC24493                                1.79%    passed     45.83%
  12  CMADS3_AAC24319                                1.79%    passed     49.89%
  13  CMADS4_AAC24320                                9.82%    passed     82.36%
  14  CMADS6_AAC24325                               27.68%    passed     18.66%
  15  SmMADS6                                        4.91%    passed     50.15%
  16  SmMADS3                                        1.34%    passed     21.38%
  17  SmMADS1                                        6.70%    passed     39.73%
  18  PPM1_Pp012G078200                              4.46%    passed     84.12%
  19  PPM2_Pp003G125000                              3.57%    passed     98.76%
  20  PpMADS1_Pp004G002000                           4.02%    passed     85.66%
  21  PpMADS_S                                       3.57%    passed     79.31%
  22  PPMC5_Pp017G019900                             2.23%    passed     76.07%
  23  PPMC6_Pp014G056100                             2.23%    passed     57.91%
  24  PI                                            10.71%    passed     24.54%
  25  AP3                                            6.25%    passed     20.16%
  26  AGL2_SEP1                                      4.91%    passed     12.92%
  27  AGL6                                           3.57%    passed     81.57%
  28  AGL8_FUL                                       8.04%    passed     69.63%
  29  AGL25_FLC                                     15.18%    passed     22.20%
  30  AG                                             4.46%    failed      1.81%
  31  AGL12                                         12.05%    passed     40.23%
  32  AGL15                                          6.25%    passed     94.43%
  33  AGL17                                          5.80%    passed     99.64%
  34  AGL20_SOC1                                    10.27%    passed     76.28%
  35  AGL22_SVP                                      0.89%    passed     97.14%
  36  AGL32_ABS                                      3.57%    passed     12.06%
  37  AGL33                                         59.38%    passed     20.62%
  38  OsMADS2                                       14.29%    passed     68.25%
  39  OsMADS16                                       8.48%    passed     36.60%
  40  OsMADS55                                      16.07%    passed     86.55%
  41  OsMADS30                                       8.48%    passed     38.32%
  42  OsMADS6                                        4.02%    passed     32.75%
  43  OsMADS8                                        5.36%    passed     79.25%
  44  OsMADS15                                       0.45%    passed      7.19%
  45  OsMADS23                                      29.02%    passed     98.83%
  46  OsMADS26                                      13.39%    passed     12.57%
  47  OsMADS3                                        2.68%    passed     18.19%
  48  AtSTK_Homeotic_D                               4.91%    passed     10.03%
  49  AtAP1_Homeotic_A                               5.36%    passed     34.27%
  50  OsMADS14_Homeotic_A                            8.48%    passed     23.92%
  51  MpMADS2                                        0.45%    passed     86.77%
  52  Azfi_s0028.g024032_manually_reannotated       18.30%    passed     49.67%
  53  PIVW-2001489-Ceratopteris_thalictroides       29.91%    passed     53.94%
  54  IRBN-2000158-Scapania_nemorosa                35.27%    passed     96.77%
  55  ENQF-2084602-Lycopodium_annotinum              2.68%    passed     94.94%
  56  PIVW-2016418-Ceratopteris_thalictroides       16.96%    passed     29.05%
  57  FFPD-2013099-Ceratodon_purpureus               3.12%    passed     81.19%
  58  CVEG-2124355-Azolla_cf._caroliniana           30.80%    passed     90.25%
  59  PIVW-2002304-Ceratopteris_thalictroides       41.96%    passed     74.50%
  60  PIVW-2019843-Ceratopteris_thalictroides       24.55%    passed     92.55%
  61  RDOO-2000812-Racomitrium_varium               12.50%    passed     70.00%
  62  PIVW-2004036-Ceratopteris_thalictroides       23.21%    passed     78.51%
  63  ENQF-2007944-Lycopodium_annotinum              5.36%    passed     52.38%
  64  PIVW-2020998-Ceratopteris_thalictroides       24.55%    passed     94.54%
  65  UPMJ-2005050-Pseudolycopodiella_caroliniana   23.21%    passed     96.62%
  66  PIVW-2004304-Ceratopteris_thalictroides       41.07%    passed     97.54%
  67  PIVW-2000174-Ceratopteris_thalictroides       35.27%    passed     89.54%
  68  ENQF-2004632-Lycopodium_annotinum             35.27%    passed     44.22%
  69  PIVW-2000450-Ceratopteris_thalictroides       23.21%    passed     61.10%
  70  QMWB-2056566-Anomodon_attenuatus              43.30%    passed     97.33%
  71  RDOO-2000811-Racomitrium_varium               11.61%    passed     71.31%
  72  CBAE-2013716-Huperzia_myrisinites              6.70%    passed     55.41%
  73  UPMJ-2005049-Pseudolycopodiella_caroliniana   23.21%    passed     96.62%
  74  CBAE-2013582-Huperzia_myrisinites             13.39%    passed     98.29%
  75  PIVW-2008000-Ceratopteris_thalictroides       24.55%    passed     10.72%
  76  UPMJ-2014960-Pseudolycopodiella_caroliniana   12.95%    passed     96.98%
  77  PIVW-2004305-Ceratopteris_thalictroides       31.25%    passed     96.21%
  78  LGOW-2012213-Schistochila_sp.                 29.46%    passed     91.46%
  79  PIVW-2004303-Ceratopteris_thalictroides       38.84%    passed     98.23%
  80  PIVW-2001491-Ceratopteris_thalictroides       32.14%    passed     83.68%
  81  ENQF-2004631-Lycopodium_annotinum             35.27%    passed     44.22%
  82  PIVW-2001490-Ceratopteris_thalictroides       32.14%    passed     79.94%
  83  FFPD-2013100-Ceratodon_purpureus               3.12%    passed     71.69%
  84  UPMJ-2002417-Pseudolycopodiella_caroliniana   36.61%    passed     41.50%
  85  PIVW-2002392-Ceratopteris_thalictroides       23.66%    failed      3.64%
  86  CBAE-2009937-Huperzia_myrisinites             25.00%    passed     87.11%
  87  PIVW-2019502-Ceratopteris_thalictroides       21.88%    passed     74.24%
  88  FFPD-2057947-Ceratodon_purpureus               4.02%    passed     77.41%
  89  CVEG-2033633-Azolla_cf._caroliniana           23.21%    passed     87.87%
  90  ENQF-2015023-Lycopodium_annotinum             13.84%    passed     84.31%
  91  PIVW-2004035-Ceratopteris_thalictroides       23.21%    passed     78.51%
  92  UPMJ-2008884-Pseudolycopodiella_caroliniana   31.70%    passed     99.78%
  93  PIVW-2003993-Ceratopteris_thalictroides       23.21%    passed     64.38%
  94  PIVW-2003992-Ceratopteris_thalictroides       23.21%    passed     64.38%
  95  PIVW-2009413-Ceratopteris_thalictroides       32.14%    passed     78.66%
  96  CBAE-2012867-Huperzia_myrisinites             24.55%    passed     97.72%
  97  PIVW-2000173-Ceratopteris_thalictroides       34.38%    passed     94.79%
  98  UPMJ-2017788-Pseudolycopodiella_caroliniana   10.27%    passed     57.95%
  99  PIVW-2004302-Ceratopteris_thalictroides       41.07%    passed     95.91%
 100  PIVW-2009414-Ceratopteris_thalictroides       32.14%    passed     78.66%
 101  PIVW-2007999-Ceratopteris_thalictroides       24.55%    passed     10.72%
 102  NRWZ-2014421-Metzgeria_crassipilis             0.45%    passed     80.24%
 103  PIVW-2001493-Ceratopteris_thalictroides       29.91%    passed     53.94%
 104  RDOO-2015055-Racomitrium_varium               26.34%    passed     78.66%
 105  CVEG-2123825-Azolla_cf._caroliniana           33.04%    passed     88.62%
 106  CVEG-2010487-Azolla_cf._caroliniana           32.14%    passed     96.43%
 107  XMGP-2014150-Juniperus_scopulorum             25.00%    passed     81.56%
 108  JZVE-2034291-Parasitaxus_usta                 28.12%    passed     96.19%
 109  XMGP-2012223-Juniperus_scopulorum             28.12%    passed     76.71%
 110  XMGP-2002769-Juniperus_scopulorum             31.70%    passed     80.06%
 111  JZVE-2035359-Parasitaxus_usta                 32.59%    passed     14.38%
 112  JZVE-2036348-Parasitaxus_usta                 10.27%    passed     64.77%
 113  JZVE-2036124-Parasitaxus_usta                 13.39%    passed     62.64%
 114  JZVE-2032691-Parasitaxus_usta                 32.59%    passed     68.60%
 115  JZVE-2006929-Parasitaxus_usta                 20.09%    passed     96.52%
 116  JZVE-2007309-Parasitaxus_usta                 37.05%    passed     93.25%
 117  JZVE-2003013-Parasitaxus_usta                 31.70%    passed     92.92%
 118  XMGP-2009071-Juniperus_scopulorum             32.14%    passed     95.34%
 119  XMGP-2003328-Juniperus_scopulorum             24.11%    passed     33.75%
 120  JZVE-2003919-Parasitaxus_usta                 29.02%    passed     71.61%
 121  JZVE-2004736-Parasitaxus_usta                 20.09%    passed     92.38%
 122  XMGP-2007459-Juniperus_scopulorum              5.36%    passed     18.41%
 123  XMGP-2058097-Juniperus_scopulorum             12.95%    passed     52.70%
 124  JZVE-2004735-Parasitaxus_usta                 28.12%    passed     91.56%
 125  JZVE-2036946-Parasitaxus_usta                  7.14%    passed     85.72%
 126  JZVE-2007246-Parasitaxus_usta                  4.02%    passed     30.60%
WARNING: 1 sequences contain more than 50% gaps/ambiguity
****  TOTAL                                         17.92%  4 sequences failed composition chi2 test (p-value<5%; df=19)
NOTE: PIVW-2001493-Ceratopteris_thalictroides is identical to PIVW-2001489-Ceratopteris_thalictroides but kept for subsequent analysis
NOTE: PIVW-2004035-Ceratopteris_thalictroides is identical to PIVW-2004036-Ceratopteris_thalictroides but kept for subsequent analysis
NOTE: UPMJ-2005049-Pseudolycopodiella_caroliniana is identical to UPMJ-2005050-Pseudolycopodiella_caroliniana but kept for subsequent analysis
NOTE: ENQF-2004631-Lycopodium_annotinum is identical to ENQF-2004632-Lycopodium_annotinum but kept for subsequent analysis
NOTE: PIVW-2007999-Ceratopteris_thalictroides is identical to PIVW-2008000-Ceratopteris_thalictroides but kept for subsequent analysis
NOTE: PIVW-2003992-Ceratopteris_thalictroides is identical to PIVW-2003993-Ceratopteris_thalictroides but kept for subsequent analysis
NOTE: PIVW-2009414-Ceratopteris_thalictroides is identical to PIVW-2009413-Ceratopteris_thalictroides but kept for subsequent analysis


Create initial parsimony tree by phylogenetic likelihood library (PLL)... 0.029 seconds
NOTE: ModelFinder requires 49 MB RAM!
ModelFinder will test 546 protein models (sample size: 224) ...
 No. Model         -LnL         df  AIC          AICc         BIC
Measuring multi-threading efficiency up to 4 CPU cores
Increase to 10 rounds for branch lengths
31 trees examined
Threads: 1 / Time: 4.054 sec / Speedup: 1.000 / Efficiency: 100% / LogL: -43622
Threads: 2 / Time: 2.575 sec / Speedup: 1.575 / Efficiency: 79% / LogL: -43622
Threads: 3 / Time: 2.208 sec / Speedup: 1.836 / Efficiency: 61% / LogL: -43622
Threads: 4 / Time: 2.557 sec / Speedup: 1.586 / Efficiency: 40% / LogL: -43622
BEST NUMBER OF THREADS: 3

  1  Dayhoff       29969.800    249 60437.599    184937.599   61287.099
  2  Dayhoff+I     29945.724    250 60391.447    185891.447   61244.359
  3  Dayhoff+G4    28449.850    250 57399.701    182899.701   58252.612
  4  Dayhoff+I+G4  28449.708    251 57401.415    183905.415   58257.739
  5  Dayhoff+R2    28727.637    251 57957.273    184461.273   58813.596
  6  Dayhoff+R3    28533.729    253 57573.457    186097.457   58436.604
  7  Dayhoff+R4    28432.901    255 57375.802    187935.802   58245.771
  8  Dayhoff+R5    28398.695    257 57311.390    189923.390   58188.183
  9  Dayhoff+R6    28388.988    259 57295.977    191975.977   58179.593
 10  Dayhoff+R7    28386.033    261 57294.067    194058.067   58184.506
 14  Dayhoff+F     29996.946    268 60529.892    204713.892   61444.214
 15  Dayhoff+F+I   29962.783    269 60463.566    205723.566   61381.299
 16  Dayhoff+F+G4  28427.957    269 57393.914    202653.914   58311.647
 17  Dayhoff+F+I+G4 28427.300    270 57394.601    203734.601   58315.745
 18  Dayhoff+F+R2  28722.218    270 57984.435    204324.435   58905.580
 19  Dayhoff+F+R3  28521.996    272 57587.992    206099.992   58515.960
 20  Dayhoff+F+R4  28420.086    274 57388.171    208088.171   58322.962
 21  Dayhoff+F+R5  28384.073    276 57320.146    210224.146   58261.760
 22  Dayhoff+F+R6  28373.403    278 57302.806    212426.806   58251.244
 23  Dayhoff+F+R7  28368.516    280 57297.031    214657.031   58252.292
 27  mtMAM         32522.703    249 65543.407    190043.407   66392.907
 28  mtMAM+I       32499.304    250 65498.608    190998.608   66351.520
 29  mtMAM+G4      29720.825    250 59941.649    185441.649   60794.561
 30  mtMAM+I+G4    29720.848    251 59943.695    186447.695   60800.018
 31  mtMAM+R2      30188.106    251 60878.213    187382.213   61734.536
 32  mtMAM+R3      29899.579    253 60305.159    188829.159   61168.305
 33  mtMAM+R4      29738.347    255 59986.695    190546.695   60856.664
 34  mtMAM+R5      29674.521    257 59863.042    192475.042   60739.835
 35  mtMAM+R6      29650.641    259 59819.282    194499.282   60702.899
 36  mtMAM+R7      29640.401    261 59802.802    196566.802   60693.242
 37  mtMAM+R8      29622.745    263 59771.489    198635.489   60668.752
 38  mtMAM+R9      29613.243    265 59756.485    200736.485   60660.571
 39  mtMAM+R10     29607.091    267 59748.182    202860.182   60659.092
 40  mtMAM+F       30910.896    268 62357.792    206541.792   63272.113
 41  mtMAM+F+I     30876.467    269 62290.934    207550.934   63208.667
 42  mtMAM+F+G4    28828.131    269 58194.262    203454.262   59111.995
 43  mtMAM+F+I+G4  28826.508    270 58193.017    204533.017   59114.161
 44  mtMAM+F+R2    29206.259    270 58952.519    205292.519   59873.663
 45  mtMAM+F+R3    28946.940    272 58437.879    206949.879   59365.847
 46  mtMAM+F+R4    28834.753    274 58217.505    208917.505   59152.296
 47  mtMAM+F+R5    28793.216    276 58138.432    211042.432   59080.047
 48  mtMAM+F+R6    28774.909    278 58105.818    213229.818   59054.256
 49  mtMAM+F+R7    28765.469    280 58090.938    215450.938   59046.199
 50  mtMAM+F+R8    28752.643    282 58069.285    217681.285   59031.369
 51  mtMAM+F+R9    28747.683    284 58063.365    219943.365   59032.273
 53  JTT           29606.579    249 59711.158    184211.158   60560.658
 54  JTT+I         29574.951    250 59649.903    185149.903   60502.814
 55  JTT+G4        28045.330    250 56590.660    182090.660   57443.571
 56  JTT+I+G4      28042.855    251 56587.709    183091.709   57444.033
 57  JTT+R2        28299.650    251 57101.301    183605.301   57957.624
 58  JTT+R3        28110.091    253 56726.181    185250.181   57589.328
 59  JTT+R4        28018.725    255 56547.449    187107.449   57417.419
 60  JTT+R5        27988.597    257 56491.194    189103.194   57367.987
 61  JTT+R6        27974.959    259 56467.918    191147.918   57351.534
 62  JTT+R7        27970.356    261 56462.712    193226.712   57353.152
 66  JTT+F         29687.251    268 59910.501    204094.501   60824.823
 67  JTT+F+I       29645.016    269 59828.031    205088.031   60745.764
 68  JTT+F+G4      28091.001    269 56720.003    201980.003   57637.736
 69  JTT+F+I+G4    28087.472    270 56714.944    203054.944   57636.089
 70  JTT+F+R2      28367.730    270 57275.461    203615.461   58196.605
 71  JTT+F+R3      28159.400    272 56862.800    205374.800   57790.768
 72  JTT+F+R4      28068.227    274 56684.455    207384.455   57619.246
 73  JTT+F+R5      28038.350    276 56628.700    209532.700   57570.314
 74  JTT+F+R6      28027.461    278 56610.922    211734.922   57559.360
 75  JTT+F+R7      28023.613    280 56607.227    213967.227   57562.488
 79  WAG           29735.347    249 59968.694    184468.694   60818.194
 80  WAG+I         29698.081    250 59896.161    185396.161   60749.073
 81  WAG+G4        28277.857    250 57055.714    182555.714   57908.625
 82  WAG+I+G4      28275.413    251 57052.826    183556.826   57909.149
 83  WAG+R2        28565.091    251 57632.182    184136.182   58488.505
 84  WAG+R3        28361.301    253 57228.603    185752.603   58091.749
 85  WAG+R4        28259.594    255 57029.188    187589.188   57899.158
 86  WAG+R5        28233.486    257 56980.971    189592.971   57857.764
 87  WAG+R6        28226.706    259 56971.412    191651.412   57855.029
 88  WAG+R7        28222.162    261 56966.324    193730.324   57856.763
 92  WAG+F         29985.564    268 60507.129    204691.129   61421.450
 93  WAG+F+I       29937.756    269 60413.512    205673.512   61331.245
 94  WAG+F+G4      28437.307    269 57412.615    202672.615   58330.348
 95  WAG+F+I+G4    28434.065    270 57408.129    203748.129   58329.274
 96  WAG+F+R2      28769.348    270 58078.696    204418.696   58999.841
 97  WAG+F+R3      28527.283    272 57598.567    206110.567   58526.535
 98  WAG+F+R4      28427.890    274 57403.779    208103.779   58338.570
 99  WAG+F+R5      28398.275    276 57348.550    210252.550   58290.165
100  WAG+F+R6      28389.950    278 57335.899    212459.899   58284.337
101  WAG+F+R7      28388.253    280 57336.507    214696.507   58291.768
105  cpREV         30058.837    249 60615.674    185115.674   61465.174
106  cpREV+I       29999.887    250 60499.773    185999.773   61352.685
107  cpREV+G4      28401.438    250 57302.876    182802.876   58155.788
108  cpREV+I+G4    28394.738    251 57291.476    183795.476   58147.799
109  cpREV+R2      28734.800    251 57971.600    184475.600   58827.923
110  cpREV+R3      28483.374    253 57472.748    185996.748   58335.895
111  cpREV+R4      28395.317    255 57300.633    187860.633   58170.603
112  cpREV+R5      28351.321    257 57216.641    189828.641   58093.434
113  cpREV+R6      28339.230    259 57196.460    191876.460   58080.077
114  cpREV+R7      28336.653    261 57195.306    193959.306   58085.746
118  cpREV+F       30503.798    268 61543.596    205727.596   62457.918
119  cpREV+F+I     30434.791    269 61407.582    206667.582   62325.315
120  cpREV+F+G4    28695.611    269 57929.223    203189.223   58846.955
121  cpREV+F+I+G4  28690.286    270 57920.571    204260.571   58841.716
122  cpREV+F+R2    29110.076    270 58760.153    205100.153   59681.297
123  cpREV+F+R3    28800.388    272 58144.776    206656.776   59072.743
124  cpREV+F+R4    28710.824    274 57969.648    208669.648   58904.439
125  cpREV+F+R5    28664.580    276 57881.160    210785.160   58822.774
126  cpREV+F+R6    28646.147    278 57848.293    212972.293   58796.731
127  cpREV+F+R7    28640.221    280 57840.442    215200.442   58795.703
128  cpREV+F+R8    28629.650    282 57823.300    217435.300   58785.385
129  cpREV+F+R9    28628.328    284 57824.655    219704.655   58793.563
131  mtREV         31484.832    249 63467.664    187967.664   64317.164
132  mtREV+I       31449.623    250 63399.247    188899.247   64252.158
133  mtREV+G4      29454.416    250 59408.832    184908.832   60261.743
134  mtREV+I+G4    29451.932    251 59405.865    185909.865   60262.188
135  mtREV+R2      29729.277    251 59960.554    186464.554   60816.877
136  mtREV+R3      29511.408    253 59528.815    188052.815   60391.962
137  mtREV+R4      29430.953    255 59371.906    189931.906   60241.876
138  mtREV+R5      29404.058    257 59322.116    191934.116   60198.909
139  mtREV+R6      29393.548    259 59305.096    193985.096   60188.712
140  mtREV+R7      29389.785    261 59301.570    196065.570   60192.009
144  mtREV+F       30296.423    268 61128.846    205312.846   62043.167
145  mtREV+F+I     30248.099    269 61034.198    206294.198   61951.930
146  mtREV+F+G4    28612.138    269 57762.277    203022.277   58680.010
147  mtREV+F+I+G4  28608.454    270 57756.907    204096.907   58678.052
148  mtREV+F+R2    28943.075    270 58426.149    204766.149   59347.294
149  mtREV+F+R3    28679.275    272 57902.549    206414.549   58830.517
150  mtREV+F+R4    28607.866    274 57763.732    208463.732   58698.523
151  mtREV+F+R5    28575.320    276 57702.641    210606.641   58644.255
152  mtREV+F+R6    28563.511    278 57683.022    212807.022   58631.459
153  mtREV+F+R7    28559.964    280 57679.927    215039.927   58635.188
157  rtREV         29986.019    249 60470.038    184970.038   61319.537
158  rtREV+I       29953.895    250 60407.790    185907.790   61260.702
159  rtREV+G4      28423.650    250 57347.300    182847.300   58200.211
160  rtREV+I+G4    28421.044    251 57344.089    183848.089   58200.412
161  rtREV+R2      28700.694    251 57903.387    184407.387   58759.710
162  rtREV+R3      28488.462    253 57482.925    186006.925   58346.071
163  rtREV+R4      28405.603    255 57321.206    187881.206   58191.175
164  rtREV+R5      28382.213    257 57278.426    189890.426   58155.219
165  rtREV+R6      28378.557    259 57275.113    191955.113   58158.730
170  rtREV+F       30030.430    268 60596.861    204780.861   61511.182
171  rtREV+F+I     29988.707    269 60515.414    205775.414   61433.147
172  rtREV+F+G4    28419.375    269 57376.749    202636.749   58294.482
173  rtREV+F+I+G4  28415.422    270 57370.844    203710.844   58291.988
174  rtREV+F+R2    28722.836    270 57985.672    204325.672   58906.816
175  rtREV+F+R3    28499.196    272 57542.391    206054.391   58470.359
176  rtREV+F+R4    28409.476    274 57366.951    208066.951   58301.742
177  rtREV+F+R5    28379.296    276 57310.592    210214.592   58252.207
178  rtREV+F+R6    28371.985    278 57299.969    212423.969   58248.407
179  rtREV+F+R7    28369.913    280 57299.826    214659.826   58255.087
183  mtART         32429.850    249 65357.700    189857.700   66207.200
184  mtART+I       32400.607    250 65301.214    190801.214   66154.126
185  mtART+G4      29702.100    250 59904.200    185404.200   60757.111
186  mtART+I+G4    29702.151    251 59906.302    186410.302   60762.626
187  mtART+R2      30100.593    251 60703.186    187207.186   61559.509
188  mtART+R3      29802.346    253 60110.691    188634.691   60973.837
189  mtART+R4      29700.616    255 59911.231    190471.231   60781.201
190  mtART+R5      29644.760    257 59803.519    192415.519   60680.312
191  mtART+R6      29619.861    259 59757.722    194437.722   60641.338
192  mtART+R7      29614.567    261 59751.134    196515.134   60641.574
196  mtART+F       30948.682    268 62433.364    206617.364   63347.685
197  mtART+F+I     30909.149    269 62356.298    207616.298   63274.031
198  mtART+F+G4    28769.603    269 58077.205    203337.205   58994.938
199  mtART+F+I+G4  28767.162    270 58074.325    204414.325   58995.469
200  mtART+F+R2    29187.036    270 58914.073    205254.073   59835.217
201  mtART+F+R3    28903.679    272 58351.358    206863.358   59279.326
202  mtART+F+R4    28805.314    274 58158.628    208858.628   59093.419
203  mtART+F+R5    28756.834    276 58065.668    210969.668   59007.282
204  mtART+F+R6    28742.784    278 58041.568    213165.568   58990.005
205  mtART+F+R7    28740.313    280 58040.626    215400.626   58995.887
209  mtZOA         31386.134    249 63270.269    187770.269   64119.769
210  mtZOA+I       31361.880    250 63223.761    188723.761   64076.672
211  mtZOA+G4      29040.131    250 58580.262    184080.262   59433.173
212  mtZOA+I+G4    29039.919    251 58581.838    185085.838   59438.161
213  mtZOA+R2      29337.010    251 59176.020    185680.020   60032.343
214  mtZOA+R3      29104.070    253 58714.140    187238.140   59577.286
215  mtZOA+R4      29021.683    255 58553.366    189113.366   59423.335
216  mtZOA+R5      28975.794    257 58465.587    191077.587   59342.380
217  mtZOA+R6      28960.111    259 58438.222    193118.222   59321.838
218  mtZOA+R7      28957.439    261 58436.879    195200.879   59327.319
222  mtZOA+F       30429.143    268 61394.287    205578.287   62308.608
223  mtZOA+F+I     30389.617    269 61317.234    206577.234   62234.967
224  mtZOA+F+G4    28513.189    269 57564.377    202824.377   58482.110
225  mtZOA+F+I+G4  28511.094    270 57562.188    203902.188   58483.333
226  mtZOA+F+R2    28876.172    270 58292.345    204632.345   59213.489
227  mtZOA+F+R3    28612.158    272 57768.317    206280.317   58696.284
228  mtZOA+F+R4    28527.901    274 57603.802    208303.802   58538.593
229  mtZOA+F+R5    28489.357    276 57530.715    210434.715   58472.329
230  mtZOA+F+R6    28477.503    278 57511.005    212635.005   58459.443
231  mtZOA+F+R7    28475.547    280 57511.094    214871.094   58466.355
235  VT            29693.307    249 59884.614    184384.614   60734.114
236  VT+I          29657.335    250 59814.671    185314.671   60667.583
237  VT+G4         28280.106    250 57060.211    182560.211   57913.123
238  VT+I+G4       28276.879    251 57055.758    183559.758   57912.081
239  VT+R2         28521.100    251 57544.200    184048.200   58400.523
240  VT+R3         28338.911    253 57183.822    185707.822   58046.968
241  VT+R4         28249.980    255 57009.959    187569.959   57879.929
242  VT+R5         28227.730    257 56969.459    189581.459   57846.252
243  VT+R6         28223.718    259 56965.435    191645.435   57849.052
248  VT+F          29850.728    268 60237.456    204421.456   61151.777
249  VT+F+I        29807.527    269 60153.054    205413.054   61070.787
250  VT+F+G4       28401.960    269 57341.921    202601.921   58259.654
251  VT+F+I+G4     28398.085    270 57336.170    203676.170   58257.314
252  VT+F+R2       28669.267    270 57878.534    204218.534   58799.679
253  VT+F+R3       28465.975    272 57475.950    205987.950   58403.917
254  VT+F+R4       28375.928    274 57299.857    207999.857   58234.648
255  VT+F+R5       28353.253    276 57258.506    210162.506   58200.120
256  VT+F+R6       28349.282    278 57254.565    212378.565   58203.002
261  LG            29712.765    249 59923.530    184423.530   60773.030
262  LG+I          29677.879    250 59855.758    185355.758   60708.669
263  LG+G4         28104.641    250 56709.281    182209.281   57562.193
264  LG+I+G4       28101.523    251 56705.047    183209.047   57561.370
265  LG+R2         28383.232    251 57268.463    183772.463   58124.786
266  LG+R3         28176.963    253 56859.925    185383.925   57723.072
267  LG+R4         28086.678    255 56683.355    187243.355   57553.325
268  LG+R5         28062.977    257 56639.954    189251.954   57516.747
269  LG+R6         28059.381    259 56636.762    191316.762   57520.378
274  LG+F          29905.847    268 60347.693    204531.693   61262.014
275  LG+F+I        29862.184    269 60262.367    205522.367   61180.100
276  LG+F+G4       28256.002    269 57050.004    202310.004   57967.737
277  LG+F+I+G4     28252.212    270 57044.424    203384.424   57965.569
278  LG+F+R2       28565.381    270 57670.761    204010.761   58591.906
279  LG+F+R3       28336.130    272 57216.261    205728.261   58144.228
280  LG+F+R4       28245.470    274 57038.939    207738.939   57973.730
281  LG+F+R5       28219.595    276 56991.190    209895.190   57932.805
282  LG+F+R6       28213.747    278 56983.494    212107.494   57931.931
283  LG+F+R7       28210.238    280 56980.477    214340.477   57935.738
287  DCMut         29968.793    249 60435.587    184935.587   61285.087
288  DCMut+I       29944.686    250 60389.373    185889.373   61242.284
289  DCMut+G4      28451.599    250 57403.198    182903.198   58256.109
290  DCMut+I+G4    28451.452    251 57404.904    183908.904   58261.227
291  DCMut+R2      28728.467    251 57958.933    184462.933   58815.256
292  DCMut+R3      28534.933    253 57575.865    186099.865   58439.012
293  DCMut+R4      28434.802    255 57379.603    187939.603   58249.573
294  DCMut+R5      28402.455    257 57318.910    189930.910   58195.703
295  DCMut+R6      28396.532    259 57311.064    191991.064   58194.681
296  DCMut+R7      28393.495    261 57308.990    194072.990   58199.429
300  DCMut+F       29995.064    268 60526.127    204710.127   61440.448
301  DCMut+F+I     29960.897    269 60459.794    205719.794   61377.527
302  DCMut+F+G4    28429.101    269 57396.202    202656.202   58313.934
303  DCMut+F+I+G4  28428.430    270 57396.859    203736.859   58318.004
304  DCMut+F+R2    28722.400    270 57984.800    204324.800   58905.945
305  DCMut+F+R3    28522.255    272 57588.510    206100.510   58516.477
306  DCMut+F+R4    28421.686    274 57391.373    208091.373   58326.164
307  DCMut+F+R5    28386.679    276 57325.358    210229.358   58266.972
308  DCMut+F+R6    28379.938    278 57315.876    212439.876   58264.313
309  DCMut+F+R7    28376.707    280 57313.413    214673.413   58268.674
313  PMB           29987.888    249 60473.777    184973.777   61323.277
314  PMB+I         29951.756    250 60403.512    185903.512   61256.424
315  PMB+G4        28576.134    250 57652.269    183152.269   58505.180
316  PMB+I+G4      28572.612    251 57647.223    184151.223   58503.547
317  PMB+R2        28800.950    251 58103.900    184607.900   58960.223
318  PMB+R3        28640.323    253 57786.646    186310.646   58649.792
319  PMB+R4        28542.215    255 57594.431    188154.431   58464.401
320  PMB+R5        28525.113    257 57564.227    190176.227   58441.020
321  PMB+R6        28520.928    259 57559.856    192239.856   58443.472
326  PMB+F         30224.203    268 60984.405    205168.405   61898.727
327  PMB+F+I       30181.394    269 60900.788    206160.788   61818.521
328  PMB+F+G4      28754.987    269 58047.974    203307.974   58965.707
329  PMB+F+I+G4    28751.260    270 58042.519    204382.519   58963.664
330  PMB+F+R2      29026.011    270 58592.022    204932.022   59513.167
331  PMB+F+R3      28829.626    272 58203.253    206715.253   59131.220
332  PMB+F+R4      28729.104    274 58006.207    208706.207   58940.998
333  PMB+F+R5      28708.140    276 57968.281    210872.281   58909.895
334  PMB+F+R6      28704.072    278 57964.143    213088.143   58912.581
339  HIVb          30499.779    249 61497.558    185997.558   62347.058
340  HIVb+I        30441.126    250 61382.252    186882.252   62235.163
341  HIVb+G4       28443.508    250 57387.016    182887.016   58239.927
342  HIVb+I+G4     28440.145    251 57382.291    183886.291   58238.614
343  HIVb+R2       28782.282    251 58066.563    184570.563   58922.886
344  HIVb+R3       28508.366    253 57522.731    186046.731   58385.878
345  HIVb+R4       28424.541    255 57359.082    187919.082   58229.051
346  HIVb+R5       28393.133    257 57300.265    189912.265   58177.058
347  HIVb+R6       28381.178    259 57280.356    191960.356   58163.972
348  HIVb+R7       28373.072    261 57268.145    194032.145   58158.584
349  HIVb+R8       28354.208    263 57234.415    196098.415   58131.678
350  HIVb+R9       28352.811    265 57235.621    198215.621   58139.707
352  HIVb+F        30568.584    268 61673.168    205857.168   62587.490
353  HIVb+F+I      30504.099    269 61546.197    206806.197   62463.930
354  HIVb+F+G4     28437.281    269 57412.562    202672.562   58330.295
355  HIVb+F+I+G4   28433.425    270 57406.850    203746.850   58327.995
356  HIVb+F+R2     28794.404    270 58128.808    204468.808   59049.952
357  HIVb+F+R3     28513.592    272 57571.184    206083.184   58499.152
358  HIVb+F+R4     28425.766    274 57399.532    208099.532   58334.323
359  HIVb+F+R5     28391.216    276 57334.432    210238.432   58276.047
360  HIVb+F+R6     28377.110    278 57310.220    212434.220   58258.658
361  HIVb+F+R7     28367.291    280 57294.582    214654.582   58249.843
362  HIVb+F+R8     28345.646    282 57255.292    216867.292   58217.376
363  HIVb+F+R9     28344.346    284 57256.691    219136.691   58225.599
365  HIVw          31717.159    249 63932.317    188432.317   64781.817
366  HIVw+I        31651.789    250 63803.578    189303.578   64656.489
367  HIVw+G4       29553.311    250 59606.622    185106.622   60459.533
368  HIVw+I+G4     29546.525    251 59595.050    186099.050   60451.373
369  HIVw+R2       29981.245    251 60464.490    186968.490   61320.813
370  HIVw+R3       29672.260    253 59850.520    188374.520   60713.667
371  HIVw+R4       29552.908    255 59615.816    190175.816   60485.786
372  HIVw+R5       29507.229    257 59528.459    192140.459   60405.252
373  HIVw+R6       29496.643    259 59511.286    194191.286   60394.902
374  HIVw+R7       29491.815    261 59505.630    196269.630   60396.069
378  HIVw+F        31448.514    268 63433.029    207617.029   64347.350
379  HIVw+F+I      31371.060    269 63280.120    208540.120   64197.853
380  HIVw+F+G4     29213.218    269 58964.436    204224.436   59882.169
381  HIVw+F+I+G4   29205.208    270 58950.416    205290.416   59871.560
382  HIVw+F+R2     29622.810    270 59785.620    206125.620   60706.764
383  HIVw+F+R3     29337.633    272 59219.267    207731.267   60147.234
384  HIVw+F+R4     29209.518    274 58967.036    209667.036   59901.827
385  HIVw+F+R5     29169.004    276 58890.009    211794.009   59831.623
386  HIVw+F+R6     29156.701    278 58869.401    213993.401   59817.839
387  HIVw+F+R7     29149.934    280 58859.868    216219.868   59815.129
388  HIVw+F+R8     29127.687    282 58819.374    218431.374   59781.459
389  HIVw+F+R9     29125.294    284 58818.589    220698.589   59787.496
391  JTTDCMut      29610.034    249 59718.068    184218.068   60567.568
392  JTTDCMut+I    29578.704    250 59657.409    185157.409   60510.320
393  JTTDCMut+G4   28051.954    250 56603.908    182103.908   57456.819
394  JTTDCMut+I+G4 28049.502    251 56601.004    183105.004   57457.327
395  JTTDCMut+R2   28307.873    251 57117.746    183621.746   57974.069
396  JTTDCMut+R3   28117.641    253 56741.283    185265.283   57604.429
397  JTTDCMut+R4   28023.359    255 56556.719    187116.719   57426.689
398  JTTDCMut+R5   27999.426    257 56512.853    189124.853   57389.646
399  JTTDCMut+R6   27991.810    259 56501.620    191181.620   57385.236
400  JTTDCMut+R7   27987.210    261 56496.420    193260.420   57386.859
404  JTTDCMut+F    29696.175    268 59928.349    204112.349   60842.670
405  JTTDCMut+F+I  29654.020    269 59846.041    205106.041   60763.773
406  JTTDCMut+F+G4 28100.588    269 56739.177    201999.177   57656.909
407  JTTDCMut+F+I+G4 28097.061    270 56734.122    203074.122   57655.267
408  JTTDCMut+F+R2 28379.363    270 57298.726    203638.726   58219.870
409  JTTDCMut+F+R3 28169.881    272 56883.762    205395.762   57811.729
410  JTTDCMut+F+R4 28074.211    274 56696.422    207396.422   57631.213
411  JTTDCMut+F+R5 28051.042    276 56654.084    209558.084   57595.699
412  JTTDCMut+F+R6 28044.474    278 56644.947    211768.947   57593.385
413  JTTDCMut+F+R7 28041.023    280 56642.046    214002.046   57597.307
417  FLU           30579.344    249 61656.688    186156.688   62506.188
418  FLU+I         30520.101    250 61540.202    187040.202   62393.114
419  FLU+G4        28540.551    250 57581.101    183081.101   58434.013
420  FLU+I+G4      28532.560    251 57567.120    184071.120   58423.443
421  FLU+R2        28895.341    251 58292.682    184796.682   59149.005
422  FLU+R3        28627.305    253 57760.610    186284.610   58623.757
423  FLU+R4        28531.572    255 57573.145    188133.145   58443.115
424  FLU+R5        28494.398    257 57502.796    190114.796   58379.589
425  FLU+R6        28486.756    259 57491.513    192171.513   58375.129
426  FLU+R7        28478.440    261 57478.879    194242.879   58369.319
427  FLU+R8        28456.237    263 57438.474    196302.474   58335.737
428  FLU+R9        28453.149    265 57436.298    198416.298   58340.384
430  FLU+F         30835.230    268 62206.460    206390.460   63120.781
431  FLU+F+I       30761.128    269 62060.257    207320.257   62977.990
432  FLU+F+G4      28654.978    269 57847.956    203107.956   58765.689
433  FLU+F+I+G4    28645.791    270 57831.581    204171.581   58752.726
434  FLU+F+R2      29034.087    270 58608.175    204948.175   59529.319
435  FLU+F+R3      28759.753    272 58063.505    206575.505   58991.473
436  FLU+F+R4      28649.250    274 57846.499    208546.499   58781.290
437  FLU+F+R5      28612.140    276 57776.280    210680.280   58717.894
438  FLU+F+R6      28602.759    278 57761.519    212885.519   58709.956
439  FLU+F+R7      28595.994    280 57751.988    215111.988   58707.249
440  FLU+F+R8      28575.511    282 57715.021    217327.021   58677.105
441  FLU+F+R9      28572.866    284 57713.731    219593.731   58682.639
443  Blosum62      29990.643    249 60479.287    184979.287   61328.787
444  Blosum62+I    29953.602    250 60407.204    185907.204   61260.115
445  Blosum62+G4   28574.955    250 57649.910    183149.910   58502.822
446  Blosum62+I+G4 28571.277    251 57644.555    184148.555   58500.878
447  Blosum62+R2   28809.563    251 58121.126    184625.126   58977.450
448  Blosum62+R3   28633.553    253 57773.106    186297.106   58636.252
449  Blosum62+R4   28544.797    255 57599.595    188159.595   58469.564
450  Blosum62+R5   28524.844    257 57563.688    190175.688   58440.481
451  Blosum62+R6   28519.093    259 57556.186    192236.186   58439.803
452  Blosum62+R7   28516.962    261 57555.923    194319.923   58446.363
456  Blosum62+F    30276.907    268 61089.814    205273.814   62004.136
457  Blosum62+F+I  30232.087    269 61002.174    206262.174   61919.906
458  Blosum62+F+G4 28796.540    269 58131.080    203391.080   59048.813
459  Blosum62+F+I+G4 28791.955    270 58123.910    204463.910   59045.054
460  Blosum62+F+R2 29081.526    270 58703.053    205043.053   59624.197
461  Blosum62+F+R3 28864.286    272 58272.573    206784.573   59200.540
462  Blosum62+F+R4 28772.789    274 58093.578    208793.578   59028.369
463  Blosum62+F+R5 28750.515    276 58053.031    210957.031   58994.645
464  Blosum62+F+R6 28745.810    278 58047.620    213171.620   58996.057
469  mtMet         31395.787    249 63289.575    187789.575   64139.074
470  mtMet+I       31372.454    250 63244.908    188744.908   64097.819
471  mtMet+G4      29242.849    250 58985.698    184485.698   59838.609
472  mtMet+I+G4    29242.690    251 58987.379    185491.379   59843.702
473  mtMet+R2      29563.318    251 59628.636    186132.636   60484.959
474  mtMet+R3      29299.368    253 59104.736    187628.736   59967.883
475  mtMet+R4      29211.769    255 58933.537    189493.537   59803.507
476  mtMet+R5      29178.683    257 58871.367    191483.367   59748.160
477  mtMet+R6      29172.345    259 58862.690    193542.690   59746.307
478  mtMet+R7      29164.848    261 58851.697    195615.697   59742.136
479  mtMet+R8      29141.044    263 58808.087    197672.087   59705.350
480  mtMet+R9      29139.204    265 58808.407    199788.407   59712.493
482  mtMet+F       30099.678    268 60735.355    204919.355   61649.676
483  mtMet+F+I     30067.736    269 60673.473    205933.473   61591.206
484  mtMet+F+G4    28349.115    269 57236.230    202496.230   58153.963
485  mtMet+F+I+G4  28347.894    270 57235.789    203575.789   58156.933
486  mtMet+F+R2    28654.453    270 57848.907    204188.907   58770.051
487  mtMet+F+R3    28418.646    272 57381.293    205893.293   58309.261
488  mtMet+F+R4    28332.529    274 57213.058    207913.058   58147.849
489  mtMet+F+R5    28308.012    276 57168.024    210072.024   58109.638
490  mtMet+F+R6    28302.022    278 57160.043    212284.043   58108.481
491  mtMet+F+R7    28296.560    280 57153.120    214513.120   58108.381
492  mtMet+F+R8    28275.451    282 57114.901    216726.901   58076.986
493  mtMet+F+R9    28273.452    284 57114.905    218994.905   58083.812
495  mtVer         31731.488    249 63960.977    188460.977   64810.477
496  mtVer+I       31712.703    250 63925.407    189425.407   64778.318
497  mtVer+G4      29402.288    250 59304.575    184804.575   60157.487
498  mtVer+I+G4    29401.918    251 59305.835    185809.835   60162.158
499  mtVer+R2      29733.898    251 59969.796    186473.796   60826.119
500  mtVer+R3      29473.721    253 59453.443    187977.443   60316.589
501  mtVer+R4      29366.545    255 59243.090    189803.090   60113.060
502  mtVer+R5      29339.036    257 59192.071    191804.071   60068.864
503  mtVer+R6      29331.435    259 59180.870    193860.870   60064.486
504  mtVer+R7      29324.246    261 59170.491    195934.491   60060.931
505  mtVer+R8      29304.836    263 59135.672    197999.672   60032.935
506  mtVer+R9      29303.121    265 59136.241    200116.241   60040.328
508  mtVer+F       30485.810    268 61507.619    205691.619   62421.940
509  mtVer+F+I     30455.143    269 61448.286    206708.286   62366.019
510  mtVer+F+G4    28596.772    269 57731.545    202991.545   58649.278
511  mtVer+F+I+G4  28596.770    270 57733.541    204073.541   58654.685
512  mtVer+F+R2    28933.525    270 58407.050    204747.050   59328.195
513  mtVer+F+R3    28693.732    272 57931.464    206443.464   58859.431
514  mtVer+F+R4    28594.748    274 57737.495    208437.495   58672.286
515  mtVer+F+R5    28562.671    276 57677.343    210581.343   58618.957
516  mtVer+F+R6    28554.104    278 57664.209    212788.209   58612.646
517  mtVer+F+R7    28548.107    280 57656.215    215016.215   58611.475
518  mtVer+F+R8    28535.610    282 57635.221    217247.221   58597.305
519  mtVer+F+R9    28533.367    284 57634.733    219514.733   58603.640
521  mtInv         31475.313    249 63448.627    187948.627   64298.127
522  mtInv+I       31449.704    250 63399.408    188899.408   64252.320
523  mtInv+G4      29471.814    250 59443.628    184943.628   60296.540
524  mtInv+I+G4    29471.766    251 59445.531    185949.531   60301.854
525  mtInv+R2      29727.161    251 59956.322    186460.322   60812.646
526  mtInv+R3      29528.094    253 59562.189    188086.189   60425.335
527  mtInv+R4      29438.057    255 59386.114    189946.114   60256.083
528  mtInv+R5      29408.377    257 59330.754    191942.754   60207.547
529  mtInv+R6      29401.118    259 59320.237    194000.237   60203.853
530  mtInv+R7      29393.789    261 59309.577    196073.577   60200.017
531  mtInv+R8      29374.320    263 59274.640    198138.640   60171.902
532  mtInv+R9      29372.523    265 59275.045    200255.045   60179.131
534  mtInv+F       29947.268    268 60430.535    204614.535   61344.857
535  mtInv+F+I     29913.229    269 60364.458    205624.458   61282.191
536  mtInv+F+G4    28289.659    269 57117.319    202377.319   58035.052
537  mtInv+F+I+G4  28287.917    270 57115.834    203455.834   58036.978
538  mtInv+F+R2    28585.731    270 57711.462    204051.462   58632.606
539  mtInv+F+R3    28369.614    272 57283.228    205795.228   58211.196
540  mtInv+F+R4    28273.247    274 57094.494    207794.494   58029.285
541  mtInv+F+R5    28250.546    276 57053.092    209957.092   57994.706
542  mtInv+F+R6    28244.959    278 57045.917    212169.917   57994.355
543  mtInv+F+R7    28241.152    280 57042.304    214402.304   57997.565
Akaike Information Criterion:           JTT+R7
Corrected Akaike Information Criterion: JTT+G4
Bayesian Information Criterion:         JTT+R6
Best-fit model: JTT+R6 chosen according to BIC

All model information printed to analyses/MIKC_orthogroup_selection-basal-v8_guide-v4_trees/aligned-mafft-einsi_trim-gt3/MIKC_orthogroup_selection-basal-v8_guide-v4_aligned-mafft-einsi_trim-gt3_iqtree-bb2000-alrt2000.model.gz
CPU time for ModelFinder: 1238.674 seconds (0h:20m:38s)
Wall-clock time for ModelFinder: 453.964 seconds (0h:7m:33s)
Generating 2000 samples for ultrafast bootstrap (seed: 846575)...

NOTE: 30 MB RAM (0 GB) is required!
Measuring multi-threading efficiency up to 4 CPU cores
Increase to 10 rounds for branch lengths
6 trees examined
Threads: 1 / Time: 4.687 sec / Speedup: 1.000 / Efficiency: 100% / LogL: -39296
Threads: 2 / Time: 2.725 sec / Speedup: 1.720 / Efficiency: 86% / LogL: -39296
Threads: 3 / Time: 2.187 sec / Speedup: 2.143 / Efficiency: 71% / LogL: -39296
Threads: 4 / Time: 2.875 sec / Speedup: 1.630 / Efficiency: 41% / LogL: -39296
BEST NUMBER OF THREADS: 3

Estimate model parameters (epsilon = 0.100)
1. Initial log-likelihood: -27992.574
2. Current log-likelihood: -27977.266
3. Current log-likelihood: -27975.430
4. Current log-likelihood: -27975.055
5. Current log-likelihood: -27974.941
Optimal log-likelihood: -27974.836
Site proportion and rates:  (0.125,0.078) (0.139,0.257) (0.128,0.491) (0.179,0.877) (0.248,1.315) (0.181,2.255)
Parameters optimization took 5 rounds (7.805 sec)
Computing ML distances based on estimated model parameters... 5.284 sec
Computing BIONJ tree...
0.008 seconds
Log-likelihood of BIONJ tree: -28083.798
--------------------------------------------------------------------
|             INITIALIZING CANDIDATE TREE SET                      |
--------------------------------------------------------------------
Generating 98 parsimony trees... 4.153 second
Computing log-likelihood of 98 initial trees ... 7.368 seconds
Current best score: -27921.287

Do NNI search on 20 best initial trees
Estimate model parameters (epsilon = 0.100)
BETTER TREE FOUND at iteration 1: -27867.501
Estimate model parameters (epsilon = 0.100)
BETTER TREE FOUND at iteration 2: -27853.494
Iteration 10 / LogL: -27905.481 / Time: 0h:0m:51s
Iteration 20 / LogL: -27865.559 / Time: 0h:1m:24s
Finish initializing candidate tree set (20)
Current best tree score: -27853.494 / CPU time: 61.162
Number of iterations: 20
--------------------------------------------------------------------
|               OPTIMIZING CANDIDATE TREE SET                      |
--------------------------------------------------------------------
Estimate model parameters (epsilon = 0.100)
BETTER TREE FOUND at iteration 27: -27851.490
Iteration 30 / LogL: -27877.328 / Time: 0h:1m:41s (0h:5m:40s left)
Estimate model parameters (epsilon = 0.100)
BETTER TREE FOUND at iteration 32: -27847.648
Estimate model parameters (epsilon = 0.100)
BETTER TREE FOUND at iteration 36: -27846.037
Estimate model parameters (epsilon = 0.100)
BETTER TREE FOUND at iteration 37: -27845.847
Iteration 40 / LogL: -27846.074 / Time: 0h:2m:1s (0h:5m:2s left)
Estimate model parameters (epsilon = 0.100)
BETTER TREE FOUND at iteration 42: -27845.660
Iteration 50 / LogL: -27853.534 / Time: 0h:2m:24s (0h:4m:31s left)
Log-likelihood cutoff on original alignment: -27921.863
Estimate model parameters (epsilon = 0.100)
BETTER TREE FOUND at iteration 52: -27845.113
Estimate model parameters (epsilon = 0.100)
BETTER TREE FOUND at iteration 57: -27844.728
Iteration 60 / LogL: -27854.483 / Time: 0h:2m:38s (0h:4m:20s left)
Estimate model parameters (epsilon = 0.100)
BETTER TREE FOUND at iteration 61: -27844.619
BETTER TREE FOUND at iteration 68: -27844.615
Iteration 70 / LogL: -27846.941 / Time: 0h:2m:51s (0h:4m:4s left)
Iteration 80 / LogL: -27860.468 / Time: 0h:3m:3s (0h:3m:24s left)
Iteration 90 / LogL: -27845.782 / Time: 0h:3m:19s (0h:2m:54s left)
Iteration 100 / LogL: -27844.708 / Time: 0h:3m:39s (0h:2m:30s left)
Log-likelihood cutoff on original alignment: -27921.863
NOTE: Bootstrap correlation coefficient of split occurrence frequencies: 0.997
Iteration 110 / LogL: -27844.874 / Time: 0h:3m:55s (0h:3m:14s left)
Estimate model parameters (epsilon = 0.100)
BETTER TREE FOUND at iteration 118: -27844.523
Iteration 120 / LogL: -27849.907 / Time: 0h:4m:14s (0h:3m:29s left)
Iteration 130 / LogL: -27845.592 / Time: 0h:4m:34s (0h:3m:7s left)
Iteration 140 / LogL: -27846.862 / Time: 0h:5m:0s (0h:2m:48s left)
Estimate model parameters (epsilon = 0.100)
BETTER TREE FOUND at iteration 141: -27844.130
Estimate model parameters (epsilon = 0.100)
BETTER TREE FOUND at iteration 146: -27843.294
Iteration 150 / LogL: -27845.883 / Time: 0h:5m:16s (0h:3m:24s left)
Log-likelihood cutoff on original alignment: -27921.863
Estimate model parameters (epsilon = 0.100)
BETTER TREE FOUND at iteration 151: -27842.440
Estimate model parameters (epsilon = 0.100)
BETTER TREE FOUND at iteration 160: -27842.265
Iteration 160 / LogL: -27842.265 / Time: 0h:5m:31s (0h:3m:28s left)
BETTER TREE FOUND at iteration 162: -27842.259
Estimate model parameters (epsilon = 0.100)
BETTER TREE FOUND at iteration 165: -27842.158
Estimate model parameters (epsilon = 0.100)
BETTER TREE FOUND at iteration 169: -27842.005
Iteration 170 / LogL: -27843.023 / Time: 0h:5m:44s (0h:3m:21s left)
Estimate model parameters (epsilon = 0.100)
BETTER TREE FOUND at iteration 174: -27841.888
Iteration 180 / LogL: -27850.620 / Time: 0h:5m:58s (0h:3m:8s left)
Estimate model parameters (epsilon = 0.100)
BETTER TREE FOUND at iteration 187: -27841.804
Iteration 190 / LogL: -27842.486 / Time: 0h:6m:14s (0h:3m:11s left)
Iteration 200 / LogL: -27842.838 / Time: 0h:6m:33s (0h:2m:51s left)
Log-likelihood cutoff on original alignment: -27921.863
NOTE: Bootstrap correlation coefficient of split occurrence frequencies: 0.989
NOTE: UFBoot does not converge, continue at least 100 more iterations
UPDATE BEST LOG-LIKELIHOOD: -27841.803
Iteration 210 / LogL: -27842.214 / Time: 0h:6m:49s (0h:2m:56s left)
Iteration 220 / LogL: -27863.359 / Time: 0h:7m:10s (0h:2m:37s left)
Iteration 230 / LogL: -27841.944 / Time: 0h:7m:33s (0h:2m:18s left)
Iteration 240 / LogL: -27842.478 / Time: 0h:7m:45s (0h:1m:56s left)
Iteration 250 / LogL: -27841.826 / Time: 0h:7m:58s (0h:1m:36s left)
Log-likelihood cutoff on original alignment: -27921.863
Iteration 260 / LogL: -27842.255 / Time: 0h:8m:12s (0h:1m:16s left)
Iteration 270 / LogL: -27841.823 / Time: 0h:8m:28s (0h:0m:56s left)
Iteration 280 / LogL: -27842.197 / Time: 0h:8m:42s (0h:0m:37s left)
Iteration 290 / LogL: -27843.042 / Time: 0h:8m:58s (0h:0m:18s left)
Iteration 300 / LogL: -27850.719 / Time: 0h:9m:13s (0h:0m:0s left)
Log-likelihood cutoff on original alignment: -27921.863
NOTE: Bootstrap correlation coefficient of split occurrence frequencies: 0.984
NOTE: UFBoot does not converge, continue at least 100 more iterations
Iteration 310 / LogL: -27858.062 / Time: 0h:9m:27s (0h:2m:45s left)
Iteration 320 / LogL: -27855.420 / Time: 0h:9m:42s (0h:2m:25s left)
Iteration 330 / LogL: -27842.393 / Time: 0h:9m:59s (0h:2m:7s left)
Iteration 340 / LogL: -27842.580 / Time: 0h:10m:15s (0h:1m:48s left)
Iteration 350 / LogL: -27841.866 / Time: 0h:10m:33s (0h:1m:30s left)
Log-likelihood cutoff on original alignment: -27921.863
Iteration 360 / LogL: -27842.728 / Time: 0h:10m:48s (0h:1m:12s left)
Iteration 370 / LogL: -27842.683 / Time: 0h:11m:3s (0h:0m:53s left)
Iteration 380 / LogL: -27842.214 / Time: 0h:11m:20s (0h:0m:35s left)
Iteration 390 / LogL: -27856.969 / Time: 0h:11m:40s (0h:0m:18s left)
Iteration 400 / LogL: -27841.827 / Time: 0h:11m:58s (0h:0m:0s left)
Log-likelihood cutoff on original alignment: -27921.863
NOTE: Bootstrap correlation coefficient of split occurrence frequencies: 0.996
TREE SEARCH COMPLETED AFTER 400 ITERATIONS / Time: 0h:11m:58s

--------------------------------------------------------------------
|                    FINALIZING TREE SEARCH                        |
--------------------------------------------------------------------
Performs final model parameters optimization
Estimate model parameters (epsilon = 0.010)
1. Initial log-likelihood: -27841.803
Optimal log-likelihood: -27841.797
Site proportion and rates:  (0.123,0.078) (0.142,0.260) (0.123,0.488) (0.184,0.880) (0.247,1.318) (0.181,2.240)
Parameters optimization took 1 rounds (0.863 sec)
BEST SCORE FOUND : -27841.797

Testing tree branches by SH-like aLRT with 2000 replicates...
0.889 sec.
Creating bootstrap support values...
Split supports printed to NEXUS file analyses/MIKC_orthogroup_selection-basal-v8_guide-v4_trees/aligned-mafft-einsi_trim-gt3/MIKC_orthogroup_selection-basal-v8_guide-v4_aligned-mafft-einsi_trim-gt3_iqtree-bb2000-alrt2000.splits.nex
Total tree length: 63.060

Total number of iterations: 400
CPU time used for tree search: 1701.275 sec (0h:28m:21s)
Wall-clock time used for tree search: 695.858 sec (0h:11m:35s)
Total CPU time used: 1750.259 sec (0h:29m:10s)
Total wall-clock time used: 721.043 sec (0h:12m:1s)

Computing bootstrap consensus tree...
Reading input file analyses/MIKC_orthogroup_selection-basal-v8_guide-v4_trees/aligned-mafft-einsi_trim-gt3/MIKC_orthogroup_selection-basal-v8_guide-v4_aligned-mafft-einsi_trim-gt3_iqtree-bb2000-alrt2000.splits.nex...
126 taxa and 1067 splits.
Consensus tree written to analyses/MIKC_orthogroup_selection-basal-v8_guide-v4_trees/aligned-mafft-einsi_trim-gt3/MIKC_orthogroup_selection-basal-v8_guide-v4_aligned-mafft-einsi_trim-gt3_iqtree-bb2000-alrt2000.contree
Reading input trees file analyses/MIKC_orthogroup_selection-basal-v8_guide-v4_trees/aligned-mafft-einsi_trim-gt3/MIKC_orthogroup_selection-basal-v8_guide-v4_aligned-mafft-einsi_trim-gt3_iqtree-bb2000-alrt2000.contree
Log-likelihood of consensus tree: -27841.992

Analysis results written to: 
  IQ-TREE report:                analyses/MIKC_orthogroup_selection-basal-v8_guide-v4_trees/aligned-mafft-einsi_trim-gt3/MIKC_orthogroup_selection-basal-v8_guide-v4_aligned-mafft-einsi_trim-gt3_iqtree-bb2000-alrt2000.iqtree
  Maximum-likelihood tree:       analyses/MIKC_orthogroup_selection-basal-v8_guide-v4_trees/aligned-mafft-einsi_trim-gt3/MIKC_orthogroup_selection-basal-v8_guide-v4_aligned-mafft-einsi_trim-gt3_iqtree-bb2000-alrt2000.treefile
  Likelihood distances:          analyses/MIKC_orthogroup_selection-basal-v8_guide-v4_trees/aligned-mafft-einsi_trim-gt3/MIKC_orthogroup_selection-basal-v8_guide-v4_aligned-mafft-einsi_trim-gt3_iqtree-bb2000-alrt2000.mldist

Ultrafast bootstrap approximation results written to:
  Split support values:          analyses/MIKC_orthogroup_selection-basal-v8_guide-v4_trees/aligned-mafft-einsi_trim-gt3/MIKC_orthogroup_selection-basal-v8_guide-v4_aligned-mafft-einsi_trim-gt3_iqtree-bb2000-alrt2000.splits.nex
  Consensus tree:                analyses/MIKC_orthogroup_selection-basal-v8_guide-v4_trees/aligned-mafft-einsi_trim-gt3/MIKC_orthogroup_selection-basal-v8_guide-v4_aligned-mafft-einsi_trim-gt3_iqtree-bb2000-alrt2000.contree
  Screen log file:               analyses/MIKC_orthogroup_selection-basal-v8_guide-v4_trees/aligned-mafft-einsi_trim-gt3/MIKC_orthogroup_selection-basal-v8_guide-v4_aligned-mafft-einsi_trim-gt3_iqtree-bb2000-alrt2000.log

Date and Time: Wed Aug 19 15:16:06 2020
