IQ-TREE multicore version 1.6.12 for Linux 64-bit built Aug 15 2019
Developed by Bui Quang Minh, Nguyen Lam Tung, Olga Chernomor,
Heiko Schmidt, Dominik Schrempf, Michael Woodhams.

Host:    LauraDesktop (AVX2, FMA3, 23 GB RAM)
Command: iqtree -s data/alignments_trimmed/MIKC_orthogroup_selection-basal-v8_guide-v4_aligned-mafft-einsi_trim-gt2.fasta -m MFP -bb 2000 -alrt 2000 -nt AUTO -ntmax 4 -pre analyses/MIKC_orthogroup_selection-basal-v8_guide-v4_trees/aligned-mafft-einsi_trim-gt2/MIKC_orthogroup_selection-basal-v8_guide-v4_aligned-mafft-einsi_trim-gt2_iqtree-bb2000-alrt2000
Seed:    536194 (Using SPRNG - Scalable Parallel Random Number Generator)
Time:    Wed Aug 19 14:41:48 2020
Kernel:  AVX+FMA - auto-detect threads (4 CPU cores detected)

Reading alignment file data/alignments_trimmed/MIKC_orthogroup_selection-basal-v8_guide-v4_aligned-mafft-einsi_trim-gt2.fasta ... Fasta format detected
Alignment most likely contains protein sequences
Alignment has 126 sequences with 241 columns, 241 distinct patterns
236 parsimony-informative, 4 singleton sites, 1 constant sites
                                             Gap/Ambiguity  Composition  p-value
   1  cgMADS1_BAD88436                              24.90%    passed     75.63%
   2  CRM1_CAA69276                                  6.64%    passed     58.35%
   3  CRM2_CAA69277                                 22.82%    passed      9.17%
   4  CRM3_CAA69407                                 13.69%    passed      5.55%
   5  CRM4_CAA69408                                 15.35%    passed     10.87%
   6  CRM5_CAA69409                                 15.35%    failed      2.25%
   7  CRM6_CAA69410                                 19.09%    passed     57.23%
   8  CRM7_CAA69411                                 22.41%    passed     45.64%
   9  OPM1_CAA69412                                 18.26%    passed     90.91%
  10  CMADS1_AAC24492                                5.81%    passed     41.59%
  11  CMADS2_AAC24493                                6.64%    passed     46.37%
  12  CMADS3_AAC24319                                6.64%    passed     52.80%
  13  CMADS4_AAC24320                               11.20%    passed     97.24%
  14  CMADS6_AAC24325                               30.71%    passed      9.69%
  15  SmMADS6                                        8.30%    passed     45.29%
  16  SmMADS3                                        4.56%    failed      2.70%
  17  SmMADS1                                        7.47%    passed     25.76%
  18  PPM1_Pp012G078200                              4.56%    passed     58.76%
  19  PPM2_Pp003G125000                              4.15%    passed     95.38%
  20  PpMADS1_Pp004G002000                           5.81%    passed     80.67%
  21  PpMADS_S                                       4.56%    passed     78.53%
  22  PPMC5_Pp017G019900                             3.32%    passed     48.98%
  23  PPMC6_Pp014G056100                             3.32%    passed     52.61%
  24  PI                                            16.18%    passed     24.07%
  25  AP3                                            9.96%    passed     14.93%
  26  AGL2_SEP1                                      7.05%    failed      4.20%
  27  AGL6                                           5.81%    passed     56.85%
  28  AGL8_FUL                                      11.20%    passed     75.47%
  29  AGL25_FLC                                     20.33%    passed     20.00%
  30  AG                                             9.13%    failed      1.81%
  31  AGL12                                         17.84%    passed     43.65%
  32  AGL15                                          8.30%    passed     88.73%
  33  AGL17                                         11.20%    passed     98.86%
  34  AGL20_SOC1                                    14.52%    passed     68.40%
  35  AGL22_SVP                                      7.47%    passed     99.15%
  36  AGL32_ABS                                      6.64%    passed     11.54%
  37  AGL33                                         62.24%    passed     20.40%
  38  OsMADS2                                       19.50%    passed     78.00%
  39  OsMADS16                                      14.11%    passed     34.86%
  40  OsMADS55                                      21.99%    passed     88.48%
  41  OsMADS30                                      12.86%    passed     43.69%
  42  OsMADS6                                        7.05%    passed     44.25%
  43  OsMADS8                                        8.30%    passed     77.02%
  44  OsMADS15                                       5.39%    passed      9.28%
  45  OsMADS23                                      34.02%    passed     99.08%
  46  OsMADS26                                      16.18%    passed     10.51%
  47  OsMADS3                                        7.47%    passed      5.85%
  48  AtSTK_Homeotic_D                               9.96%    passed      9.65%
  49  AtAP1_Homeotic_A                               6.64%    passed     18.24%
  50  OsMADS14_Homeotic_A                           12.86%    passed     32.54%
  51  MpMADS2                                        1.66%    passed     70.05%
  52  Azfi_s0028.g024032_manually_reannotated       24.07%    passed     52.44%
  53  PIVW-2001489-Ceratopteris_thalictroides       34.85%    passed     51.83%
  54  IRBN-2000158-Scapania_nemorosa                39.83%    passed     96.68%
  55  ENQF-2084602-Lycopodium_annotinum              6.22%    passed     92.53%
  56  PIVW-2016418-Ceratopteris_thalictroides       22.82%    passed     26.70%
  57  FFPD-2013099-Ceratodon_purpureus               3.32%    passed     64.11%
  58  CVEG-2124355-Azolla_cf._caroliniana           35.27%    passed     91.66%
  59  PIVW-2002304-Ceratopteris_thalictroides       46.06%    passed     72.49%
  60  PIVW-2019843-Ceratopteris_thalictroides       29.88%    passed     91.80%
  61  RDOO-2000812-Racomitrium_varium               14.94%    passed     54.36%
  62  PIVW-2004036-Ceratopteris_thalictroides       28.63%    passed     74.26%
  63  ENQF-2007944-Lycopodium_annotinum              8.71%    passed     55.01%
  64  PIVW-2020998-Ceratopteris_thalictroides       29.88%    passed     93.75%
  65  UPMJ-2005050-Pseudolycopodiella_caroliniana   28.63%    passed     95.81%
  66  PIVW-2004304-Ceratopteris_thalictroides       44.81%    passed     96.24%
  67  PIVW-2000174-Ceratopteris_thalictroides       39.42%    passed     86.21%
  68  ENQF-2004632-Lycopodium_annotinum             39.83%    passed     44.11%
  69  PIVW-2000450-Ceratopteris_thalictroides       28.63%    passed     56.37%
  70  QMWB-2056566-Anomodon_attenuatus              46.89%    passed     95.73%
  71  RDOO-2000811-Racomitrium_varium               11.20%    passed     39.66%
  72  CBAE-2013716-Huperzia_myrisinites             10.37%    passed     44.53%
  73  UPMJ-2005049-Pseudolycopodiella_caroliniana   28.63%    passed     95.81%
  74  CBAE-2013582-Huperzia_myrisinites             19.50%    passed     98.45%
  75  PIVW-2008000-Ceratopteris_thalictroides       29.88%    passed     10.30%
  76  UPMJ-2014960-Pseudolycopodiella_caroliniana   17.01%    passed     95.90%
  77  PIVW-2004305-Ceratopteris_thalictroides       35.68%    passed     94.84%
  78  LGOW-2012213-Schistochila_sp.                 34.02%    passed     92.24%
  79  PIVW-2004303-Ceratopteris_thalictroides       42.74%    passed     97.31%
  80  PIVW-2001491-Ceratopteris_thalictroides       36.93%    passed     83.13%
  81  ENQF-2004631-Lycopodium_annotinum             39.83%    passed     44.11%
  82  PIVW-2001490-Ceratopteris_thalictroides       36.93%    passed     79.27%
  83  FFPD-2013100-Ceratodon_purpureus               3.32%    passed     55.18%
  84  UPMJ-2002417-Pseudolycopodiella_caroliniana   41.08%    passed     39.64%
  85  PIVW-2002392-Ceratopteris_thalictroides       28.63%    failed      4.65%
  86  CBAE-2009937-Huperzia_myrisinites             30.29%    passed     83.53%
  87  PIVW-2019502-Ceratopteris_thalictroides       27.39%    passed     75.26%
  88  FFPD-2057947-Ceratodon_purpureus               4.98%    passed     47.17%
  89  CVEG-2033633-Azolla_cf._caroliniana           28.63%    passed     86.14%
  90  ENQF-2015023-Lycopodium_annotinum             19.92%    passed     87.20%
  91  PIVW-2004035-Ceratopteris_thalictroides       28.63%    passed     74.26%
  92  UPMJ-2008884-Pseudolycopodiella_caroliniana   36.51%    passed     99.79%
  93  PIVW-2003993-Ceratopteris_thalictroides       28.63%    passed     62.35%
  94  PIVW-2003992-Ceratopteris_thalictroides       28.63%    passed     62.35%
  95  PIVW-2009413-Ceratopteris_thalictroides       36.93%    passed     74.32%
  96  CBAE-2012867-Huperzia_myrisinites             29.46%    passed     97.05%
  97  PIVW-2000173-Ceratopteris_thalictroides       38.59%    passed     94.05%
  98  UPMJ-2017788-Pseudolycopodiella_caroliniana   14.94%    passed     57.91%
  99  PIVW-2004302-Ceratopteris_thalictroides       44.81%    passed     94.08%
 100  PIVW-2009414-Ceratopteris_thalictroides       36.93%    passed     74.32%
 101  PIVW-2007999-Ceratopteris_thalictroides       29.88%    passed     10.30%
 102  NRWZ-2014421-Metzgeria_crassipilis             1.66%    passed     67.98%
 103  PIVW-2001493-Ceratopteris_thalictroides       34.85%    passed     51.83%
 104  RDOO-2015055-Racomitrium_varium               31.54%    passed     75.86%
 105  CVEG-2123825-Azolla_cf._caroliniana           37.76%    passed     90.30%
 106  CVEG-2010487-Azolla_cf._caroliniana           36.51%    passed     96.63%
 107  XMGP-2014150-Juniperus_scopulorum             30.29%    passed     79.01%
 108  JZVE-2034291-Parasitaxus_usta                 32.78%    passed     94.17%
 109  XMGP-2012223-Juniperus_scopulorum             33.20%    passed     72.58%
 110  XMGP-2002769-Juniperus_scopulorum             36.51%    passed     77.32%
 111  JZVE-2035359-Parasitaxus_usta                 37.34%    passed     12.47%
 112  JZVE-2036348-Parasitaxus_usta                 14.52%    passed     76.04%
 113  JZVE-2036124-Parasitaxus_usta                 17.01%    passed     71.32%
 114  JZVE-2032691-Parasitaxus_usta                 36.93%    passed     68.15%
 115  JZVE-2006929-Parasitaxus_usta                 25.73%    passed     97.88%
 116  JZVE-2007309-Parasitaxus_usta                 41.49%    passed     93.01%
 117  JZVE-2003013-Parasitaxus_usta                 36.51%    passed     92.35%
 118  XMGP-2009071-Juniperus_scopulorum             36.93%    passed     94.95%
 119  XMGP-2003328-Juniperus_scopulorum             29.46%    passed     34.15%
 120  JZVE-2003919-Parasitaxus_usta                 34.02%    passed     75.18%
 121  JZVE-2004736-Parasitaxus_usta                 25.73%    passed     92.13%
 122  XMGP-2007459-Juniperus_scopulorum              8.30%    passed     11.23%
 123  XMGP-2058097-Juniperus_scopulorum             16.60%    passed     55.12%
 124  JZVE-2004735-Parasitaxus_usta                 33.20%    passed     90.17%
 125  JZVE-2036946-Parasitaxus_usta                 12.03%    passed     82.92%
 126  JZVE-2007246-Parasitaxus_usta                  7.05%    passed     19.49%
WARNING: 1 sequences contain more than 50% gaps/ambiguity
****  TOTAL                                         22.01%  5 sequences failed composition chi2 test (p-value<5%; df=19)
NOTE: PIVW-2001493-Ceratopteris_thalictroides is identical to PIVW-2001489-Ceratopteris_thalictroides but kept for subsequent analysis
NOTE: PIVW-2004035-Ceratopteris_thalictroides is identical to PIVW-2004036-Ceratopteris_thalictroides but kept for subsequent analysis
NOTE: UPMJ-2005049-Pseudolycopodiella_caroliniana is identical to UPMJ-2005050-Pseudolycopodiella_caroliniana but kept for subsequent analysis
NOTE: ENQF-2004631-Lycopodium_annotinum is identical to ENQF-2004632-Lycopodium_annotinum but kept for subsequent analysis
NOTE: PIVW-2007999-Ceratopteris_thalictroides is identical to PIVW-2008000-Ceratopteris_thalictroides but kept for subsequent analysis
NOTE: PIVW-2003992-Ceratopteris_thalictroides is identical to PIVW-2003993-Ceratopteris_thalictroides but kept for subsequent analysis
NOTE: PIVW-2009414-Ceratopteris_thalictroides is identical to PIVW-2009413-Ceratopteris_thalictroides but kept for subsequent analysis


Create initial parsimony tree by phylogenetic likelihood library (PLL)... 0.035 seconds
NOTE: ModelFinder requires 53 MB RAM!
ModelFinder will test 546 protein models (sample size: 241) ...
 No. Model         -LnL         df  AIC          AICc         BIC
Measuring multi-threading efficiency up to 4 CPU cores
Increase to 10 rounds for branch lengths
29 trees examined
Threads: 1 / Time: 4.082 sec / Speedup: 1.000 / Efficiency: 100% / LogL: -44293
Threads: 2 / Time: 2.590 sec / Speedup: 1.576 / Efficiency: 79% / LogL: -44293
Threads: 3 / Time: 2.219 sec / Speedup: 1.840 / Efficiency: 61% / LogL: -44293
Threads: 4 / Time: 2.435 sec / Speedup: 1.676 / Efficiency: 42% / LogL: -44293
BEST NUMBER OF THREADS: 3

  1  Dayhoff       31025.617    249 62549.234    187049.234   63416.949
  2  Dayhoff+I     31000.993    250 62501.986    188001.986   63373.185
  3  Dayhoff+G4    29481.508    250 59463.017    184963.017   60334.216
  4  Dayhoff+I+G4  29481.363    251 59464.727    185968.727   60339.411
  5  Dayhoff+R2    29756.182    251 60014.363    186518.363   60889.047
  6  Dayhoff+R3    29568.302    253 59642.604    188166.604   60524.258
  7  Dayhoff+R4    29460.205    255 59430.410    189990.410   60319.034
  8  Dayhoff+R5    29429.118    257 59372.236    191984.236   60267.829
  9  Dayhoff+R6    29419.676    259 59357.351    194037.351   60259.914
 10  Dayhoff+R7    29415.369    261 59352.738    196116.738   60262.270
 14  Dayhoff+F     31044.673    268 62625.345    206809.345   63559.271
 15  Dayhoff+F+I   31009.902    269 62557.804    207817.804   63495.214
 16  Dayhoff+F+G4  29450.985    269 59439.969    204699.969   60377.380
 17  Dayhoff+F+I+G4 29450.453    270 59440.906    205780.906   60381.801
 18  Dayhoff+F+R2  29744.341    270 60028.681    206368.681   60969.576
 19  Dayhoff+F+R3  29543.148    272 59630.295    208142.295   60578.160
 20  Dayhoff+F+R4  29439.607    274 59427.213    210127.213   60382.047
 21  Dayhoff+F+R5  29402.274    276 59356.548    212260.548   60318.352
 22  Dayhoff+F+R6  29392.641    278 59341.282    214465.282   60310.056
 23  Dayhoff+F+R7  29386.790    280 59333.579    216693.579   60309.322
 24  Dayhoff+F+R8  29385.350    282 59334.700    218946.700   60317.412
 27  mtMAM         33617.217    249 67732.434    192232.434   68600.148
 28  mtMAM+I       33593.102    250 67686.205    193186.205   68557.404
 29  mtMAM+G4      30795.537    250 62091.074    187591.074   62962.274
 30  mtMAM+I+G4    30795.561    251 62093.121    188597.121   62967.805
 31  mtMAM+R2      31261.691    251 63025.383    189529.383   63900.067
 32  mtMAM+R3      30982.372    253 62470.744    190994.744   63352.397
 33  mtMAM+R4      30803.169    255 62116.338    192676.338   63004.961
 34  mtMAM+R5      30748.134    257 62010.267    194622.267   62905.860
 35  mtMAM+R6      30726.358    259 61970.716    196650.716   62873.279
 36  mtMAM+R7      30711.982    261 61945.964    198709.964   62855.496
 37  mtMAM+R8      30704.131    263 61934.261    200798.261   62850.763
 38  mtMAM+R9      30683.207    265 61896.415    202876.415   62819.886
 39  mtMAM+R10     30679.328    267 61892.656    205004.656   62823.097
 40  mtMAM+F       31970.832    268 64477.664    208661.664   65411.590
 41  mtMAM+F+I     31935.559    269 64409.118    209669.118   65346.528
 42  mtMAM+F+G4    29857.546    269 60253.093    205513.093   61190.503
 43  mtMAM+F+I+G4  29856.345    270 60252.691    206592.691   61193.586
 44  mtMAM+F+R2    30240.507    270 61021.013    207361.013   61961.908
 45  mtMAM+F+R3    29977.752    272 60499.505    209011.505   61447.369
 46  mtMAM+F+R4    29863.772    274 60275.545    210975.545   61230.379
 47  mtMAM+F+R5    29820.939    276 60193.878    213097.878   61155.682
 48  mtMAM+F+R6    29802.754    278 60161.508    215285.508   61130.281
 49  mtMAM+F+R7    29793.726    280 60147.452    217507.452   61123.195
 50  mtMAM+F+R8    29786.862    282 60137.725    219749.725   61120.437
 51  mtMAM+F+R9    29773.324    284 60114.648    221994.648   61104.330
 52  mtMAM+F+R10   29770.970    286 60113.939    224277.939   61110.591
 53  JTT           30632.686    249 61763.372    186263.372   62631.086
 54  JTT+I         30600.492    250 61700.984    187200.984   62572.183
 55  JTT+G4        29064.359    250 58628.718    184128.718   59499.918
 56  JTT+I+G4      29061.445    251 58624.890    185128.890   59499.574
 57  JTT+R2        29314.398    251 59130.797    185634.797   60005.481
 58  JTT+R3        29121.762    253 58749.524    187273.524   59631.178
 59  JTT+R4        29034.758    255 58579.517    189139.517   59468.140
 60  JTT+R5        29006.847    257 58527.693    191139.693   59423.286
 61  JTT+R6        28991.707    259 58501.414    193181.414   59403.977
 62  JTT+R7        28985.992    261 58493.983    195257.983   59403.515
 63  JTT+R8        28982.948    263 58491.895    197355.895   59408.397
 66  JTT+F         30709.764    268 61955.528    206139.528   62889.453
 67  JTT+F+I       30666.970    269 61871.940    207131.940   62809.350
 68  JTT+F+G4      29104.602    269 58747.203    204007.203   59684.614
 69  JTT+F+I+G4    29100.626    270 58741.253    205081.253   59682.148
 70  JTT+F+R2      29375.924    270 59291.849    205631.849   60232.744
 71  JTT+F+R3      29168.300    272 58880.599    207392.599   59828.464
 72  JTT+F+R4      29075.590    274 58699.180    209399.180   59654.015
 73  JTT+F+R5      29048.641    276 58649.282    211553.282   59611.086
 74  JTT+F+R6      29036.187    278 58628.375    213752.375   59597.148
 75  JTT+F+R7      29031.886    280 58623.772    215983.772   59599.515
 79  WAG           30771.154    249 62040.308    186540.308   62908.022
 80  WAG+I         30733.244    250 61966.487    187466.487   62837.687
 81  WAG+G4        29311.924    250 59123.848    184623.848   59995.047
 82  WAG+I+G4      29309.170    251 59120.340    185624.340   59995.024
 83  WAG+R2        29591.501    251 59685.002    186189.002   60559.686
 84  WAG+R3        29387.091    253 59280.182    187804.182   60161.835
 85  WAG+R4        29286.979    255 59083.957    189643.957   59972.580
 86  WAG+R5        29259.911    257 59033.822    191645.822   59929.415
 87  WAG+R6        29250.742    259 59019.483    193699.483   59922.046
 88  WAG+R7        29247.504    261 59017.008    195781.008   59926.540
 92  WAG+F         31018.181    268 62572.362    206756.362   63506.287
 93  WAG+F+I       30969.614    269 62477.228    207737.228   63414.639
 94  WAG+F+G4      29460.208    269 59458.416    204718.416   60395.827
 95  WAG+F+I+G4    29456.591    270 59453.183    205793.183   60394.078
 96  WAG+F+R2      29786.468    270 60112.936    206452.936   61053.832
 97  WAG+F+R3      29545.944    272 59635.888    208147.888   60583.752
 98  WAG+F+R4      29443.212    274 59434.424    210134.424   60389.259
 99  WAG+F+R5      29415.051    276 59382.102    212286.102   60343.906
100  WAG+F+R6      29404.759    278 59365.518    214489.518   60334.291
101  WAG+F+R7      29402.501    280 59365.002    216725.002   60340.746
105  cpREV         31094.236    249 62686.472    187186.472   63554.187
106  cpREV+I       31034.472    250 62568.945    188068.945   63440.144
107  cpREV+G4      29438.425    250 59376.851    184876.851   60248.050
108  cpREV+I+G4    29431.690    251 59365.379    185869.379   60240.063
109  cpREV+R2      29770.504    251 60043.009    186547.009   60917.693
110  cpREV+R3      29518.161    253 59542.321    188066.321   60423.975
111  cpREV+R4      29423.651    255 59357.302    189917.302   60245.925
112  cpREV+R5      29387.714    257 59289.428    191901.428   60185.021
113  cpREV+R6      29374.694    259 59267.388    193947.388   60169.950
114  cpREV+R7      29371.101    261 59264.202    196028.202   60173.734
118  cpREV+F       31542.035    268 63620.070    207804.070   64553.996
119  cpREV+F+I     31471.963    269 63481.925    208741.925   64419.335
120  cpREV+F+G4    29716.097    269 59970.194    205230.194   60907.605
121  cpREV+F+I+G4  29710.359    270 59960.717    206300.717   60901.613
122  cpREV+F+R2    30131.126    270 60802.251    207142.251   61743.146
123  cpREV+F+R3    29830.612    272 60205.224    208717.224   61153.088
124  cpREV+F+R4    29723.873    274 59995.745    210695.745   60950.580
125  cpREV+F+R5    29684.859    276 59921.719    212825.719   60883.523
126  cpREV+F+R6    29665.712    278 59887.424    215011.424   60856.197
127  cpREV+F+R7    29658.061    280 59876.121    217236.121   60851.865
128  cpREV+F+R8    29653.029    282 59870.059    219482.059   60852.771
131  mtREV         32532.860    249 65563.720    190063.720   66431.435
132  mtREV+I       32496.991    250 65493.982    190993.982   66365.182
133  mtREV+G4      30501.392    250 61502.784    187002.784   62373.984
134  mtREV+I+G4    30497.541    251 61497.083    188001.083   62371.767
135  mtREV+R2      30774.014    251 62050.027    188554.027   62924.711
136  mtREV+R3      30545.068    253 61596.136    190120.136   62477.790
137  mtREV+R4      30472.327    255 61454.654    192014.654   62343.277
138  mtREV+R5      30448.411    257 61410.822    194022.822   62306.415
139  mtREV+R6      30432.618    259 61383.235    196063.235   62285.798
140  mtREV+R7      30426.550    261 61375.101    198139.101   62284.633
141  mtREV+R8      30418.422    263 61362.844    200226.844   62279.345
142  mtREV+R9      30399.020    265 61328.040    202308.040   62251.511
143  mtREV+R10     30395.468    267 61324.937    204436.937   62255.377
144  mtREV+F       31327.766    268 63191.533    207375.533   64125.459
145  mtREV+F+I     31278.569    269 63095.139    208355.139   64032.549
146  mtREV+F+G4    29633.313    269 59804.626    205064.626   60742.036
147  mtREV+F+I+G4  29629.052    270 59798.103    206138.103   60738.999
148  mtREV+F+R2    29956.928    270 60453.855    206793.855   61394.750
149  mtREV+F+R3    29700.875    272 59945.750    208457.750   60893.615
150  mtREV+F+R4    29621.909    274 59791.818    210491.818   60746.652
151  mtREV+F+R5    29592.322    276 59736.644    212640.644   60698.448
152  mtREV+F+R6    29577.564    278 59711.127    214835.127   60679.901
153  mtREV+F+R7    29572.366    280 59704.731    217064.731   60680.474
157  rtREV         31028.825    249 62555.651    187055.651   63423.365
158  rtREV+I       30996.147    250 62492.295    187992.295   63363.494
159  rtREV+G4      29469.615    250 59439.230    184939.230   60310.429
160  rtREV+I+G4    29466.729    251 59435.458    185939.458   60310.142
161  rtREV+R2      29741.581    251 59985.163    186489.163   60859.847
162  rtREV+R3      29522.293    253 59550.585    188074.585   60432.239
163  rtREV+R4      29446.835    255 59403.670    189963.670   60292.294
164  rtREV+R5      29423.511    257 59361.022    191973.022   60256.614
165  rtREV+R6      29413.595    259 59345.189    194025.189   60247.752
166  rtREV+R7      29408.630    261 59339.260    196103.260   60248.792
170  rtREV+F       31060.962    268 62657.923    206841.923   63591.849
171  rtREV+F+I     31018.621    269 62575.242    207835.242   63512.652
172  rtREV+F+G4    29448.769    269 59435.538    204695.538   60372.948
173  rtREV+F+I+G4  29444.118    270 59428.236    205768.236   60369.131
174  rtREV+F+R2    29752.628    270 60045.256    206385.256   60986.151
175  rtREV+F+R3    29523.377    272 59590.754    208102.754   60538.619
176  rtREV+F+R4    29432.242    274 59412.485    210112.485   60367.319
177  rtREV+F+R5    29405.972    276 59363.943    212267.943   60325.747
178  rtREV+F+R6    29393.199    278 59342.398    214466.398   60311.171
179  rtREV+F+R7    29388.909    280 59337.818    216697.818   60313.561
183  mtART         33511.829    249 67521.659    192021.659   68389.373
184  mtART+I       33481.774    250 67463.547    192963.547   68334.746
185  mtART+G4      30752.036    250 62004.073    187504.073   62875.272
186  mtART+I+G4    30752.179    251 62006.357    188510.357   62881.041
187  mtART+R2      31155.171    251 62812.341    189316.341   63687.025
188  mtART+R3      30845.075    253 62196.149    190720.149   63077.803
189  mtART+R4      30734.904    255 61979.808    192539.808   62868.431
190  mtART+R5      30688.777    257 61891.555    194503.555   62787.148
191  mtART+R6      30666.502    259 61851.004    196531.004   62753.566
192  mtART+R7      30660.121    261 61842.241    198606.241   62751.773
193  mtART+R8      30651.821    263 61829.642    200693.642   62746.144
194  mtART+R9      30631.825    265 61793.650    202773.650   62717.122
195  mtART+R10     30621.757    267 61777.513    204889.513   62707.954
196  mtART+F       32003.615    268 64543.230    208727.230   65477.155
197  mtART+F+I     31962.974    269 64463.948    209723.948   65401.359
198  mtART+F+G4    29791.529    269 60121.059    205381.059   61058.469
199  mtART+F+I+G4  29788.884    270 60117.769    206457.769   61058.664
200  mtART+F+R2    30218.576    270 60977.151    207317.151   61918.046
201  mtART+F+R3    29924.464    272 60392.929    208904.929   61340.794
202  mtART+F+R4    29819.061    274 60186.123    210886.123   61140.957
203  mtART+F+R5    29776.810    276 60105.621    213009.621   61067.425
204  mtART+F+R6    29760.888    278 60077.775    215201.775   61046.549
205  mtART+F+R7    29756.930    280 60073.860    217433.860   61049.603
209  mtZOA         32433.760    249 65365.520    189865.520   66233.234
210  mtZOA+I       32408.901    250 65317.801    190817.801   66189.000
211  mtZOA+G4      30076.317    250 60652.635    186152.635   61523.834
212  mtZOA+I+G4    30076.047    251 60654.094    187158.094   61528.778
213  mtZOA+R2      30367.692    251 61237.384    187741.384   62112.068
214  mtZOA+R3      30123.891    253 60753.782    189277.782   61635.436
215  mtZOA+R4      30043.748    255 60597.497    191157.497   61486.120
216  mtZOA+R5      30004.336    257 60522.672    193134.672   61418.265
217  mtZOA+R6      29990.339    259 60498.679    195178.679   61401.241
218  mtZOA+R7      29986.797    261 60495.594    197259.594   61405.126
222  mtZOA+F       31471.723    268 63479.447    207663.447   64413.372
223  mtZOA+F+I     31431.295    269 63400.590    208660.590   64338.000
224  mtZOA+F+G4    29532.538    269 59603.077    204863.077   60540.487
225  mtZOA+F+I+G4  29530.030    270 59600.060    205940.060   60540.955
226  mtZOA+F+R2    29898.305    270 60336.611    206676.611   61277.506
227  mtZOA+F+R3    29630.904    272 59805.807    208317.807   60753.672
228  mtZOA+F+R4    29538.806    274 59625.612    210325.612   60580.446
229  mtZOA+F+R5    29503.908    276 59559.816    212463.816   60521.620
230  mtZOA+F+R6    29493.765    278 59543.530    214667.530   60512.304
231  mtZOA+F+R7    29491.022    280 59542.044    216902.044   60517.787
235  VT            30716.035    249 61930.071    186430.071   62797.785
236  VT+I          30679.509    250 61859.018    187359.018   62730.217
237  VT+G4         29309.211    250 59118.422    184618.422   59989.621
238  VT+I+G4       29305.699    251 59113.398    185617.398   59988.082
239  VT+R2         29541.982    251 59585.964    186089.964   60460.648
240  VT+R3         29354.286    253 59214.572    187738.572   60096.225
241  VT+R4         29270.270    255 59050.540    189610.540   59939.163
242  VT+R5         29248.164    257 59010.328    191622.328   59905.921
243  VT+R6         29243.283    259 59004.565    193684.565   59907.128
248  VT+F          30871.186    268 62278.371    206462.371   63212.297
249  VT+F+I        30827.365    269 62192.730    207452.730   63130.140
250  VT+F+G4       29421.379    269 59380.758    204640.758   60318.168
251  VT+F+I+G4     29417.569    270 59375.138    205715.138   60316.033
252  VT+F+R2       29682.718    270 59905.435    206245.435   60846.330
253  VT+F+R3       29479.146    272 59502.292    208014.292   60450.157
254  VT+F+R4       29386.414    274 59320.828    210020.828   60275.663
255  VT+F+R5       29366.143    276 59284.287    212188.287   60246.091
256  VT+F+R6       29361.737    278 59279.474    214403.474   60248.247
261  LG            30757.497    249 62012.993    186512.993   62880.707
262  LG+I          30721.970    250 61943.940    187443.940   62815.140
263  LG+G4         29145.851    250 58791.702    184291.702   59662.902
264  LG+I+G4       29142.214    251 58786.427    185290.427   59661.111
265  LG+R2         29424.861    251 59351.722    185855.722   60226.406
266  LG+R3         29209.900    253 58925.800    187449.800   59807.454
267  LG+R4         29123.203    255 58756.405    189316.405   59645.028
268  LG+R5         29100.362    257 58714.724    191326.724   59610.317
269  LG+R6         29093.847    259 58705.694    193385.694   59608.257
270  LG+R7         29087.791    261 58697.581    195461.581   59607.113
271  LG+R8         29076.679    263 58679.357    197543.357   59595.859
272  LG+R9         29063.581    265 58657.163    199637.163   59580.634
273  LG+R10        29060.954    267 58655.908    201767.908   59586.349
274  LG+F          30940.347    268 62416.695    206600.695   63350.620
275  LG+F+I        30895.956    269 62329.913    207589.913   63267.323
276  LG+F+G4       29282.509    269 59103.018    204363.018   60040.429
277  LG+F+I+G4     29277.677    270 59095.354    205435.354   60036.249
278  LG+F+R2       29591.995    270 59723.990    206063.990   60664.885
279  LG+F+R3       29356.541    272 59257.081    207769.081   60204.946
280  LG+F+R4       29264.519    274 59077.037    209777.037   60031.872
281  LG+F+R5       29241.141    276 59034.283    211938.283   59996.087
282  LG+F+R6       29233.297    278 59022.594    214146.594   59991.368
283  LG+F+R7       29228.518    280 59017.036    216377.036   59992.779
287  DCMut         31024.282    249 62546.563    187046.563   63414.278
288  DCMut+I       30999.634    250 62499.268    187999.268   63370.467
289  DCMut+G4      29483.182    250 59466.364    184966.364   60337.563
290  DCMut+I+G4    29483.032    251 59468.063    185972.063   60342.748
291  DCMut+R2      29756.900    251 60015.800    186519.800   60890.484
292  DCMut+R3      29569.484    253 59644.969    188168.969   60526.622
293  DCMut+R4      29457.407    255 59424.814    189984.814   60313.438
294  DCMut+R5      29431.707    257 59377.414    191989.414   60273.007
295  DCMut+R6      29425.708    259 59369.416    194049.416   60271.978
296  DCMut+R7      29422.895    261 59367.790    196131.790   60277.322
300  DCMut+F       31042.457    268 62620.914    206804.914   63554.840
301  DCMut+F+I     31007.687    269 62553.373    207813.373   63490.784
302  DCMut+F+G4    29452.029    269 59442.059    204702.059   60379.469
303  DCMut+F+I+G4  29451.487    270 59442.975    205782.975   60383.870
304  DCMut+F+R2    29744.456    270 60028.912    206368.912   60969.807
305  DCMut+F+R3    29543.856    272 59631.712    208143.712   60579.577
306  DCMut+F+R4    29434.707    274 59417.414    210117.414   60372.248
307  DCMut+F+R5    29405.099    276 59362.199    212266.199   60324.003
308  DCMut+F+R6    29397.039    278 59350.078    214474.078   60318.851
309  DCMut+F+R7    29393.100    280 59346.200    216706.200   60321.943
313  PMB           31015.146    249 62528.293    187028.293   63396.007
314  PMB+I         30978.485    250 62456.969    187956.969   63328.168
315  PMB+G4        29614.125    250 59728.250    185228.250   60599.449
316  PMB+I+G4      29608.803    251 59719.606    186223.606   60594.290
317  PMB+R2        29833.129    251 60168.258    186672.258   61042.942
318  PMB+R3        29662.257    253 59830.514    188354.514   60712.168
319  PMB+R4        29571.199    255 59652.397    190212.397   60541.020
320  PMB+R5        29552.066    257 59618.132    192230.132   60513.725
321  PMB+R6        29547.009    259 59612.018    194292.018   60514.580
326  PMB+F         31248.324    268 63032.648    207216.648   63966.573
327  PMB+F+I       31204.828    269 62947.656    208207.656   63885.067
328  PMB+F+G4      29779.564    269 60097.128    205357.128   61034.538
329  PMB+F+I+G4    29776.029    270 60092.059    206432.059   61032.954
330  PMB+F+R2      30047.673    270 60635.346    206975.346   61576.241
331  PMB+F+R3      29850.635    272 60245.271    208757.271   61193.135
332  PMB+F+R4      29748.032    274 60044.064    210744.064   60998.898
333  PMB+F+R5      29726.707    276 60005.414    212909.414   60967.218
334  PMB+F+R6      29722.896    278 60001.792    215125.792   60970.566
339  HIVb          31550.407    249 63598.815    188098.815   64466.529
340  HIVb+I        31490.831    250 63481.662    188981.662   64352.862
341  HIVb+G4       29478.430    250 59456.861    184956.861   60328.060
342  HIVb+I+G4     29474.820    251 59451.640    185955.640   60326.324
343  HIVb+R2       29820.615    251 60143.231    186647.231   61017.915
344  HIVb+R3       29543.983    253 59593.966    188117.966   60475.619
345  HIVb+R4       29451.169    255 59412.338    189972.338   60300.962
346  HIVb+R5       29420.659    257 59355.318    191967.318   60250.911
347  HIVb+R6       29410.892    259 59339.784    194019.784   60242.346
348  HIVb+R7       29402.953    261 59327.907    196091.907   60237.439
349  HIVb+R8       29391.030    263 59308.059    198172.059   60224.561
350  HIVb+R9       29382.689    265 59295.379    200275.379   60218.850
351  HIVb+R10      29379.400    267 59292.800    202404.800   60223.241
352  HIVb+F        31606.700    268 63749.400    207933.400   64683.326
353  HIVb+F+I      31541.347    269 63620.693    208880.693   64558.103
354  HIVb+F+G4     29451.358    269 59440.715    204700.715   60378.126
355  HIVb+F+I+G4   29446.812    270 59433.625    205773.625   60374.520
356  HIVb+F+R2     29808.704    270 60157.407    206497.407   61098.302
357  HIVb+F+R3     29530.287    272 59604.575    208116.575   60552.440
358  HIVb+F+R4     29428.267    274 59404.534    210104.534   60359.368
359  HIVb+F+R5     29396.691    276 59345.383    212249.383   60307.187
360  HIVb+F+R6     29386.723    278 59329.446    214453.446   60298.220
361  HIVb+F+R7     29377.609    280 59315.218    216675.218   60290.961
362  HIVb+F+R8     29363.649    282 59291.298    218903.298   60274.011
363  HIVb+F+R9     29356.464    284 59280.928    221160.928   60270.610
364  HIVb+F+R10    29356.364    286 59284.728    223448.728   60281.380
365  HIVw          32830.501    249 66159.003    190659.003   67026.717
366  HIVw+I        32764.176    250 66028.353    191528.353   66899.552
367  HIVw+G4       30635.169    250 61770.338    187270.338   62641.537
368  HIVw+I+G4     30628.619    251 61759.238    188263.238   62633.922
369  HIVw+R2       31055.251    251 62612.503    189116.503   63487.187
370  HIVw+R3       30752.437    253 62010.874    190534.874   62892.528
371  HIVw+R4       30620.898    255 61751.796    192311.796   62640.419
372  HIVw+R5       30582.299    257 61678.598    194290.598   62574.191
373  HIVw+R6       30573.533    259 61665.065    196345.065   62567.628
374  HIVw+R7       30567.061    261 61656.121    198420.121   62565.653
375  HIVw+R8       30557.067    263 61640.135    200504.135   62556.636
376  HIVw+R9       30545.498    265 61620.995    202600.995   62544.467
377  HIVw+R10      30545.485    267 61624.970    204736.970   62555.411
378  HIVw+F        32522.626    268 65581.252    209765.252   66515.178
379  HIVw+F+I      32444.116    269 65426.231    210686.231   66363.642
380  HIVw+F+G4     30241.509    269 61021.018    206281.018   61958.428
381  HIVw+F+I+G4   30234.087    270 61008.173    207348.173   61949.068
382  HIVw+F+R2     30656.713    270 61853.426    208193.426   62794.321
383  HIVw+F+R3     30366.585    272 61277.170    209789.170   62225.035
384  HIVw+F+R4     30224.378    274 60996.756    211696.756   61951.591
385  HIVw+F+R5     30196.012    276 60944.024    213848.024   61905.828
386  HIVw+F+R6     30184.893    278 60925.786    216049.786   61894.560
387  HIVw+F+R7     30177.444    280 60914.888    218274.888   61890.631
388  HIVw+F+R8     30164.972    282 60893.944    220505.944   61876.657
389  HIVw+F+R9     30154.373    284 60876.746    222756.746   61866.428
390  HIVw+F+R10    30154.354    286 60880.708    225044.708   61877.360
391  JTTDCMut      30636.514    249 61771.027    186271.027   62638.741
392  JTTDCMut+I    30604.628    250 61709.256    187209.256   62580.455
393  JTTDCMut+G4   29071.274    250 58642.549    184142.549   59513.748
394  JTTDCMut+I+G4 29068.415    251 58638.831    185142.831   59513.515
395  JTTDCMut+R2   29322.557    251 59147.113    185651.113   60021.797
396  JTTDCMut+R3   29130.094    253 58766.188    187290.188   59647.842
397  JTTDCMut+R4   29038.765    255 58587.530    189147.530   59476.153
398  JTTDCMut+R5   29015.364    257 58544.728    191156.728   59440.321
399  JTTDCMut+R6   29009.254    259 58536.509    193216.509   59439.071
400  JTTDCMut+R7   29005.022    261 58532.043    195296.043   59441.575
404  JTTDCMut+F    30718.703    268 61973.407    206157.407   62907.332
405  JTTDCMut+F+I  30675.994    269 61889.988    207149.988   62827.398
406  JTTDCMut+F+G4 29114.435    269 58766.869    204026.869   59704.280
407  JTTDCMut+F+I+G4 29110.502    270 58761.004    205101.004   59701.899
408  JTTDCMut+F+R2 29387.011    270 59314.022    205654.022   60254.917
409  JTTDCMut+F+R3 29179.502    272 58903.004    207415.004   59850.869
410  JTTDCMut+F+R4 29079.823    274 58707.647    209407.647   59662.481
411  JTTDCMut+F+R5 29059.363    276 58670.725    211574.725   59632.529
412  JTTDCMut+F+R6 29053.941    278 58663.881    213787.881   59632.655
417  FLU           31656.461    249 63810.922    188310.922   64678.636
418  FLU+I         31596.109    250 63692.217    189192.217   64563.416
419  FLU+G4        29596.849    250 59693.699    185193.699   60564.898
420  FLU+I+G4      29583.242    251 59668.484    186172.484   60543.168
421  FLU+R2        29948.012    251 60398.023    186902.023   61272.707
422  FLU+R3        29671.129    253 59848.258    188372.258   60729.912
423  FLU+R4        29577.262    255 59664.524    190224.524   60553.148
424  FLU+R5        29539.066    257 59592.131    192204.131   60487.724
425  FLU+R6        29533.353    259 59584.707    194264.707   60487.269
426  FLU+R7        29526.000    261 59574.001    196338.001   60483.533
427  FLU+R8        29513.072    263 59552.143    198416.143   60468.645
428  FLU+R9        29498.529    265 59527.058    200507.058   60450.529
429  FLU+R10       29498.505    267 59531.010    202643.010   60461.451
430  FLU+F         31899.003    268 64334.005    208518.005   65267.931
431  FLU+F+I       31823.693    269 64185.387    209445.387   65122.797
432  FLU+F+G4      29686.347    269 59910.694    205170.694   60848.104
433  FLU+F+I+G4    29677.811    270 59895.623    206235.623   60836.518
434  FLU+F+R2      30067.859    270 60675.719    207015.719   61616.614
435  FLU+F+R3      29783.312    272 60110.624    208622.624   61058.489
436  FLU+F+R4      29671.839    274 59891.678    210591.678   60846.512
437  FLU+F+R5      29637.012    276 59826.025    212730.025   60787.828
438  FLU+F+R6      29629.067    278 59814.134    214938.134   60782.907
439  FLU+F+R7      29621.523    280 59803.046    217163.046   60778.789
440  FLU+F+R8      29610.839    282 59785.678    219397.678   60768.391
441  FLU+F+R9      29596.855    284 59761.711    221641.711   60751.393
442  FLU+F+R10     29596.852    286 59765.704    223929.704   60762.356
443  Blosum62      31024.145    249 62546.291    187046.291   63414.005
444  Blosum62+I    30986.567    250 62473.134    187973.134   63344.334
445  Blosum62+G4   29614.907    250 59729.814    185229.814   60601.013
446  Blosum62+I+G4 29610.655    251 59723.311    186227.311   60597.995
447  Blosum62+R2   29844.488    251 60190.976    186694.976   61065.660
448  Blosum62+R3   29660.442    253 59826.884    188350.884   60708.538
449  Blosum62+R4   29577.826    255 59665.652    190225.652   60554.276
450  Blosum62+R5   29554.954    257 59623.908    192235.908   60519.501
451  Blosum62+R6   29549.622    259 59617.244    194297.244   60519.806
456  Blosum62+F    31304.648    268 63145.297    207329.297   64079.222
457  Blosum62+F+I  31259.079    269 63056.158    208316.158   63993.568
458  Blosum62+F+G4 29823.005    269 60184.010    205444.010   61121.421
459  Blosum62+F+I+G4 29819.090    270 60178.181    206518.181   61119.076
460  Blosum62+F+R2 30104.261    270 60748.521    207088.521   61689.416
461  Blosum62+F+R3 29886.337    272 60316.674    208828.674   61264.539
462  Blosum62+F+R4 29793.255    274 60134.510    210834.510   61089.344
463  Blosum62+F+R5 29770.805    276 60093.610    212997.610   61055.414
464  Blosum62+F+R6 29766.321    278 60088.642    215212.642   61057.416
469  mtMet         32482.613    249 65463.226    189963.226   66330.941
470  mtMet+I       32458.710    250 65417.421    190917.421   66288.620
471  mtMet+G4      30303.141    250 61106.282    186606.282   61977.481
472  mtMet+I+G4    30303.082    251 61108.164    187612.164   61982.848
473  mtMet+R2      30623.246    251 61748.493    188252.493   62623.177
474  mtMet+R3      30355.276    253 61216.553    189740.553   62098.206
475  mtMet+R4      30268.816    255 61047.633    191607.633   61936.256
476  mtMet+R5      30236.214    257 60986.429    193598.429   61882.022
477  mtMet+R6      30232.091    259 60982.182    195662.182   61884.744
482  mtMet+F       31136.828    268 62809.657    206993.657   63743.582
483  mtMet+F+I     31104.221    269 62746.443    208006.443   63683.853
484  mtMet+F+G4    29372.343    269 59282.686    204542.686   60220.097
485  mtMet+F+I+G4  29370.911    270 59281.823    205621.823   60222.718
486  mtMet+F+R2    29675.621    270 59891.242    206231.242   60832.137
487  mtMet+F+R3    29443.156    272 59430.312    207942.312   60378.176
488  mtMet+F+R4    29351.157    274 59250.313    209950.313   60205.148
489  mtMet+F+R5    29324.842    276 59201.683    212105.683   60163.487
490  mtMet+F+R6    29319.563    278 59195.125    214319.125   60163.899
495  mtVer         32826.549    249 66151.098    190651.098   67018.813
496  mtVer+I       32807.307    250 66114.614    191614.614   66985.814
497  mtVer+G4      30457.213    250 61414.425    186914.425   62285.624
498  mtVer+I+G4    30457.238    251 61416.476    187920.476   62291.160
499  mtVer+R2      30808.382    251 62118.765    188622.765   62993.449
500  mtVer+R3      30536.078    253 61578.157    190102.157   62459.811
501  mtVer+R4      30422.319    255 61354.638    191914.638   62243.262
502  mtVer+R5      30390.638    257 61295.276    193907.276   62190.869
503  mtVer+R6      30384.211    259 61286.422    195966.422   62188.984
504  mtVer+R7      30378.333    261 61278.666    198042.666   62188.198
505  mtVer+R8      30369.330    263 61264.660    200128.660   62181.161
506  mtVer+R9      30365.265    265 61260.529    202240.529   62184.001
508  mtVer+F       31540.263    268 63616.526    207800.526   64550.451
509  mtVer+F+I     31509.029    269 63556.058    208816.058   64493.468
510  mtVer+F+G4    29626.001    269 59790.001    205050.001   60727.412
511  mtVer+F+I+G4  29624.692    270 59789.384    206129.384   60730.279
512  mtVer+F+R2    29962.710    270 60465.419    206805.419   61406.314
513  mtVer+F+R3    29725.519    272 59995.038    208507.038   60942.902
514  mtVer+F+R4    29618.791    274 59785.582    210485.582   60740.416
515  mtVer+F+R5    29585.097    276 59722.194    212626.194   60683.998
516  mtVer+F+R6    29577.666    278 59711.331    214835.331   60680.105
517  mtVer+F+R7    29569.471    280 59698.943    217058.943   60674.686
518  mtVer+F+R8    29557.844    282 59679.688    219291.688   60662.401
519  mtVer+F+R9    29554.583    284 59677.166    221557.166   60666.849
521  mtInv         32572.394    249 65642.789    190142.789   66510.503
522  mtInv+I       32546.158    250 65592.317    191092.317   66463.516
523  mtInv+G4      30542.736    250 61585.471    187085.471   62456.671
524  mtInv+I+G4    30541.793    251 61585.587    188089.587   62460.271
525  mtInv+R2      30794.918    251 62091.836    188595.836   62966.520
526  mtInv+R3      30585.950    253 61677.899    190201.899   62559.553
527  mtInv+R4      30500.996    255 61511.993    192071.993   62400.616
528  mtInv+R5      30474.562    257 61463.125    194075.125   62358.718
529  mtInv+R6      30468.420    259 61454.841    196134.841   62357.403
530  mtInv+R7      30457.803    261 61437.605    198201.605   62347.137
531  mtInv+R8      30442.532    263 61411.064    200275.064   62327.565
532  mtInv+R9      30437.271    265 61404.542    202384.542   62328.013
534  mtInv+F       30984.382    268 62504.763    206688.763   63438.689
535  mtInv+F+I     30949.627    269 62437.255    207697.255   63374.665
536  mtInv+F+G4    29314.428    269 59166.857    204426.857   60104.267
537  mtInv+F+I+G4  29312.924    270 59165.848    205505.848   60106.743
538  mtInv+F+R2    29608.305    270 59756.611    206096.611   60697.506
539  mtInv+F+R3    29393.654    272 59331.307    207843.307   60279.172
540  mtInv+F+R4    29291.705    274 59131.409    209831.409   60086.244
541  mtInv+F+R5    29269.627    276 59091.255    211995.255   60053.059
542  mtInv+F+R6    29264.284    278 59084.568    214208.568   60053.342
Akaike Information Criterion:           JTT+R8
Corrected Akaike Information Criterion: JTT+G4
Bayesian Information Criterion:         JTT+R7
Best-fit model: JTT+R7 chosen according to BIC

All model information printed to analyses/MIKC_orthogroup_selection-basal-v8_guide-v4_trees/aligned-mafft-einsi_trim-gt2/MIKC_orthogroup_selection-basal-v8_guide-v4_aligned-mafft-einsi_trim-gt2_iqtree-bb2000-alrt2000.model.gz
CPU time for ModelFinder: 1384.188 seconds (0h:23m:4s)
Wall-clock time for ModelFinder: 487.015 seconds (0h:8m:7s)
Generating 2000 samples for ultrafast bootstrap (seed: 536194)...

NOTE: 38 MB RAM (0 GB) is required!
Measuring multi-threading efficiency up to 4 CPU cores
Increase to 10 rounds for branch lengths
5 trees examined
Threads: 1 / Time: 4.273 sec / Speedup: 1.000 / Efficiency: 100% / LogL: -40706
Threads: 2 / Time: 2.361 sec / Speedup: 1.810 / Efficiency: 90% / LogL: -40706
Threads: 3 / Time: 1.731 sec / Speedup: 2.468 / Efficiency: 82% / LogL: -40706
Threads: 4 / Time: 2.108 sec / Speedup: 2.027 / Efficiency: 51% / LogL: -40706
BEST NUMBER OF THREADS: 3

Estimate model parameters (epsilon = 0.100)
1. Initial log-likelihood: -29004.158
2. Current log-likelihood: -28987.570
3. Current log-likelihood: -28985.140
4. Current log-likelihood: -28984.450
5. Current log-likelihood: -28984.231
Optimal log-likelihood: -28984.118
Site proportion and rates:  (0.106,0.066) (0.108,0.212) (0.119,0.401) (0.083,0.665) (0.173,0.920) (0.236,1.343) (0.174,2.247)
Parameters optimization took 5 rounds (3.453 sec)
Computing ML distances based on estimated model parameters... 5.994 sec
Computing BIONJ tree...
0.007 seconds
Log-likelihood of BIONJ tree: -29051.808
--------------------------------------------------------------------
|             INITIALIZING CANDIDATE TREE SET                      |
--------------------------------------------------------------------
Generating 98 parsimony trees... 3.838 second
Computing log-likelihood of 98 initial trees ... 10.451 seconds
Current best score: -28897.925

Do NNI search on 20 best initial trees
Estimate model parameters (epsilon = 0.100)
BETTER TREE FOUND at iteration 1: -28827.704
Estimate model parameters (epsilon = 0.100)
BETTER TREE FOUND at iteration 4: -28810.025
Iteration 10 / LogL: -28860.877 / Time: 0h:0m:46s
Iteration 20 / LogL: -28828.911 / Time: 0h:1m:0s
Finish initializing candidate tree set (20)
Current best tree score: -28810.025 / CPU time: 44.247
Number of iterations: 20
--------------------------------------------------------------------
|               OPTIMIZING CANDIDATE TREE SET                      |
--------------------------------------------------------------------
Estimate model parameters (epsilon = 0.100)
BETTER TREE FOUND at iteration 29: -28809.957
Iteration 30 / LogL: -28812.308 / Time: 0h:1m:16s (0h:4m:19s left)
Estimate model parameters (epsilon = 0.100)
BETTER TREE FOUND at iteration 33: -28809.757
Estimate model parameters (epsilon = 0.100)
BETTER TREE FOUND at iteration 35: -28808.977
Iteration 40 / LogL: -28810.013 / Time: 0h:1m:32s (0h:3m:44s left)
Estimate model parameters (epsilon = 0.100)
BETTER TREE FOUND at iteration 50: -28808.842
Iteration 50 / LogL: -28808.842 / Time: 0h:1m:48s (0h:3m:40s left)
Log-likelihood cutoff on original alignment: -28881.559
Estimate model parameters (epsilon = 0.100)
BETTER TREE FOUND at iteration 55: -28808.686
Iteration 60 / LogL: -28809.214 / Time: 0h:2m:4s (0h:3m:21s left)
Iteration 70 / LogL: -28809.028 / Time: 0h:2m:19s (0h:2m:52s left)
Iteration 80 / LogL: -28831.465 / Time: 0h:2m:35s (0h:2m:27s left)
Iteration 90 / LogL: -28841.037 / Time: 0h:2m:50s (0h:2m:4s left)
Iteration 100 / LogL: -28809.658 / Time: 0h:3m:5s (0h:1m:42s left)
Log-likelihood cutoff on original alignment: -28881.559
NOTE: Bootstrap correlation coefficient of split occurrence frequencies: 0.998
Iteration 110 / LogL: -28815.368 / Time: 0h:3m:20s (0h:2m:45s left)
Iteration 120 / LogL: -28809.116 / Time: 0h:3m:36s (0h:2m:25s left)
Iteration 130 / LogL: -28808.911 / Time: 0h:3m:51s (0h:2m:5s left)
Estimate model parameters (epsilon = 0.100)
BETTER TREE FOUND at iteration 135: -28808.634
Iteration 140 / LogL: -28808.840 / Time: 0h:4m:6s (0h:2m:48s left)
Iteration 150 / LogL: -28820.901 / Time: 0h:4m:22s (0h:2m:29s left)
Log-likelihood cutoff on original alignment: -28881.559
Iteration 160 / LogL: -28822.227 / Time: 0h:4m:37s (0h:2m:10s left)
Iteration 170 / LogL: -28828.315 / Time: 0h:4m:52s (0h:1m:52s left)
Iteration 180 / LogL: -28816.363 / Time: 0h:5m:7s (0h:1m:34s left)
Iteration 190 / LogL: -28825.970 / Time: 0h:5m:22s (0h:1m:16s left)
Iteration 200 / LogL: -28811.842 / Time: 0h:5m:37s (0h:0m:59s left)
Log-likelihood cutoff on original alignment: -28881.559
NOTE: Bootstrap correlation coefficient of split occurrence frequencies: 0.999
Iteration 210 / LogL: -28809.005 / Time: 0h:5m:52s (0h:2m:32s left)
Iteration 220 / LogL: -28814.904 / Time: 0h:6m:9s (0h:2m:15s left)
Iteration 230 / LogL: -28816.249 / Time: 0h:6m:24s (0h:1m:57s left)
TREE SEARCH COMPLETED AFTER 236 ITERATIONS / Time: 0h:6m:33s

--------------------------------------------------------------------
|                    FINALIZING TREE SEARCH                        |
--------------------------------------------------------------------
Performs final model parameters optimization
Estimate model parameters (epsilon = 0.010)
1. Initial log-likelihood: -28808.634
Optimal log-likelihood: -28808.634
Site proportion and rates:  (0.106,0.064) (0.110,0.216) (0.123,0.396) (0.076,0.670) (0.168,0.917) (0.227,1.302) (0.191,2.209)
Parameters optimization took 1 rounds (0.149 sec)
BEST SCORE FOUND : -28808.634

Testing tree branches by SH-like aLRT with 2000 replicates...
0.578 sec.
Creating bootstrap support values...
Split supports printed to NEXUS file analyses/MIKC_orthogroup_selection-basal-v8_guide-v4_trees/aligned-mafft-einsi_trim-gt2/MIKC_orthogroup_selection-basal-v8_guide-v4_aligned-mafft-einsi_trim-gt2_iqtree-bb2000-alrt2000.splits.nex
Total tree length: 66.624

Total number of iterations: 236
CPU time used for tree search: 1063.014 sec (0h:17m:43s)
Wall-clock time used for tree search: 376.991 sec (0h:6m:16s)
Total CPU time used: 1104.289 sec (0h:18m:24s)
Total wall-clock time used: 394.784 sec (0h:6m:34s)

Computing bootstrap consensus tree...
Reading input file analyses/MIKC_orthogroup_selection-basal-v8_guide-v4_trees/aligned-mafft-einsi_trim-gt2/MIKC_orthogroup_selection-basal-v8_guide-v4_aligned-mafft-einsi_trim-gt2_iqtree-bb2000-alrt2000.splits.nex...
126 taxa and 1036 splits.
Consensus tree written to analyses/MIKC_orthogroup_selection-basal-v8_guide-v4_trees/aligned-mafft-einsi_trim-gt2/MIKC_orthogroup_selection-basal-v8_guide-v4_aligned-mafft-einsi_trim-gt2_iqtree-bb2000-alrt2000.contree
Reading input trees file analyses/MIKC_orthogroup_selection-basal-v8_guide-v4_trees/aligned-mafft-einsi_trim-gt2/MIKC_orthogroup_selection-basal-v8_guide-v4_aligned-mafft-einsi_trim-gt2_iqtree-bb2000-alrt2000.contree
Log-likelihood of consensus tree: -28808.686

Analysis results written to: 
  IQ-TREE report:                analyses/MIKC_orthogroup_selection-basal-v8_guide-v4_trees/aligned-mafft-einsi_trim-gt2/MIKC_orthogroup_selection-basal-v8_guide-v4_aligned-mafft-einsi_trim-gt2_iqtree-bb2000-alrt2000.iqtree
  Maximum-likelihood tree:       analyses/MIKC_orthogroup_selection-basal-v8_guide-v4_trees/aligned-mafft-einsi_trim-gt2/MIKC_orthogroup_selection-basal-v8_guide-v4_aligned-mafft-einsi_trim-gt2_iqtree-bb2000-alrt2000.treefile
  Likelihood distances:          analyses/MIKC_orthogroup_selection-basal-v8_guide-v4_trees/aligned-mafft-einsi_trim-gt2/MIKC_orthogroup_selection-basal-v8_guide-v4_aligned-mafft-einsi_trim-gt2_iqtree-bb2000-alrt2000.mldist

Ultrafast bootstrap approximation results written to:
  Split support values:          analyses/MIKC_orthogroup_selection-basal-v8_guide-v4_trees/aligned-mafft-einsi_trim-gt2/MIKC_orthogroup_selection-basal-v8_guide-v4_aligned-mafft-einsi_trim-gt2_iqtree-bb2000-alrt2000.splits.nex
  Consensus tree:                analyses/MIKC_orthogroup_selection-basal-v8_guide-v4_trees/aligned-mafft-einsi_trim-gt2/MIKC_orthogroup_selection-basal-v8_guide-v4_aligned-mafft-einsi_trim-gt2_iqtree-bb2000-alrt2000.contree
  Screen log file:               analyses/MIKC_orthogroup_selection-basal-v8_guide-v4_trees/aligned-mafft-einsi_trim-gt2/MIKC_orthogroup_selection-basal-v8_guide-v4_aligned-mafft-einsi_trim-gt2_iqtree-bb2000-alrt2000.log

Date and Time: Wed Aug 19 14:56:30 2020
